ARM GAS  C:\Users\rabbit\AppData\Local\Temp\ccxE9FyK.s 			page 1


   1              		.syntax unified
   2              		.cpu cortex-m3
   3              		.fpu softvfp
   4              		.eabi_attribute 20, 1
   5              		.eabi_attribute 21, 1
   6              		.eabi_attribute 23, 3
   7              		.eabi_attribute 24, 1
   8              		.eabi_attribute 25, 1
   9              		.eabi_attribute 26, 1
  10              		.eabi_attribute 30, 4
  11              		.eabi_attribute 34, 1
  12              		.eabi_attribute 18, 4
  13              		.thumb
  14              		.syntax unified
  15              		.file	"LED.c"
  16              		.text
  17              	.Ltext0:
  18              		.cfi_sections	.debug_frame
  19              		.section	.text.LED_Write,"ax",%progbits
  20              		.align	1
  21              		.global	LED_Write
  22              		.thumb
  23              		.thumb_func
  24              		.type	LED_Write, %function
  25              	LED_Write:
  26              	.LFB0:
  27              		.file 1 "Generated_Source\\PSoC5\\LED.c"
   1:Generated_Source\PSoC5/LED.c **** /*******************************************************************************
   2:Generated_Source\PSoC5/LED.c **** * File Name: LED.c  
   3:Generated_Source\PSoC5/LED.c **** * Version 2.20
   4:Generated_Source\PSoC5/LED.c **** *
   5:Generated_Source\PSoC5/LED.c **** * Description:
   6:Generated_Source\PSoC5/LED.c **** *  This file contains API to enable firmware control of a Pins component.
   7:Generated_Source\PSoC5/LED.c **** *
   8:Generated_Source\PSoC5/LED.c **** * Note:
   9:Generated_Source\PSoC5/LED.c **** *
  10:Generated_Source\PSoC5/LED.c **** ********************************************************************************
  11:Generated_Source\PSoC5/LED.c **** * Copyright 2008-2015, Cypress Semiconductor Corporation.  All rights reserved.
  12:Generated_Source\PSoC5/LED.c **** * You may use this file only in accordance with the license, terms, conditions, 
  13:Generated_Source\PSoC5/LED.c **** * disclaimers, and limitations in the end user license agreement accompanying 
  14:Generated_Source\PSoC5/LED.c **** * the software package with which this file was provided.
  15:Generated_Source\PSoC5/LED.c **** *******************************************************************************/
  16:Generated_Source\PSoC5/LED.c **** 
  17:Generated_Source\PSoC5/LED.c **** #include "cytypes.h"
  18:Generated_Source\PSoC5/LED.c **** #include "LED.h"
  19:Generated_Source\PSoC5/LED.c **** 
  20:Generated_Source\PSoC5/LED.c **** /* APIs are not generated for P15[7:6] on PSoC 5 */
  21:Generated_Source\PSoC5/LED.c **** #if !(CY_PSOC5A &&\
  22:Generated_Source\PSoC5/LED.c **** 	 LED__PORT == 15 && ((LED__MASK & 0xC0) != 0))
  23:Generated_Source\PSoC5/LED.c **** 
  24:Generated_Source\PSoC5/LED.c **** 
  25:Generated_Source\PSoC5/LED.c **** /*******************************************************************************
  26:Generated_Source\PSoC5/LED.c **** * Function Name: LED_Write
  27:Generated_Source\PSoC5/LED.c **** ****************************************************************************//**
  28:Generated_Source\PSoC5/LED.c **** *
  29:Generated_Source\PSoC5/LED.c **** * \brief Writes the value to the physical port (data output register), masking
  30:Generated_Source\PSoC5/LED.c **** *  and shifting the bits appropriately. 
ARM GAS  C:\Users\rabbit\AppData\Local\Temp\ccxE9FyK.s 			page 2


  31:Generated_Source\PSoC5/LED.c **** *
  32:Generated_Source\PSoC5/LED.c **** * The data output register controls the signal applied to the physical pin in 
  33:Generated_Source\PSoC5/LED.c **** * conjunction with the drive mode parameter. This function avoids changing 
  34:Generated_Source\PSoC5/LED.c **** * other bits in the port by using the appropriate method (read-modify-write or
  35:Generated_Source\PSoC5/LED.c **** * bit banding).
  36:Generated_Source\PSoC5/LED.c **** *
  37:Generated_Source\PSoC5/LED.c **** * <b>Note</b> This function should not be used on a hardware digital output pin 
  38:Generated_Source\PSoC5/LED.c **** * as it is driven by the hardware signal attached to it.
  39:Generated_Source\PSoC5/LED.c **** *
  40:Generated_Source\PSoC5/LED.c **** * \param value
  41:Generated_Source\PSoC5/LED.c **** *  Value to write to the component instance.
  42:Generated_Source\PSoC5/LED.c **** *
  43:Generated_Source\PSoC5/LED.c **** * \return 
  44:Generated_Source\PSoC5/LED.c **** *  None 
  45:Generated_Source\PSoC5/LED.c **** *
  46:Generated_Source\PSoC5/LED.c **** * \sideeffect
  47:Generated_Source\PSoC5/LED.c **** *  If you use read-modify-write operations that are not atomic; the Interrupt 
  48:Generated_Source\PSoC5/LED.c **** *  Service Routines (ISR) can cause corruption of this function. An ISR that 
  49:Generated_Source\PSoC5/LED.c **** *  interrupts this function and performs writes to the Pins component data 
  50:Generated_Source\PSoC5/LED.c **** *  register can cause corrupted port data. To avoid this issue, you should 
  51:Generated_Source\PSoC5/LED.c **** *  either use the Per-Pin APIs (primary method) or disable interrupts around 
  52:Generated_Source\PSoC5/LED.c **** *  this function.
  53:Generated_Source\PSoC5/LED.c **** *
  54:Generated_Source\PSoC5/LED.c **** * \funcusage
  55:Generated_Source\PSoC5/LED.c **** *  \snippet LED_SUT.c usage_LED_Write
  56:Generated_Source\PSoC5/LED.c **** *******************************************************************************/
  57:Generated_Source\PSoC5/LED.c **** void LED_Write(uint8 value)
  58:Generated_Source\PSoC5/LED.c **** {
  28              		.loc 1 58 0
  29              		.cfi_startproc
  30              		@ args = 0, pretend = 0, frame = 0
  31              		@ frame_needed = 0, uses_anonymous_args = 0
  32              		@ link register save eliminated.
  33              	.LVL0:
  59:Generated_Source\PSoC5/LED.c ****     uint8 staticBits = (LED_DR & (uint8)(~LED_MASK));
  34              		.loc 1 59 0
  35 0000 044A     		ldr	r2, .L2
  60:Generated_Source\PSoC5/LED.c ****     LED_DR = staticBits | ((uint8)(value << LED_SHIFT) & LED_MASK);
  36              		.loc 1 60 0
  37 0002 00F00300 		and	r0, r0, #3
  38              	.LVL1:
  59:Generated_Source\PSoC5/LED.c ****     uint8 staticBits = (LED_DR & (uint8)(~LED_MASK));
  39              		.loc 1 59 0
  40 0006 1378     		ldrb	r3, [r2]	@ zero_extendqisi2
  41              	.LVL2:
  42              		.loc 1 60 0
  43 0008 03F0FC03 		and	r3, r3, #252
  44              	.LVL3:
  45 000c 1843     		orrs	r0, r0, r3
  46 000e 1070     		strb	r0, [r2]
  47 0010 7047     		bx	lr
  48              	.L3:
  49 0012 00BF     		.align	2
  50              	.L2:
  51 0014 00510040 		.word	1073762560
  52              		.cfi_endproc
  53              	.LFE0:
ARM GAS  C:\Users\rabbit\AppData\Local\Temp\ccxE9FyK.s 			page 3


  54              		.size	LED_Write, .-LED_Write
  55              		.section	.text.LED_SetDriveMode,"ax",%progbits
  56              		.align	1
  57              		.global	LED_SetDriveMode
  58              		.thumb
  59              		.thumb_func
  60              		.type	LED_SetDriveMode, %function
  61              	LED_SetDriveMode:
  62              	.LFB1:
  61:Generated_Source\PSoC5/LED.c **** }
  62:Generated_Source\PSoC5/LED.c **** 
  63:Generated_Source\PSoC5/LED.c **** 
  64:Generated_Source\PSoC5/LED.c **** /*******************************************************************************
  65:Generated_Source\PSoC5/LED.c **** * Function Name: LED_SetDriveMode
  66:Generated_Source\PSoC5/LED.c **** ****************************************************************************//**
  67:Generated_Source\PSoC5/LED.c **** *
  68:Generated_Source\PSoC5/LED.c **** * \brief Sets the drive mode for each of the Pins component's pins.
  69:Generated_Source\PSoC5/LED.c **** * 
  70:Generated_Source\PSoC5/LED.c **** * <b>Note</b> This affects all pins in the Pins component instance. Use the
  71:Generated_Source\PSoC5/LED.c **** * Per-Pin APIs if you wish to control individual pin's drive modes.
  72:Generated_Source\PSoC5/LED.c **** *
  73:Generated_Source\PSoC5/LED.c **** * \param mode
  74:Generated_Source\PSoC5/LED.c **** *  Mode for the selected signals. Valid options are documented in 
  75:Generated_Source\PSoC5/LED.c **** *  \ref driveMode.
  76:Generated_Source\PSoC5/LED.c **** *
  77:Generated_Source\PSoC5/LED.c **** * \return
  78:Generated_Source\PSoC5/LED.c **** *  None
  79:Generated_Source\PSoC5/LED.c **** *
  80:Generated_Source\PSoC5/LED.c **** * \sideeffect
  81:Generated_Source\PSoC5/LED.c **** *  If you use read-modify-write operations that are not atomic, the ISR can
  82:Generated_Source\PSoC5/LED.c **** *  cause corruption of this function. An ISR that interrupts this function 
  83:Generated_Source\PSoC5/LED.c **** *  and performs writes to the Pins component Drive Mode registers can cause 
  84:Generated_Source\PSoC5/LED.c **** *  corrupted port data. To avoid this issue, you should either use the Per-Pin
  85:Generated_Source\PSoC5/LED.c **** *  APIs (primary method) or disable interrupts around this function.
  86:Generated_Source\PSoC5/LED.c **** *
  87:Generated_Source\PSoC5/LED.c **** * \funcusage
  88:Generated_Source\PSoC5/LED.c **** *  \snippet LED_SUT.c usage_LED_SetDriveMode
  89:Generated_Source\PSoC5/LED.c **** *******************************************************************************/
  90:Generated_Source\PSoC5/LED.c **** void LED_SetDriveMode(uint8 mode)
  91:Generated_Source\PSoC5/LED.c **** {
  63              		.loc 1 91 0
  64              		.cfi_startproc
  65              		@ args = 0, pretend = 0, frame = 0
  66              		@ frame_needed = 0, uses_anonymous_args = 0
  67              		@ link register save eliminated.
  68              	.LVL4:
  92:Generated_Source\PSoC5/LED.c **** 	CyPins_SetPinDriveMode(LED_0, mode);
  69              		.loc 1 92 0
  70 0000 064A     		ldr	r2, .L5
  71 0002 00F00E00 		and	r0, r0, #14
  72              	.LVL5:
  73 0006 1378     		ldrb	r3, [r2]	@ zero_extendqisi2
  74 0008 03F0F103 		and	r3, r3, #241
  75 000c 0343     		orrs	r3, r3, r0
  76 000e 1370     		strb	r3, [r2]
  93:Generated_Source\PSoC5/LED.c **** 	CyPins_SetPinDriveMode(LED_1, mode);
  77              		.loc 1 93 0
ARM GAS  C:\Users\rabbit\AppData\Local\Temp\ccxE9FyK.s 			page 4


  78 0010 5378     		ldrb	r3, [r2, #1]	@ zero_extendqisi2
  79 0012 03F0F103 		and	r3, r3, #241
  80 0016 1843     		orrs	r0, r0, r3
  81 0018 5070     		strb	r0, [r2, #1]
  82 001a 7047     		bx	lr
  83              	.L6:
  84              		.align	2
  85              	.L5:
  86 001c 00500040 		.word	1073762304
  87              		.cfi_endproc
  88              	.LFE1:
  89              		.size	LED_SetDriveMode, .-LED_SetDriveMode
  90              		.section	.text.LED_Read,"ax",%progbits
  91              		.align	1
  92              		.global	LED_Read
  93              		.thumb
  94              		.thumb_func
  95              		.type	LED_Read, %function
  96              	LED_Read:
  97              	.LFB2:
  94:Generated_Source\PSoC5/LED.c **** }
  95:Generated_Source\PSoC5/LED.c **** 
  96:Generated_Source\PSoC5/LED.c **** 
  97:Generated_Source\PSoC5/LED.c **** /*******************************************************************************
  98:Generated_Source\PSoC5/LED.c **** * Function Name: LED_Read
  99:Generated_Source\PSoC5/LED.c **** ****************************************************************************//**
 100:Generated_Source\PSoC5/LED.c **** *
 101:Generated_Source\PSoC5/LED.c **** * \brief Reads the associated physical port (pin status register) and masks 
 102:Generated_Source\PSoC5/LED.c **** *  the required bits according to the width and bit position of the component
 103:Generated_Source\PSoC5/LED.c **** *  instance. 
 104:Generated_Source\PSoC5/LED.c **** *
 105:Generated_Source\PSoC5/LED.c **** * The pin's status register returns the current logic level present on the 
 106:Generated_Source\PSoC5/LED.c **** * physical pin.
 107:Generated_Source\PSoC5/LED.c **** *
 108:Generated_Source\PSoC5/LED.c **** * \return 
 109:Generated_Source\PSoC5/LED.c **** *  The current value for the pins in the component as a right justified number.
 110:Generated_Source\PSoC5/LED.c **** *
 111:Generated_Source\PSoC5/LED.c **** * \funcusage
 112:Generated_Source\PSoC5/LED.c **** *  \snippet LED_SUT.c usage_LED_Read  
 113:Generated_Source\PSoC5/LED.c **** *******************************************************************************/
 114:Generated_Source\PSoC5/LED.c **** uint8 LED_Read(void)
 115:Generated_Source\PSoC5/LED.c **** {
  98              		.loc 1 115 0
  99              		.cfi_startproc
 100              		@ args = 0, pretend = 0, frame = 0
 101              		@ frame_needed = 0, uses_anonymous_args = 0
 102              		@ link register save eliminated.
 116:Generated_Source\PSoC5/LED.c ****     return (LED_PS & LED_MASK) >> LED_SHIFT;
 103              		.loc 1 116 0
 104 0000 024B     		ldr	r3, .L8
 105 0002 1878     		ldrb	r0, [r3]	@ zero_extendqisi2
 117:Generated_Source\PSoC5/LED.c **** }
 106              		.loc 1 117 0
 107 0004 00F00300 		and	r0, r0, #3
 108 0008 7047     		bx	lr
 109              	.L9:
 110 000a 00BF     		.align	2
ARM GAS  C:\Users\rabbit\AppData\Local\Temp\ccxE9FyK.s 			page 5


 111              	.L8:
 112 000c 01510040 		.word	1073762561
 113              		.cfi_endproc
 114              	.LFE2:
 115              		.size	LED_Read, .-LED_Read
 116              		.section	.text.LED_ReadDataReg,"ax",%progbits
 117              		.align	1
 118              		.global	LED_ReadDataReg
 119              		.thumb
 120              		.thumb_func
 121              		.type	LED_ReadDataReg, %function
 122              	LED_ReadDataReg:
 123              	.LFB3:
 118:Generated_Source\PSoC5/LED.c **** 
 119:Generated_Source\PSoC5/LED.c **** 
 120:Generated_Source\PSoC5/LED.c **** /*******************************************************************************
 121:Generated_Source\PSoC5/LED.c **** * Function Name: LED_ReadDataReg
 122:Generated_Source\PSoC5/LED.c **** ****************************************************************************//**
 123:Generated_Source\PSoC5/LED.c **** *
 124:Generated_Source\PSoC5/LED.c **** * \brief Reads the associated physical port's data output register and masks 
 125:Generated_Source\PSoC5/LED.c **** *  the correct bits according to the width and bit position of the component 
 126:Generated_Source\PSoC5/LED.c **** *  instance. 
 127:Generated_Source\PSoC5/LED.c **** *
 128:Generated_Source\PSoC5/LED.c **** * The data output register controls the signal applied to the physical pin in 
 129:Generated_Source\PSoC5/LED.c **** * conjunction with the drive mode parameter. This is not the same as the 
 130:Generated_Source\PSoC5/LED.c **** * preferred LED_Read() API because the 
 131:Generated_Source\PSoC5/LED.c **** * LED_ReadDataReg() reads the data register instead of the status 
 132:Generated_Source\PSoC5/LED.c **** * register. For output pins this is a useful function to determine the value 
 133:Generated_Source\PSoC5/LED.c **** * just written to the pin.
 134:Generated_Source\PSoC5/LED.c **** *
 135:Generated_Source\PSoC5/LED.c **** * \return 
 136:Generated_Source\PSoC5/LED.c **** *  The current value of the data register masked and shifted into a right 
 137:Generated_Source\PSoC5/LED.c **** *  justified number for the component instance.
 138:Generated_Source\PSoC5/LED.c **** *
 139:Generated_Source\PSoC5/LED.c **** * \funcusage
 140:Generated_Source\PSoC5/LED.c **** *  \snippet LED_SUT.c usage_LED_ReadDataReg 
 141:Generated_Source\PSoC5/LED.c **** *******************************************************************************/
 142:Generated_Source\PSoC5/LED.c **** uint8 LED_ReadDataReg(void)
 143:Generated_Source\PSoC5/LED.c **** {
 124              		.loc 1 143 0
 125              		.cfi_startproc
 126              		@ args = 0, pretend = 0, frame = 0
 127              		@ frame_needed = 0, uses_anonymous_args = 0
 128              		@ link register save eliminated.
 144:Generated_Source\PSoC5/LED.c ****     return (LED_DR & LED_MASK) >> LED_SHIFT;
 129              		.loc 1 144 0
 130 0000 024B     		ldr	r3, .L11
 131 0002 1878     		ldrb	r0, [r3]	@ zero_extendqisi2
 145:Generated_Source\PSoC5/LED.c **** }
 132              		.loc 1 145 0
 133 0004 00F00300 		and	r0, r0, #3
 134 0008 7047     		bx	lr
 135              	.L12:
 136 000a 00BF     		.align	2
 137              	.L11:
 138 000c 00510040 		.word	1073762560
 139              		.cfi_endproc
ARM GAS  C:\Users\rabbit\AppData\Local\Temp\ccxE9FyK.s 			page 6


 140              	.LFE3:
 141              		.size	LED_ReadDataReg, .-LED_ReadDataReg
 142              		.text
 143              	.Letext0:
 144              		.file 2 "Generated_Source\\PSoC5\\cytypes.h"
 145              		.section	.debug_info,"",%progbits
 146              	.Ldebug_info0:
 147 0000 1D010000 		.4byte	0x11d
 148 0004 0400     		.2byte	0x4
 149 0006 00000000 		.4byte	.Ldebug_abbrev0
 150 000a 04       		.byte	0x4
 151 000b 01       		.uleb128 0x1
 152 000c CB000000 		.4byte	.LASF20
 153 0010 0C       		.byte	0xc
 154 0011 11000000 		.4byte	.LASF21
 155 0015 81010000 		.4byte	.LASF22
 156 0019 00000000 		.4byte	.Ldebug_ranges0+0
 157 001d 00000000 		.4byte	0
 158 0021 00000000 		.4byte	.Ldebug_line0
 159 0025 02       		.uleb128 0x2
 160 0026 01       		.byte	0x1
 161 0027 06       		.byte	0x6
 162 0028 DD010000 		.4byte	.LASF0
 163 002c 02       		.uleb128 0x2
 164 002d 01       		.byte	0x1
 165 002e 08       		.byte	0x8
 166 002f 66000000 		.4byte	.LASF1
 167 0033 02       		.uleb128 0x2
 168 0034 02       		.byte	0x2
 169 0035 05       		.byte	0x5
 170 0036 71010000 		.4byte	.LASF2
 171 003a 02       		.uleb128 0x2
 172 003b 02       		.byte	0x2
 173 003c 07       		.byte	0x7
 174 003d 8B000000 		.4byte	.LASF3
 175 0041 02       		.uleb128 0x2
 176 0042 04       		.byte	0x4
 177 0043 05       		.byte	0x5
 178 0044 D4010000 		.4byte	.LASF4
 179 0048 02       		.uleb128 0x2
 180 0049 04       		.byte	0x4
 181 004a 07       		.byte	0x7
 182 004b 79000000 		.4byte	.LASF5
 183 004f 02       		.uleb128 0x2
 184 0050 08       		.byte	0x8
 185 0051 05       		.byte	0x5
 186 0052 5E010000 		.4byte	.LASF6
 187 0056 02       		.uleb128 0x2
 188 0057 08       		.byte	0x8
 189 0058 07       		.byte	0x7
 190 0059 4F000000 		.4byte	.LASF7
 191 005d 03       		.uleb128 0x3
 192 005e 04       		.byte	0x4
 193 005f 05       		.byte	0x5
 194 0060 696E7400 		.ascii	"int\000"
 195 0064 02       		.uleb128 0x2
 196 0065 04       		.byte	0x4
ARM GAS  C:\Users\rabbit\AppData\Local\Temp\ccxE9FyK.s 			page 7


 197 0066 07       		.byte	0x7
 198 0067 BE000000 		.4byte	.LASF8
 199 006b 04       		.uleb128 0x4
 200 006c 7B010000 		.4byte	.LASF12
 201 0070 02       		.byte	0x2
 202 0071 E901     		.2byte	0x1e9
 203 0073 2C000000 		.4byte	0x2c
 204 0077 02       		.uleb128 0x2
 205 0078 04       		.byte	0x4
 206 0079 04       		.byte	0x4
 207 007a 49000000 		.4byte	.LASF9
 208 007e 02       		.uleb128 0x2
 209 007f 08       		.byte	0x8
 210 0080 04       		.byte	0x4
 211 0081 B7000000 		.4byte	.LASF10
 212 0085 02       		.uleb128 0x2
 213 0086 01       		.byte	0x1
 214 0087 08       		.byte	0x8
 215 0088 6C010000 		.4byte	.LASF11
 216 008c 04       		.uleb128 0x4
 217 008d 74000000 		.4byte	.LASF13
 218 0091 02       		.byte	0x2
 219 0092 9302     		.2byte	0x293
 220 0094 98000000 		.4byte	0x98
 221 0098 05       		.uleb128 0x5
 222 0099 6B000000 		.4byte	0x6b
 223 009d 06       		.uleb128 0x6
 224 009e 2E000000 		.4byte	.LASF14
 225 00a2 01       		.byte	0x1
 226 00a3 39       		.byte	0x39
 227 00a4 00000000 		.4byte	.LFB0
 228 00a8 18000000 		.4byte	.LFE0-.LFB0
 229 00ac 01       		.uleb128 0x1
 230 00ad 9C       		.byte	0x9c
 231 00ae D1000000 		.4byte	0xd1
 232 00b2 07       		.uleb128 0x7
 233 00b3 38000000 		.4byte	.LASF16
 234 00b7 01       		.byte	0x1
 235 00b8 39       		.byte	0x39
 236 00b9 6B000000 		.4byte	0x6b
 237 00bd 00000000 		.4byte	.LLST0
 238 00c1 08       		.uleb128 0x8
 239 00c2 3E000000 		.4byte	.LASF23
 240 00c6 01       		.byte	0x1
 241 00c7 3B       		.byte	0x3b
 242 00c8 6B000000 		.4byte	0x6b
 243 00cc 21000000 		.4byte	.LLST1
 244 00d0 00       		.byte	0
 245 00d1 06       		.uleb128 0x6
 246 00d2 00000000 		.4byte	.LASF15
 247 00d6 01       		.byte	0x1
 248 00d7 5A       		.byte	0x5a
 249 00d8 00000000 		.4byte	.LFB1
 250 00dc 20000000 		.4byte	.LFE1-.LFB1
 251 00e0 01       		.uleb128 0x1
 252 00e1 9C       		.byte	0x9c
 253 00e2 F6000000 		.4byte	0xf6
ARM GAS  C:\Users\rabbit\AppData\Local\Temp\ccxE9FyK.s 			page 8


 254 00e6 07       		.uleb128 0x7
 255 00e7 59010000 		.4byte	.LASF17
 256 00eb 01       		.byte	0x1
 257 00ec 5A       		.byte	0x5a
 258 00ed 6B000000 		.4byte	0x6b
 259 00f1 39000000 		.4byte	.LLST2
 260 00f5 00       		.byte	0
 261 00f6 09       		.uleb128 0x9
 262 00f7 9E000000 		.4byte	.LASF18
 263 00fb 01       		.byte	0x1
 264 00fc 72       		.byte	0x72
 265 00fd 6B000000 		.4byte	0x6b
 266 0101 00000000 		.4byte	.LFB2
 267 0105 10000000 		.4byte	.LFE2-.LFB2
 268 0109 01       		.uleb128 0x1
 269 010a 9C       		.byte	0x9c
 270 010b 09       		.uleb128 0x9
 271 010c A7000000 		.4byte	.LASF19
 272 0110 01       		.byte	0x1
 273 0111 8E       		.byte	0x8e
 274 0112 6B000000 		.4byte	0x6b
 275 0116 00000000 		.4byte	.LFB3
 276 011a 10000000 		.4byte	.LFE3-.LFB3
 277 011e 01       		.uleb128 0x1
 278 011f 9C       		.byte	0x9c
 279 0120 00       		.byte	0
 280              		.section	.debug_abbrev,"",%progbits
 281              	.Ldebug_abbrev0:
 282 0000 01       		.uleb128 0x1
 283 0001 11       		.uleb128 0x11
 284 0002 01       		.byte	0x1
 285 0003 25       		.uleb128 0x25
 286 0004 0E       		.uleb128 0xe
 287 0005 13       		.uleb128 0x13
 288 0006 0B       		.uleb128 0xb
 289 0007 03       		.uleb128 0x3
 290 0008 0E       		.uleb128 0xe
 291 0009 1B       		.uleb128 0x1b
 292 000a 0E       		.uleb128 0xe
 293 000b 55       		.uleb128 0x55
 294 000c 17       		.uleb128 0x17
 295 000d 11       		.uleb128 0x11
 296 000e 01       		.uleb128 0x1
 297 000f 10       		.uleb128 0x10
 298 0010 17       		.uleb128 0x17
 299 0011 00       		.byte	0
 300 0012 00       		.byte	0
 301 0013 02       		.uleb128 0x2
 302 0014 24       		.uleb128 0x24
 303 0015 00       		.byte	0
 304 0016 0B       		.uleb128 0xb
 305 0017 0B       		.uleb128 0xb
 306 0018 3E       		.uleb128 0x3e
 307 0019 0B       		.uleb128 0xb
 308 001a 03       		.uleb128 0x3
 309 001b 0E       		.uleb128 0xe
 310 001c 00       		.byte	0
ARM GAS  C:\Users\rabbit\AppData\Local\Temp\ccxE9FyK.s 			page 9


 311 001d 00       		.byte	0
 312 001e 03       		.uleb128 0x3
 313 001f 24       		.uleb128 0x24
 314 0020 00       		.byte	0
 315 0021 0B       		.uleb128 0xb
 316 0022 0B       		.uleb128 0xb
 317 0023 3E       		.uleb128 0x3e
 318 0024 0B       		.uleb128 0xb
 319 0025 03       		.uleb128 0x3
 320 0026 08       		.uleb128 0x8
 321 0027 00       		.byte	0
 322 0028 00       		.byte	0
 323 0029 04       		.uleb128 0x4
 324 002a 16       		.uleb128 0x16
 325 002b 00       		.byte	0
 326 002c 03       		.uleb128 0x3
 327 002d 0E       		.uleb128 0xe
 328 002e 3A       		.uleb128 0x3a
 329 002f 0B       		.uleb128 0xb
 330 0030 3B       		.uleb128 0x3b
 331 0031 05       		.uleb128 0x5
 332 0032 49       		.uleb128 0x49
 333 0033 13       		.uleb128 0x13
 334 0034 00       		.byte	0
 335 0035 00       		.byte	0
 336 0036 05       		.uleb128 0x5
 337 0037 35       		.uleb128 0x35
 338 0038 00       		.byte	0
 339 0039 49       		.uleb128 0x49
 340 003a 13       		.uleb128 0x13
 341 003b 00       		.byte	0
 342 003c 00       		.byte	0
 343 003d 06       		.uleb128 0x6
 344 003e 2E       		.uleb128 0x2e
 345 003f 01       		.byte	0x1
 346 0040 3F       		.uleb128 0x3f
 347 0041 19       		.uleb128 0x19
 348 0042 03       		.uleb128 0x3
 349 0043 0E       		.uleb128 0xe
 350 0044 3A       		.uleb128 0x3a
 351 0045 0B       		.uleb128 0xb
 352 0046 3B       		.uleb128 0x3b
 353 0047 0B       		.uleb128 0xb
 354 0048 27       		.uleb128 0x27
 355 0049 19       		.uleb128 0x19
 356 004a 11       		.uleb128 0x11
 357 004b 01       		.uleb128 0x1
 358 004c 12       		.uleb128 0x12
 359 004d 06       		.uleb128 0x6
 360 004e 40       		.uleb128 0x40
 361 004f 18       		.uleb128 0x18
 362 0050 9742     		.uleb128 0x2117
 363 0052 19       		.uleb128 0x19
 364 0053 01       		.uleb128 0x1
 365 0054 13       		.uleb128 0x13
 366 0055 00       		.byte	0
 367 0056 00       		.byte	0
ARM GAS  C:\Users\rabbit\AppData\Local\Temp\ccxE9FyK.s 			page 10


 368 0057 07       		.uleb128 0x7
 369 0058 05       		.uleb128 0x5
 370 0059 00       		.byte	0
 371 005a 03       		.uleb128 0x3
 372 005b 0E       		.uleb128 0xe
 373 005c 3A       		.uleb128 0x3a
 374 005d 0B       		.uleb128 0xb
 375 005e 3B       		.uleb128 0x3b
 376 005f 0B       		.uleb128 0xb
 377 0060 49       		.uleb128 0x49
 378 0061 13       		.uleb128 0x13
 379 0062 02       		.uleb128 0x2
 380 0063 17       		.uleb128 0x17
 381 0064 00       		.byte	0
 382 0065 00       		.byte	0
 383 0066 08       		.uleb128 0x8
 384 0067 34       		.uleb128 0x34
 385 0068 00       		.byte	0
 386 0069 03       		.uleb128 0x3
 387 006a 0E       		.uleb128 0xe
 388 006b 3A       		.uleb128 0x3a
 389 006c 0B       		.uleb128 0xb
 390 006d 3B       		.uleb128 0x3b
 391 006e 0B       		.uleb128 0xb
 392 006f 49       		.uleb128 0x49
 393 0070 13       		.uleb128 0x13
 394 0071 02       		.uleb128 0x2
 395 0072 17       		.uleb128 0x17
 396 0073 00       		.byte	0
 397 0074 00       		.byte	0
 398 0075 09       		.uleb128 0x9
 399 0076 2E       		.uleb128 0x2e
 400 0077 00       		.byte	0
 401 0078 3F       		.uleb128 0x3f
 402 0079 19       		.uleb128 0x19
 403 007a 03       		.uleb128 0x3
 404 007b 0E       		.uleb128 0xe
 405 007c 3A       		.uleb128 0x3a
 406 007d 0B       		.uleb128 0xb
 407 007e 3B       		.uleb128 0x3b
 408 007f 0B       		.uleb128 0xb
 409 0080 27       		.uleb128 0x27
 410 0081 19       		.uleb128 0x19
 411 0082 49       		.uleb128 0x49
 412 0083 13       		.uleb128 0x13
 413 0084 11       		.uleb128 0x11
 414 0085 01       		.uleb128 0x1
 415 0086 12       		.uleb128 0x12
 416 0087 06       		.uleb128 0x6
 417 0088 40       		.uleb128 0x40
 418 0089 18       		.uleb128 0x18
 419 008a 9742     		.uleb128 0x2117
 420 008c 19       		.uleb128 0x19
 421 008d 00       		.byte	0
 422 008e 00       		.byte	0
 423 008f 00       		.byte	0
 424              		.section	.debug_loc,"",%progbits
ARM GAS  C:\Users\rabbit\AppData\Local\Temp\ccxE9FyK.s 			page 11


 425              	.Ldebug_loc0:
 426              	.LLST0:
 427 0000 00000000 		.4byte	.LVL0
 428 0004 06000000 		.4byte	.LVL1
 429 0008 0100     		.2byte	0x1
 430 000a 50       		.byte	0x50
 431 000b 06000000 		.4byte	.LVL1
 432 000f 18000000 		.4byte	.LFE0
 433 0013 0400     		.2byte	0x4
 434 0015 F3       		.byte	0xf3
 435 0016 01       		.uleb128 0x1
 436 0017 50       		.byte	0x50
 437 0018 9F       		.byte	0x9f
 438 0019 00000000 		.4byte	0
 439 001d 00000000 		.4byte	0
 440              	.LLST1:
 441 0021 08000000 		.4byte	.LVL2
 442 0025 0C000000 		.4byte	.LVL3
 443 0029 0600     		.2byte	0x6
 444 002b 73       		.byte	0x73
 445 002c 00       		.sleb128 0
 446 002d 09       		.byte	0x9
 447 002e FC       		.byte	0xfc
 448 002f 1A       		.byte	0x1a
 449 0030 9F       		.byte	0x9f
 450 0031 00000000 		.4byte	0
 451 0035 00000000 		.4byte	0
 452              	.LLST2:
 453 0039 00000000 		.4byte	.LVL4
 454 003d 06000000 		.4byte	.LVL5
 455 0041 0100     		.2byte	0x1
 456 0043 50       		.byte	0x50
 457 0044 06000000 		.4byte	.LVL5
 458 0048 20000000 		.4byte	.LFE1
 459 004c 0400     		.2byte	0x4
 460 004e F3       		.byte	0xf3
 461 004f 01       		.uleb128 0x1
 462 0050 50       		.byte	0x50
 463 0051 9F       		.byte	0x9f
 464 0052 00000000 		.4byte	0
 465 0056 00000000 		.4byte	0
 466              		.section	.debug_aranges,"",%progbits
 467 0000 34000000 		.4byte	0x34
 468 0004 0200     		.2byte	0x2
 469 0006 00000000 		.4byte	.Ldebug_info0
 470 000a 04       		.byte	0x4
 471 000b 00       		.byte	0
 472 000c 0000     		.2byte	0
 473 000e 0000     		.2byte	0
 474 0010 00000000 		.4byte	.LFB0
 475 0014 18000000 		.4byte	.LFE0-.LFB0
 476 0018 00000000 		.4byte	.LFB1
 477 001c 20000000 		.4byte	.LFE1-.LFB1
 478 0020 00000000 		.4byte	.LFB2
 479 0024 10000000 		.4byte	.LFE2-.LFB2
 480 0028 00000000 		.4byte	.LFB3
 481 002c 10000000 		.4byte	.LFE3-.LFB3
ARM GAS  C:\Users\rabbit\AppData\Local\Temp\ccxE9FyK.s 			page 12


 482 0030 00000000 		.4byte	0
 483 0034 00000000 		.4byte	0
 484              		.section	.debug_ranges,"",%progbits
 485              	.Ldebug_ranges0:
 486 0000 00000000 		.4byte	.LFB0
 487 0004 18000000 		.4byte	.LFE0
 488 0008 00000000 		.4byte	.LFB1
 489 000c 20000000 		.4byte	.LFE1
 490 0010 00000000 		.4byte	.LFB2
 491 0014 10000000 		.4byte	.LFE2
 492 0018 00000000 		.4byte	.LFB3
 493 001c 10000000 		.4byte	.LFE3
 494 0020 00000000 		.4byte	0
 495 0024 00000000 		.4byte	0
 496              		.section	.debug_line,"",%progbits
 497              	.Ldebug_line0:
 498 0000 8F000000 		.section	.debug_str,"MS",%progbits,1
 498      02004000 
 498      00000201 
 498      FB0E0D00 
 498      01010101 
 499              	.LASF15:
 500 0000 4C45445F 		.ascii	"LED_SetDriveMode\000"
 500      53657444 
 500      72697665 
 500      4D6F6465 
 500      00
 501              	.LASF21:
 502 0011 47656E65 		.ascii	"Generated_Source\\PSoC5\\LED.c\000"
 502      72617465 
 502      645F536F 
 502      75726365 
 502      5C50536F 
 503              	.LASF14:
 504 002e 4C45445F 		.ascii	"LED_Write\000"
 504      57726974 
 504      6500
 505              	.LASF16:
 506 0038 76616C75 		.ascii	"value\000"
 506      6500
 507              	.LASF23:
 508 003e 73746174 		.ascii	"staticBits\000"
 508      69634269 
 508      747300
 509              	.LASF9:
 510 0049 666C6F61 		.ascii	"float\000"
 510      7400
 511              	.LASF7:
 512 004f 6C6F6E67 		.ascii	"long long unsigned int\000"
 512      206C6F6E 
 512      6720756E 
 512      7369676E 
 512      65642069 
 513              	.LASF1:
 514 0066 756E7369 		.ascii	"unsigned char\000"
 514      676E6564 
 514      20636861 
ARM GAS  C:\Users\rabbit\AppData\Local\Temp\ccxE9FyK.s 			page 13


 514      7200
 515              	.LASF13:
 516 0074 72656738 		.ascii	"reg8\000"
 516      00
 517              	.LASF5:
 518 0079 6C6F6E67 		.ascii	"long unsigned int\000"
 518      20756E73 
 518      69676E65 
 518      6420696E 
 518      7400
 519              	.LASF3:
 520 008b 73686F72 		.ascii	"short unsigned int\000"
 520      7420756E 
 520      7369676E 
 520      65642069 
 520      6E7400
 521              	.LASF18:
 522 009e 4C45445F 		.ascii	"LED_Read\000"
 522      52656164 
 522      00
 523              	.LASF19:
 524 00a7 4C45445F 		.ascii	"LED_ReadDataReg\000"
 524      52656164 
 524      44617461 
 524      52656700 
 525              	.LASF10:
 526 00b7 646F7562 		.ascii	"double\000"
 526      6C6500
 527              	.LASF8:
 528 00be 756E7369 		.ascii	"unsigned int\000"
 528      676E6564 
 528      20696E74 
 528      00
 529              	.LASF20:
 530 00cb 474E5520 		.ascii	"GNU C11 5.4.1 20160609 (release) [ARM/embedded-5-br"
 530      43313120 
 530      352E342E 
 530      31203230 
 530      31363036 
 531 00fe 616E6368 		.ascii	"anch revision 237715] -mcpu=cortex-m3 -mthumb -g -O"
 531      20726576 
 531      6973696F 
 531      6E203233 
 531      37373135 
 532 0131 73202D66 		.ascii	"s -ffunction-sections -ffat-lto-objects\000"
 532      66756E63 
 532      74696F6E 
 532      2D736563 
 532      74696F6E 
 533              	.LASF17:
 534 0159 6D6F6465 		.ascii	"mode\000"
 534      00
 535              	.LASF6:
 536 015e 6C6F6E67 		.ascii	"long long int\000"
 536      206C6F6E 
 536      6720696E 
 536      7400
ARM GAS  C:\Users\rabbit\AppData\Local\Temp\ccxE9FyK.s 			page 14


 537              	.LASF11:
 538 016c 63686172 		.ascii	"char\000"
 538      00
 539              	.LASF2:
 540 0171 73686F72 		.ascii	"short int\000"
 540      7420696E 
 540      7400
 541              	.LASF12:
 542 017b 75696E74 		.ascii	"uint8\000"
 542      3800
 543              	.LASF22:
 544 0181 433A5C55 		.ascii	"C:\\Users\\rabbit\\Documents\\v5.0c\\SCSI2SD\\softw"
 544      73657273 
 544      5C726162 
 544      6269745C 
 544      446F6375 
 545 01ae 6172655C 		.ascii	"are\\SCSI2SD\\v5.0\\USB_Bootloader.cydsn\000"
 545      53435349 
 545      3253445C 
 545      76352E30 
 545      5C555342 
 546              	.LASF4:
 547 01d4 6C6F6E67 		.ascii	"long int\000"
 547      20696E74 
 547      00
 548              	.LASF0:
 549 01dd 7369676E 		.ascii	"signed char\000"
 549      65642063 
 549      68617200 
 550              		.ident	"GCC: (GNU Tools for ARM Embedded Processors) 5.4.1 20160609 (release) [ARM/embedded-5-bran
