ARM GAS  C:\Users\rabbit\AppData\Local\Temp\ccbFaJW4.s 			page 1


   1              		.syntax unified
   2              		.cpu cortex-m3
   3              		.fpu softvfp
   4              		.eabi_attribute 20, 1
   5              		.eabi_attribute 21, 1
   6              		.eabi_attribute 23, 3
   7              		.eabi_attribute 24, 1
   8              		.eabi_attribute 25, 1
   9              		.eabi_attribute 26, 1
  10              		.eabi_attribute 30, 4
  11              		.eabi_attribute 34, 1
  12              		.eabi_attribute 18, 4
  13              		.thumb
  14              		.syntax unified
  15              		.file	"SPI_PULLUP_1.c"
  16              		.text
  17              	.Ltext0:
  18              		.cfi_sections	.debug_frame
  19              		.section	.text.SPI_PULLUP_1_Write,"ax",%progbits
  20              		.align	1
  21              		.global	SPI_PULLUP_1_Write
  22              		.thumb
  23              		.thumb_func
  24              		.type	SPI_PULLUP_1_Write, %function
  25              	SPI_PULLUP_1_Write:
  26              	.LFB0:
  27              		.file 1 "Generated_Source\\PSoC5\\SPI_PULLUP_1.c"
   1:Generated_Source\PSoC5/SPI_PULLUP_1.c **** /*******************************************************************************
   2:Generated_Source\PSoC5/SPI_PULLUP_1.c **** * File Name: SPI_PULLUP_1.c  
   3:Generated_Source\PSoC5/SPI_PULLUP_1.c **** * Version 2.20
   4:Generated_Source\PSoC5/SPI_PULLUP_1.c **** *
   5:Generated_Source\PSoC5/SPI_PULLUP_1.c **** * Description:
   6:Generated_Source\PSoC5/SPI_PULLUP_1.c **** *  This file contains API to enable firmware control of a Pins component.
   7:Generated_Source\PSoC5/SPI_PULLUP_1.c **** *
   8:Generated_Source\PSoC5/SPI_PULLUP_1.c **** * Note:
   9:Generated_Source\PSoC5/SPI_PULLUP_1.c **** *
  10:Generated_Source\PSoC5/SPI_PULLUP_1.c **** ********************************************************************************
  11:Generated_Source\PSoC5/SPI_PULLUP_1.c **** * Copyright 2008-2015, Cypress Semiconductor Corporation.  All rights reserved.
  12:Generated_Source\PSoC5/SPI_PULLUP_1.c **** * You may use this file only in accordance with the license, terms, conditions, 
  13:Generated_Source\PSoC5/SPI_PULLUP_1.c **** * disclaimers, and limitations in the end user license agreement accompanying 
  14:Generated_Source\PSoC5/SPI_PULLUP_1.c **** * the software package with which this file was provided.
  15:Generated_Source\PSoC5/SPI_PULLUP_1.c **** *******************************************************************************/
  16:Generated_Source\PSoC5/SPI_PULLUP_1.c **** 
  17:Generated_Source\PSoC5/SPI_PULLUP_1.c **** #include "cytypes.h"
  18:Generated_Source\PSoC5/SPI_PULLUP_1.c **** #include "SPI_PULLUP_1.h"
  19:Generated_Source\PSoC5/SPI_PULLUP_1.c **** 
  20:Generated_Source\PSoC5/SPI_PULLUP_1.c **** /* APIs are not generated for P15[7:6] on PSoC 5 */
  21:Generated_Source\PSoC5/SPI_PULLUP_1.c **** #if !(CY_PSOC5A &&\
  22:Generated_Source\PSoC5/SPI_PULLUP_1.c **** 	 SPI_PULLUP_1__PORT == 15 && ((SPI_PULLUP_1__MASK & 0xC0) != 0))
  23:Generated_Source\PSoC5/SPI_PULLUP_1.c **** 
  24:Generated_Source\PSoC5/SPI_PULLUP_1.c **** 
  25:Generated_Source\PSoC5/SPI_PULLUP_1.c **** /*******************************************************************************
  26:Generated_Source\PSoC5/SPI_PULLUP_1.c **** * Function Name: SPI_PULLUP_1_Write
  27:Generated_Source\PSoC5/SPI_PULLUP_1.c **** ****************************************************************************//**
  28:Generated_Source\PSoC5/SPI_PULLUP_1.c **** *
  29:Generated_Source\PSoC5/SPI_PULLUP_1.c **** * \brief Writes the value to the physical port (data output register), masking
  30:Generated_Source\PSoC5/SPI_PULLUP_1.c **** *  and shifting the bits appropriately. 
ARM GAS  C:\Users\rabbit\AppData\Local\Temp\ccbFaJW4.s 			page 2


  31:Generated_Source\PSoC5/SPI_PULLUP_1.c **** *
  32:Generated_Source\PSoC5/SPI_PULLUP_1.c **** * The data output register controls the signal applied to the physical pin in 
  33:Generated_Source\PSoC5/SPI_PULLUP_1.c **** * conjunction with the drive mode parameter. This function avoids changing 
  34:Generated_Source\PSoC5/SPI_PULLUP_1.c **** * other bits in the port by using the appropriate method (read-modify-write or
  35:Generated_Source\PSoC5/SPI_PULLUP_1.c **** * bit banding).
  36:Generated_Source\PSoC5/SPI_PULLUP_1.c **** *
  37:Generated_Source\PSoC5/SPI_PULLUP_1.c **** * <b>Note</b> This function should not be used on a hardware digital output pin 
  38:Generated_Source\PSoC5/SPI_PULLUP_1.c **** * as it is driven by the hardware signal attached to it.
  39:Generated_Source\PSoC5/SPI_PULLUP_1.c **** *
  40:Generated_Source\PSoC5/SPI_PULLUP_1.c **** * \param value
  41:Generated_Source\PSoC5/SPI_PULLUP_1.c **** *  Value to write to the component instance.
  42:Generated_Source\PSoC5/SPI_PULLUP_1.c **** *
  43:Generated_Source\PSoC5/SPI_PULLUP_1.c **** * \return 
  44:Generated_Source\PSoC5/SPI_PULLUP_1.c **** *  None 
  45:Generated_Source\PSoC5/SPI_PULLUP_1.c **** *
  46:Generated_Source\PSoC5/SPI_PULLUP_1.c **** * \sideeffect
  47:Generated_Source\PSoC5/SPI_PULLUP_1.c **** *  If you use read-modify-write operations that are not atomic; the Interrupt 
  48:Generated_Source\PSoC5/SPI_PULLUP_1.c **** *  Service Routines (ISR) can cause corruption of this function. An ISR that 
  49:Generated_Source\PSoC5/SPI_PULLUP_1.c **** *  interrupts this function and performs writes to the Pins component data 
  50:Generated_Source\PSoC5/SPI_PULLUP_1.c **** *  register can cause corrupted port data. To avoid this issue, you should 
  51:Generated_Source\PSoC5/SPI_PULLUP_1.c **** *  either use the Per-Pin APIs (primary method) or disable interrupts around 
  52:Generated_Source\PSoC5/SPI_PULLUP_1.c **** *  this function.
  53:Generated_Source\PSoC5/SPI_PULLUP_1.c **** *
  54:Generated_Source\PSoC5/SPI_PULLUP_1.c **** * \funcusage
  55:Generated_Source\PSoC5/SPI_PULLUP_1.c **** *  \snippet SPI_PULLUP_1_SUT.c usage_SPI_PULLUP_1_Write
  56:Generated_Source\PSoC5/SPI_PULLUP_1.c **** *******************************************************************************/
  57:Generated_Source\PSoC5/SPI_PULLUP_1.c **** void SPI_PULLUP_1_Write(uint8 value)
  58:Generated_Source\PSoC5/SPI_PULLUP_1.c **** {
  28              		.loc 1 58 0
  29              		.cfi_startproc
  30              		@ args = 0, pretend = 0, frame = 0
  31              		@ frame_needed = 0, uses_anonymous_args = 0
  32              		@ link register save eliminated.
  33              	.LVL0:
  59:Generated_Source\PSoC5/SPI_PULLUP_1.c ****     uint8 staticBits = (SPI_PULLUP_1_DR & (uint8)(~SPI_PULLUP_1_MASK));
  34              		.loc 1 59 0
  35 0000 044A     		ldr	r2, .L2
  36 0002 1378     		ldrb	r3, [r2]	@ zero_extendqisi2
  37              	.LVL1:
  60:Generated_Source\PSoC5/SPI_PULLUP_1.c ****     SPI_PULLUP_1_DR = staticBits | ((uint8)(value << SPI_PULLUP_1_SHIFT) & SPI_PULLUP_1_MASK);
  38              		.loc 1 60 0
  39 0004 03F03F03 		and	r3, r3, #63
  40              	.LVL2:
  41 0008 43EA8010 		orr	r0, r3, r0, lsl #6
  42              	.LVL3:
  43 000c C0B2     		uxtb	r0, r0
  44 000e 1070     		strb	r0, [r2]
  45 0010 7047     		bx	lr
  46              	.L3:
  47 0012 00BF     		.align	2
  48              	.L2:
  49 0014 30510040 		.word	1073762608
  50              		.cfi_endproc
  51              	.LFE0:
  52              		.size	SPI_PULLUP_1_Write, .-SPI_PULLUP_1_Write
  53              		.section	.text.SPI_PULLUP_1_SetDriveMode,"ax",%progbits
  54              		.align	1
ARM GAS  C:\Users\rabbit\AppData\Local\Temp\ccbFaJW4.s 			page 3


  55              		.global	SPI_PULLUP_1_SetDriveMode
  56              		.thumb
  57              		.thumb_func
  58              		.type	SPI_PULLUP_1_SetDriveMode, %function
  59              	SPI_PULLUP_1_SetDriveMode:
  60              	.LFB1:
  61:Generated_Source\PSoC5/SPI_PULLUP_1.c **** }
  62:Generated_Source\PSoC5/SPI_PULLUP_1.c **** 
  63:Generated_Source\PSoC5/SPI_PULLUP_1.c **** 
  64:Generated_Source\PSoC5/SPI_PULLUP_1.c **** /*******************************************************************************
  65:Generated_Source\PSoC5/SPI_PULLUP_1.c **** * Function Name: SPI_PULLUP_1_SetDriveMode
  66:Generated_Source\PSoC5/SPI_PULLUP_1.c **** ****************************************************************************//**
  67:Generated_Source\PSoC5/SPI_PULLUP_1.c **** *
  68:Generated_Source\PSoC5/SPI_PULLUP_1.c **** * \brief Sets the drive mode for each of the Pins component's pins.
  69:Generated_Source\PSoC5/SPI_PULLUP_1.c **** * 
  70:Generated_Source\PSoC5/SPI_PULLUP_1.c **** * <b>Note</b> This affects all pins in the Pins component instance. Use the
  71:Generated_Source\PSoC5/SPI_PULLUP_1.c **** * Per-Pin APIs if you wish to control individual pin's drive modes.
  72:Generated_Source\PSoC5/SPI_PULLUP_1.c **** *
  73:Generated_Source\PSoC5/SPI_PULLUP_1.c **** * \param mode
  74:Generated_Source\PSoC5/SPI_PULLUP_1.c **** *  Mode for the selected signals. Valid options are documented in 
  75:Generated_Source\PSoC5/SPI_PULLUP_1.c **** *  \ref driveMode.
  76:Generated_Source\PSoC5/SPI_PULLUP_1.c **** *
  77:Generated_Source\PSoC5/SPI_PULLUP_1.c **** * \return
  78:Generated_Source\PSoC5/SPI_PULLUP_1.c **** *  None
  79:Generated_Source\PSoC5/SPI_PULLUP_1.c **** *
  80:Generated_Source\PSoC5/SPI_PULLUP_1.c **** * \sideeffect
  81:Generated_Source\PSoC5/SPI_PULLUP_1.c **** *  If you use read-modify-write operations that are not atomic, the ISR can
  82:Generated_Source\PSoC5/SPI_PULLUP_1.c **** *  cause corruption of this function. An ISR that interrupts this function 
  83:Generated_Source\PSoC5/SPI_PULLUP_1.c **** *  and performs writes to the Pins component Drive Mode registers can cause 
  84:Generated_Source\PSoC5/SPI_PULLUP_1.c **** *  corrupted port data. To avoid this issue, you should either use the Per-Pin
  85:Generated_Source\PSoC5/SPI_PULLUP_1.c **** *  APIs (primary method) or disable interrupts around this function.
  86:Generated_Source\PSoC5/SPI_PULLUP_1.c **** *
  87:Generated_Source\PSoC5/SPI_PULLUP_1.c **** * \funcusage
  88:Generated_Source\PSoC5/SPI_PULLUP_1.c **** *  \snippet SPI_PULLUP_1_SUT.c usage_SPI_PULLUP_1_SetDriveMode
  89:Generated_Source\PSoC5/SPI_PULLUP_1.c **** *******************************************************************************/
  90:Generated_Source\PSoC5/SPI_PULLUP_1.c **** void SPI_PULLUP_1_SetDriveMode(uint8 mode)
  91:Generated_Source\PSoC5/SPI_PULLUP_1.c **** {
  61              		.loc 1 91 0
  62              		.cfi_startproc
  63              		@ args = 0, pretend = 0, frame = 0
  64              		@ frame_needed = 0, uses_anonymous_args = 0
  65              		@ link register save eliminated.
  66              	.LVL4:
  92:Generated_Source\PSoC5/SPI_PULLUP_1.c **** 	CyPins_SetPinDriveMode(SPI_PULLUP_1_0, mode);
  67              		.loc 1 92 0
  68 0000 064A     		ldr	r2, .L5
  69 0002 00F00E00 		and	r0, r0, #14
  70              	.LVL5:
  71 0006 1378     		ldrb	r3, [r2]	@ zero_extendqisi2
  72 0008 03F0F103 		and	r3, r3, #241
  73 000c 0343     		orrs	r3, r3, r0
  74 000e 1370     		strb	r3, [r2]
  93:Generated_Source\PSoC5/SPI_PULLUP_1.c **** 	CyPins_SetPinDriveMode(SPI_PULLUP_1_1, mode);
  75              		.loc 1 93 0
  76 0010 5378     		ldrb	r3, [r2, #1]	@ zero_extendqisi2
  77 0012 03F0F103 		and	r3, r3, #241
  78 0016 1843     		orrs	r0, r0, r3
ARM GAS  C:\Users\rabbit\AppData\Local\Temp\ccbFaJW4.s 			page 4


  79 0018 5070     		strb	r0, [r2, #1]
  80 001a 7047     		bx	lr
  81              	.L6:
  82              		.align	2
  83              	.L5:
  84 001c 1E500040 		.word	1073762334
  85              		.cfi_endproc
  86              	.LFE1:
  87              		.size	SPI_PULLUP_1_SetDriveMode, .-SPI_PULLUP_1_SetDriveMode
  88              		.section	.text.SPI_PULLUP_1_Read,"ax",%progbits
  89              		.align	1
  90              		.global	SPI_PULLUP_1_Read
  91              		.thumb
  92              		.thumb_func
  93              		.type	SPI_PULLUP_1_Read, %function
  94              	SPI_PULLUP_1_Read:
  95              	.LFB2:
  94:Generated_Source\PSoC5/SPI_PULLUP_1.c **** }
  95:Generated_Source\PSoC5/SPI_PULLUP_1.c **** 
  96:Generated_Source\PSoC5/SPI_PULLUP_1.c **** 
  97:Generated_Source\PSoC5/SPI_PULLUP_1.c **** /*******************************************************************************
  98:Generated_Source\PSoC5/SPI_PULLUP_1.c **** * Function Name: SPI_PULLUP_1_Read
  99:Generated_Source\PSoC5/SPI_PULLUP_1.c **** ****************************************************************************//**
 100:Generated_Source\PSoC5/SPI_PULLUP_1.c **** *
 101:Generated_Source\PSoC5/SPI_PULLUP_1.c **** * \brief Reads the associated physical port (pin status register) and masks 
 102:Generated_Source\PSoC5/SPI_PULLUP_1.c **** *  the required bits according to the width and bit position of the component
 103:Generated_Source\PSoC5/SPI_PULLUP_1.c **** *  instance. 
 104:Generated_Source\PSoC5/SPI_PULLUP_1.c **** *
 105:Generated_Source\PSoC5/SPI_PULLUP_1.c **** * The pin's status register returns the current logic level present on the 
 106:Generated_Source\PSoC5/SPI_PULLUP_1.c **** * physical pin.
 107:Generated_Source\PSoC5/SPI_PULLUP_1.c **** *
 108:Generated_Source\PSoC5/SPI_PULLUP_1.c **** * \return 
 109:Generated_Source\PSoC5/SPI_PULLUP_1.c **** *  The current value for the pins in the component as a right justified number.
 110:Generated_Source\PSoC5/SPI_PULLUP_1.c **** *
 111:Generated_Source\PSoC5/SPI_PULLUP_1.c **** * \funcusage
 112:Generated_Source\PSoC5/SPI_PULLUP_1.c **** *  \snippet SPI_PULLUP_1_SUT.c usage_SPI_PULLUP_1_Read  
 113:Generated_Source\PSoC5/SPI_PULLUP_1.c **** *******************************************************************************/
 114:Generated_Source\PSoC5/SPI_PULLUP_1.c **** uint8 SPI_PULLUP_1_Read(void)
 115:Generated_Source\PSoC5/SPI_PULLUP_1.c **** {
  96              		.loc 1 115 0
  97              		.cfi_startproc
  98              		@ args = 0, pretend = 0, frame = 0
  99              		@ frame_needed = 0, uses_anonymous_args = 0
 100              		@ link register save eliminated.
 116:Generated_Source\PSoC5/SPI_PULLUP_1.c ****     return (SPI_PULLUP_1_PS & SPI_PULLUP_1_MASK) >> SPI_PULLUP_1_SHIFT;
 101              		.loc 1 116 0
 102 0000 014B     		ldr	r3, .L8
 103 0002 1878     		ldrb	r0, [r3]	@ zero_extendqisi2
 117:Generated_Source\PSoC5/SPI_PULLUP_1.c **** }
 104              		.loc 1 117 0
 105 0004 8009     		lsrs	r0, r0, #6
 106 0006 7047     		bx	lr
 107              	.L9:
 108              		.align	2
 109              	.L8:
 110 0008 31510040 		.word	1073762609
 111              		.cfi_endproc
ARM GAS  C:\Users\rabbit\AppData\Local\Temp\ccbFaJW4.s 			page 5


 112              	.LFE2:
 113              		.size	SPI_PULLUP_1_Read, .-SPI_PULLUP_1_Read
 114              		.section	.text.SPI_PULLUP_1_ReadDataReg,"ax",%progbits
 115              		.align	1
 116              		.global	SPI_PULLUP_1_ReadDataReg
 117              		.thumb
 118              		.thumb_func
 119              		.type	SPI_PULLUP_1_ReadDataReg, %function
 120              	SPI_PULLUP_1_ReadDataReg:
 121              	.LFB3:
 118:Generated_Source\PSoC5/SPI_PULLUP_1.c **** 
 119:Generated_Source\PSoC5/SPI_PULLUP_1.c **** 
 120:Generated_Source\PSoC5/SPI_PULLUP_1.c **** /*******************************************************************************
 121:Generated_Source\PSoC5/SPI_PULLUP_1.c **** * Function Name: SPI_PULLUP_1_ReadDataReg
 122:Generated_Source\PSoC5/SPI_PULLUP_1.c **** ****************************************************************************//**
 123:Generated_Source\PSoC5/SPI_PULLUP_1.c **** *
 124:Generated_Source\PSoC5/SPI_PULLUP_1.c **** * \brief Reads the associated physical port's data output register and masks 
 125:Generated_Source\PSoC5/SPI_PULLUP_1.c **** *  the correct bits according to the width and bit position of the component 
 126:Generated_Source\PSoC5/SPI_PULLUP_1.c **** *  instance. 
 127:Generated_Source\PSoC5/SPI_PULLUP_1.c **** *
 128:Generated_Source\PSoC5/SPI_PULLUP_1.c **** * The data output register controls the signal applied to the physical pin in 
 129:Generated_Source\PSoC5/SPI_PULLUP_1.c **** * conjunction with the drive mode parameter. This is not the same as the 
 130:Generated_Source\PSoC5/SPI_PULLUP_1.c **** * preferred SPI_PULLUP_1_Read() API because the 
 131:Generated_Source\PSoC5/SPI_PULLUP_1.c **** * SPI_PULLUP_1_ReadDataReg() reads the data register instead of the status 
 132:Generated_Source\PSoC5/SPI_PULLUP_1.c **** * register. For output pins this is a useful function to determine the value 
 133:Generated_Source\PSoC5/SPI_PULLUP_1.c **** * just written to the pin.
 134:Generated_Source\PSoC5/SPI_PULLUP_1.c **** *
 135:Generated_Source\PSoC5/SPI_PULLUP_1.c **** * \return 
 136:Generated_Source\PSoC5/SPI_PULLUP_1.c **** *  The current value of the data register masked and shifted into a right 
 137:Generated_Source\PSoC5/SPI_PULLUP_1.c **** *  justified number for the component instance.
 138:Generated_Source\PSoC5/SPI_PULLUP_1.c **** *
 139:Generated_Source\PSoC5/SPI_PULLUP_1.c **** * \funcusage
 140:Generated_Source\PSoC5/SPI_PULLUP_1.c **** *  \snippet SPI_PULLUP_1_SUT.c usage_SPI_PULLUP_1_ReadDataReg 
 141:Generated_Source\PSoC5/SPI_PULLUP_1.c **** *******************************************************************************/
 142:Generated_Source\PSoC5/SPI_PULLUP_1.c **** uint8 SPI_PULLUP_1_ReadDataReg(void)
 143:Generated_Source\PSoC5/SPI_PULLUP_1.c **** {
 122              		.loc 1 143 0
 123              		.cfi_startproc
 124              		@ args = 0, pretend = 0, frame = 0
 125              		@ frame_needed = 0, uses_anonymous_args = 0
 126              		@ link register save eliminated.
 144:Generated_Source\PSoC5/SPI_PULLUP_1.c ****     return (SPI_PULLUP_1_DR & SPI_PULLUP_1_MASK) >> SPI_PULLUP_1_SHIFT;
 127              		.loc 1 144 0
 128 0000 014B     		ldr	r3, .L11
 129 0002 1878     		ldrb	r0, [r3]	@ zero_extendqisi2
 145:Generated_Source\PSoC5/SPI_PULLUP_1.c **** }
 130              		.loc 1 145 0
 131 0004 8009     		lsrs	r0, r0, #6
 132 0006 7047     		bx	lr
 133              	.L12:
 134              		.align	2
 135              	.L11:
 136 0008 30510040 		.word	1073762608
 137              		.cfi_endproc
 138              	.LFE3:
 139              		.size	SPI_PULLUP_1_ReadDataReg, .-SPI_PULLUP_1_ReadDataReg
 140              		.text
ARM GAS  C:\Users\rabbit\AppData\Local\Temp\ccbFaJW4.s 			page 6


 141              	.Letext0:
 142              		.file 2 "Generated_Source\\PSoC5\\cytypes.h"
 143              		.section	.debug_info,"",%progbits
 144              	.Ldebug_info0:
 145 0000 1D010000 		.4byte	0x11d
 146 0004 0400     		.2byte	0x4
 147 0006 00000000 		.4byte	.Ldebug_abbrev0
 148 000a 04       		.byte	0x4
 149 000b 01       		.uleb128 0x1
 150 000c DA000000 		.4byte	.LASF20
 151 0010 0C       		.byte	0xc
 152 0011 61000000 		.4byte	.LASF21
 153 0015 95010000 		.4byte	.LASF22
 154 0019 00000000 		.4byte	.Ldebug_ranges0+0
 155 001d 00000000 		.4byte	0
 156 0021 00000000 		.4byte	.Ldebug_line0
 157 0025 02       		.uleb128 0x2
 158 0026 01       		.byte	0x1
 159 0027 06       		.byte	0x6
 160 0028 F1010000 		.4byte	.LASF0
 161 002c 02       		.uleb128 0x2
 162 002d 01       		.byte	0x1
 163 002e 08       		.byte	0x8
 164 002f 53000000 		.4byte	.LASF1
 165 0033 02       		.uleb128 0x2
 166 0034 02       		.byte	0x2
 167 0035 05       		.byte	0x5
 168 0036 85010000 		.4byte	.LASF2
 169 003a 02       		.uleb128 0x2
 170 003b 02       		.byte	0x2
 171 003c 07       		.byte	0x7
 172 003d 99000000 		.4byte	.LASF3
 173 0041 02       		.uleb128 0x2
 174 0042 04       		.byte	0x4
 175 0043 05       		.byte	0x5
 176 0044 E8010000 		.4byte	.LASF4
 177 0048 02       		.uleb128 0x2
 178 0049 04       		.byte	0x4
 179 004a 07       		.byte	0x7
 180 004b 87000000 		.4byte	.LASF5
 181 004f 02       		.uleb128 0x2
 182 0050 08       		.byte	0x8
 183 0051 05       		.byte	0x5
 184 0052 72010000 		.4byte	.LASF6
 185 0056 02       		.uleb128 0x2
 186 0057 08       		.byte	0x8
 187 0058 07       		.byte	0x7
 188 0059 2A000000 		.4byte	.LASF7
 189 005d 03       		.uleb128 0x3
 190 005e 04       		.byte	0x4
 191 005f 05       		.byte	0x5
 192 0060 696E7400 		.ascii	"int\000"
 193 0064 02       		.uleb128 0x2
 194 0065 04       		.byte	0x4
 195 0066 07       		.byte	0x7
 196 0067 CD000000 		.4byte	.LASF8
 197 006b 04       		.uleb128 0x4
ARM GAS  C:\Users\rabbit\AppData\Local\Temp\ccbFaJW4.s 			page 7


 198 006c 8F010000 		.4byte	.LASF12
 199 0070 02       		.byte	0x2
 200 0071 E901     		.2byte	0x1e9
 201 0073 2C000000 		.4byte	0x2c
 202 0077 02       		.uleb128 0x2
 203 0078 04       		.byte	0x4
 204 0079 04       		.byte	0x4
 205 007a 24000000 		.4byte	.LASF9
 206 007e 02       		.uleb128 0x2
 207 007f 08       		.byte	0x8
 208 0080 04       		.byte	0x4
 209 0081 AC000000 		.4byte	.LASF10
 210 0085 02       		.uleb128 0x2
 211 0086 01       		.byte	0x1
 212 0087 08       		.byte	0x8
 213 0088 80010000 		.4byte	.LASF11
 214 008c 04       		.uleb128 0x4
 215 008d 6D010000 		.4byte	.LASF13
 216 0091 02       		.byte	0x2
 217 0092 9302     		.2byte	0x293
 218 0094 98000000 		.4byte	0x98
 219 0098 05       		.uleb128 0x5
 220 0099 6B000000 		.4byte	0x6b
 221 009d 06       		.uleb128 0x6
 222 009e 11000000 		.4byte	.LASF14
 223 00a2 01       		.byte	0x1
 224 00a3 39       		.byte	0x39
 225 00a4 00000000 		.4byte	.LFB0
 226 00a8 18000000 		.4byte	.LFE0-.LFB0
 227 00ac 01       		.uleb128 0x1
 228 00ad 9C       		.byte	0x9c
 229 00ae D1000000 		.4byte	0xd1
 230 00b2 07       		.uleb128 0x7
 231 00b3 00000000 		.4byte	.LASF16
 232 00b7 01       		.byte	0x1
 233 00b8 39       		.byte	0x39
 234 00b9 6B000000 		.4byte	0x6b
 235 00bd 00000000 		.4byte	.LLST0
 236 00c1 08       		.uleb128 0x8
 237 00c2 06000000 		.4byte	.LASF23
 238 00c6 01       		.byte	0x1
 239 00c7 3B       		.byte	0x3b
 240 00c8 6B000000 		.4byte	0x6b
 241 00cc 21000000 		.4byte	.LLST1
 242 00d0 00       		.byte	0
 243 00d1 06       		.uleb128 0x6
 244 00d2 B3000000 		.4byte	.LASF15
 245 00d6 01       		.byte	0x1
 246 00d7 5A       		.byte	0x5a
 247 00d8 00000000 		.4byte	.LFB1
 248 00dc 20000000 		.4byte	.LFE1-.LFB1
 249 00e0 01       		.uleb128 0x1
 250 00e1 9C       		.byte	0x9c
 251 00e2 F6000000 		.4byte	0xf6
 252 00e6 07       		.uleb128 0x7
 253 00e7 68010000 		.4byte	.LASF17
 254 00eb 01       		.byte	0x1
ARM GAS  C:\Users\rabbit\AppData\Local\Temp\ccbFaJW4.s 			page 8


 255 00ec 5A       		.byte	0x5a
 256 00ed 6B000000 		.4byte	0x6b
 257 00f1 39000000 		.4byte	.LLST2
 258 00f5 00       		.byte	0
 259 00f6 09       		.uleb128 0x9
 260 00f7 41000000 		.4byte	.LASF18
 261 00fb 01       		.byte	0x1
 262 00fc 72       		.byte	0x72
 263 00fd 6B000000 		.4byte	0x6b
 264 0101 00000000 		.4byte	.LFB2
 265 0105 0C000000 		.4byte	.LFE2-.LFB2
 266 0109 01       		.uleb128 0x1
 267 010a 9C       		.byte	0x9c
 268 010b 09       		.uleb128 0x9
 269 010c FD010000 		.4byte	.LASF19
 270 0110 01       		.byte	0x1
 271 0111 8E       		.byte	0x8e
 272 0112 6B000000 		.4byte	0x6b
 273 0116 00000000 		.4byte	.LFB3
 274 011a 0C000000 		.4byte	.LFE3-.LFB3
 275 011e 01       		.uleb128 0x1
 276 011f 9C       		.byte	0x9c
 277 0120 00       		.byte	0
 278              		.section	.debug_abbrev,"",%progbits
 279              	.Ldebug_abbrev0:
 280 0000 01       		.uleb128 0x1
 281 0001 11       		.uleb128 0x11
 282 0002 01       		.byte	0x1
 283 0003 25       		.uleb128 0x25
 284 0004 0E       		.uleb128 0xe
 285 0005 13       		.uleb128 0x13
 286 0006 0B       		.uleb128 0xb
 287 0007 03       		.uleb128 0x3
 288 0008 0E       		.uleb128 0xe
 289 0009 1B       		.uleb128 0x1b
 290 000a 0E       		.uleb128 0xe
 291 000b 55       		.uleb128 0x55
 292 000c 17       		.uleb128 0x17
 293 000d 11       		.uleb128 0x11
 294 000e 01       		.uleb128 0x1
 295 000f 10       		.uleb128 0x10
 296 0010 17       		.uleb128 0x17
 297 0011 00       		.byte	0
 298 0012 00       		.byte	0
 299 0013 02       		.uleb128 0x2
 300 0014 24       		.uleb128 0x24
 301 0015 00       		.byte	0
 302 0016 0B       		.uleb128 0xb
 303 0017 0B       		.uleb128 0xb
 304 0018 3E       		.uleb128 0x3e
 305 0019 0B       		.uleb128 0xb
 306 001a 03       		.uleb128 0x3
 307 001b 0E       		.uleb128 0xe
 308 001c 00       		.byte	0
 309 001d 00       		.byte	0
 310 001e 03       		.uleb128 0x3
 311 001f 24       		.uleb128 0x24
ARM GAS  C:\Users\rabbit\AppData\Local\Temp\ccbFaJW4.s 			page 9


 312 0020 00       		.byte	0
 313 0021 0B       		.uleb128 0xb
 314 0022 0B       		.uleb128 0xb
 315 0023 3E       		.uleb128 0x3e
 316 0024 0B       		.uleb128 0xb
 317 0025 03       		.uleb128 0x3
 318 0026 08       		.uleb128 0x8
 319 0027 00       		.byte	0
 320 0028 00       		.byte	0
 321 0029 04       		.uleb128 0x4
 322 002a 16       		.uleb128 0x16
 323 002b 00       		.byte	0
 324 002c 03       		.uleb128 0x3
 325 002d 0E       		.uleb128 0xe
 326 002e 3A       		.uleb128 0x3a
 327 002f 0B       		.uleb128 0xb
 328 0030 3B       		.uleb128 0x3b
 329 0031 05       		.uleb128 0x5
 330 0032 49       		.uleb128 0x49
 331 0033 13       		.uleb128 0x13
 332 0034 00       		.byte	0
 333 0035 00       		.byte	0
 334 0036 05       		.uleb128 0x5
 335 0037 35       		.uleb128 0x35
 336 0038 00       		.byte	0
 337 0039 49       		.uleb128 0x49
 338 003a 13       		.uleb128 0x13
 339 003b 00       		.byte	0
 340 003c 00       		.byte	0
 341 003d 06       		.uleb128 0x6
 342 003e 2E       		.uleb128 0x2e
 343 003f 01       		.byte	0x1
 344 0040 3F       		.uleb128 0x3f
 345 0041 19       		.uleb128 0x19
 346 0042 03       		.uleb128 0x3
 347 0043 0E       		.uleb128 0xe
 348 0044 3A       		.uleb128 0x3a
 349 0045 0B       		.uleb128 0xb
 350 0046 3B       		.uleb128 0x3b
 351 0047 0B       		.uleb128 0xb
 352 0048 27       		.uleb128 0x27
 353 0049 19       		.uleb128 0x19
 354 004a 11       		.uleb128 0x11
 355 004b 01       		.uleb128 0x1
 356 004c 12       		.uleb128 0x12
 357 004d 06       		.uleb128 0x6
 358 004e 40       		.uleb128 0x40
 359 004f 18       		.uleb128 0x18
 360 0050 9742     		.uleb128 0x2117
 361 0052 19       		.uleb128 0x19
 362 0053 01       		.uleb128 0x1
 363 0054 13       		.uleb128 0x13
 364 0055 00       		.byte	0
 365 0056 00       		.byte	0
 366 0057 07       		.uleb128 0x7
 367 0058 05       		.uleb128 0x5
 368 0059 00       		.byte	0
ARM GAS  C:\Users\rabbit\AppData\Local\Temp\ccbFaJW4.s 			page 10


 369 005a 03       		.uleb128 0x3
 370 005b 0E       		.uleb128 0xe
 371 005c 3A       		.uleb128 0x3a
 372 005d 0B       		.uleb128 0xb
 373 005e 3B       		.uleb128 0x3b
 374 005f 0B       		.uleb128 0xb
 375 0060 49       		.uleb128 0x49
 376 0061 13       		.uleb128 0x13
 377 0062 02       		.uleb128 0x2
 378 0063 17       		.uleb128 0x17
 379 0064 00       		.byte	0
 380 0065 00       		.byte	0
 381 0066 08       		.uleb128 0x8
 382 0067 34       		.uleb128 0x34
 383 0068 00       		.byte	0
 384 0069 03       		.uleb128 0x3
 385 006a 0E       		.uleb128 0xe
 386 006b 3A       		.uleb128 0x3a
 387 006c 0B       		.uleb128 0xb
 388 006d 3B       		.uleb128 0x3b
 389 006e 0B       		.uleb128 0xb
 390 006f 49       		.uleb128 0x49
 391 0070 13       		.uleb128 0x13
 392 0071 02       		.uleb128 0x2
 393 0072 17       		.uleb128 0x17
 394 0073 00       		.byte	0
 395 0074 00       		.byte	0
 396 0075 09       		.uleb128 0x9
 397 0076 2E       		.uleb128 0x2e
 398 0077 00       		.byte	0
 399 0078 3F       		.uleb128 0x3f
 400 0079 19       		.uleb128 0x19
 401 007a 03       		.uleb128 0x3
 402 007b 0E       		.uleb128 0xe
 403 007c 3A       		.uleb128 0x3a
 404 007d 0B       		.uleb128 0xb
 405 007e 3B       		.uleb128 0x3b
 406 007f 0B       		.uleb128 0xb
 407 0080 27       		.uleb128 0x27
 408 0081 19       		.uleb128 0x19
 409 0082 49       		.uleb128 0x49
 410 0083 13       		.uleb128 0x13
 411 0084 11       		.uleb128 0x11
 412 0085 01       		.uleb128 0x1
 413 0086 12       		.uleb128 0x12
 414 0087 06       		.uleb128 0x6
 415 0088 40       		.uleb128 0x40
 416 0089 18       		.uleb128 0x18
 417 008a 9742     		.uleb128 0x2117
 418 008c 19       		.uleb128 0x19
 419 008d 00       		.byte	0
 420 008e 00       		.byte	0
 421 008f 00       		.byte	0
 422              		.section	.debug_loc,"",%progbits
 423              	.Ldebug_loc0:
 424              	.LLST0:
 425 0000 00000000 		.4byte	.LVL0
ARM GAS  C:\Users\rabbit\AppData\Local\Temp\ccbFaJW4.s 			page 11


 426 0004 0C000000 		.4byte	.LVL3
 427 0008 0100     		.2byte	0x1
 428 000a 50       		.byte	0x50
 429 000b 0C000000 		.4byte	.LVL3
 430 000f 18000000 		.4byte	.LFE0
 431 0013 0400     		.2byte	0x4
 432 0015 F3       		.byte	0xf3
 433 0016 01       		.uleb128 0x1
 434 0017 50       		.byte	0x50
 435 0018 9F       		.byte	0x9f
 436 0019 00000000 		.4byte	0
 437 001d 00000000 		.4byte	0
 438              	.LLST1:
 439 0021 04000000 		.4byte	.LVL1
 440 0025 08000000 		.4byte	.LVL2
 441 0029 0600     		.2byte	0x6
 442 002b 73       		.byte	0x73
 443 002c 00       		.sleb128 0
 444 002d 08       		.byte	0x8
 445 002e 3F       		.byte	0x3f
 446 002f 1A       		.byte	0x1a
 447 0030 9F       		.byte	0x9f
 448 0031 00000000 		.4byte	0
 449 0035 00000000 		.4byte	0
 450              	.LLST2:
 451 0039 00000000 		.4byte	.LVL4
 452 003d 06000000 		.4byte	.LVL5
 453 0041 0100     		.2byte	0x1
 454 0043 50       		.byte	0x50
 455 0044 06000000 		.4byte	.LVL5
 456 0048 20000000 		.4byte	.LFE1
 457 004c 0400     		.2byte	0x4
 458 004e F3       		.byte	0xf3
 459 004f 01       		.uleb128 0x1
 460 0050 50       		.byte	0x50
 461 0051 9F       		.byte	0x9f
 462 0052 00000000 		.4byte	0
 463 0056 00000000 		.4byte	0
 464              		.section	.debug_aranges,"",%progbits
 465 0000 34000000 		.4byte	0x34
 466 0004 0200     		.2byte	0x2
 467 0006 00000000 		.4byte	.Ldebug_info0
 468 000a 04       		.byte	0x4
 469 000b 00       		.byte	0
 470 000c 0000     		.2byte	0
 471 000e 0000     		.2byte	0
 472 0010 00000000 		.4byte	.LFB0
 473 0014 18000000 		.4byte	.LFE0-.LFB0
 474 0018 00000000 		.4byte	.LFB1
 475 001c 20000000 		.4byte	.LFE1-.LFB1
 476 0020 00000000 		.4byte	.LFB2
 477 0024 0C000000 		.4byte	.LFE2-.LFB2
 478 0028 00000000 		.4byte	.LFB3
 479 002c 0C000000 		.4byte	.LFE3-.LFB3
 480 0030 00000000 		.4byte	0
 481 0034 00000000 		.4byte	0
 482              		.section	.debug_ranges,"",%progbits
ARM GAS  C:\Users\rabbit\AppData\Local\Temp\ccbFaJW4.s 			page 12


 483              	.Ldebug_ranges0:
 484 0000 00000000 		.4byte	.LFB0
 485 0004 18000000 		.4byte	.LFE0
 486 0008 00000000 		.4byte	.LFB1
 487 000c 20000000 		.4byte	.LFE1
 488 0010 00000000 		.4byte	.LFB2
 489 0014 0C000000 		.4byte	.LFE2
 490 0018 00000000 		.4byte	.LFB3
 491 001c 0C000000 		.4byte	.LFE3
 492 0020 00000000 		.4byte	0
 493 0024 00000000 		.4byte	0
 494              		.section	.debug_line,"",%progbits
 495              	.Ldebug_line0:
 496 0000 96000000 		.section	.debug_str,"MS",%progbits,1
 496      02004900 
 496      00000201 
 496      FB0E0D00 
 496      01010101 
 497              	.LASF16:
 498 0000 76616C75 		.ascii	"value\000"
 498      6500
 499              	.LASF23:
 500 0006 73746174 		.ascii	"staticBits\000"
 500      69634269 
 500      747300
 501              	.LASF14:
 502 0011 5350495F 		.ascii	"SPI_PULLUP_1_Write\000"
 502      50554C4C 
 502      55505F31 
 502      5F577269 
 502      746500
 503              	.LASF9:
 504 0024 666C6F61 		.ascii	"float\000"
 504      7400
 505              	.LASF7:
 506 002a 6C6F6E67 		.ascii	"long long unsigned int\000"
 506      206C6F6E 
 506      6720756E 
 506      7369676E 
 506      65642069 
 507              	.LASF18:
 508 0041 5350495F 		.ascii	"SPI_PULLUP_1_Read\000"
 508      50554C4C 
 508      55505F31 
 508      5F526561 
 508      6400
 509              	.LASF1:
 510 0053 756E7369 		.ascii	"unsigned char\000"
 510      676E6564 
 510      20636861 
 510      7200
 511              	.LASF21:
 512 0061 47656E65 		.ascii	"Generated_Source\\PSoC5\\SPI_PULLUP_1.c\000"
 512      72617465 
 512      645F536F 
 512      75726365 
 512      5C50536F 
ARM GAS  C:\Users\rabbit\AppData\Local\Temp\ccbFaJW4.s 			page 13


 513              	.LASF5:
 514 0087 6C6F6E67 		.ascii	"long unsigned int\000"
 514      20756E73 
 514      69676E65 
 514      6420696E 
 514      7400
 515              	.LASF3:
 516 0099 73686F72 		.ascii	"short unsigned int\000"
 516      7420756E 
 516      7369676E 
 516      65642069 
 516      6E7400
 517              	.LASF10:
 518 00ac 646F7562 		.ascii	"double\000"
 518      6C6500
 519              	.LASF15:
 520 00b3 5350495F 		.ascii	"SPI_PULLUP_1_SetDriveMode\000"
 520      50554C4C 
 520      55505F31 
 520      5F536574 
 520      44726976 
 521              	.LASF8:
 522 00cd 756E7369 		.ascii	"unsigned int\000"
 522      676E6564 
 522      20696E74 
 522      00
 523              	.LASF20:
 524 00da 474E5520 		.ascii	"GNU C11 5.4.1 20160609 (release) [ARM/embedded-5-br"
 524      43313120 
 524      352E342E 
 524      31203230 
 524      31363036 
 525 010d 616E6368 		.ascii	"anch revision 237715] -mcpu=cortex-m3 -mthumb -g -O"
 525      20726576 
 525      6973696F 
 525      6E203233 
 525      37373135 
 526 0140 73202D66 		.ascii	"s -ffunction-sections -ffat-lto-objects\000"
 526      66756E63 
 526      74696F6E 
 526      2D736563 
 526      74696F6E 
 527              	.LASF17:
 528 0168 6D6F6465 		.ascii	"mode\000"
 528      00
 529              	.LASF13:
 530 016d 72656738 		.ascii	"reg8\000"
 530      00
 531              	.LASF6:
 532 0172 6C6F6E67 		.ascii	"long long int\000"
 532      206C6F6E 
 532      6720696E 
 532      7400
 533              	.LASF11:
 534 0180 63686172 		.ascii	"char\000"
 534      00
 535              	.LASF2:
ARM GAS  C:\Users\rabbit\AppData\Local\Temp\ccbFaJW4.s 			page 14


 536 0185 73686F72 		.ascii	"short int\000"
 536      7420696E 
 536      7400
 537              	.LASF12:
 538 018f 75696E74 		.ascii	"uint8\000"
 538      3800
 539              	.LASF22:
 540 0195 433A5C55 		.ascii	"C:\\Users\\rabbit\\Documents\\v5.0c\\SCSI2SD\\softw"
 540      73657273 
 540      5C726162 
 540      6269745C 
 540      446F6375 
 541 01c2 6172655C 		.ascii	"are\\SCSI2SD\\v5.0\\USB_Bootloader.cydsn\000"
 541      53435349 
 541      3253445C 
 541      76352E30 
 541      5C555342 
 542              	.LASF4:
 543 01e8 6C6F6E67 		.ascii	"long int\000"
 543      20696E74 
 543      00
 544              	.LASF0:
 545 01f1 7369676E 		.ascii	"signed char\000"
 545      65642063 
 545      68617200 
 546              	.LASF19:
 547 01fd 5350495F 		.ascii	"SPI_PULLUP_1_ReadDataReg\000"
 547      50554C4C 
 547      55505F31 
 547      5F526561 
 547      64446174 
 548              		.ident	"GCC: (GNU Tools for ARM Embedded Processors) 5.4.1 20160609 (release) [ARM/embedded-5-bran
