ARM GAS  C:\Users\RABBIT~1\AppData\Local\Temp\ccmR1r8y.s 			page 1


   1              		.syntax unified
   2              		.cpu cortex-m3
   3              		.fpu softvfp
   4              		.eabi_attribute 20, 1
   5              		.eabi_attribute 21, 1
   6              		.eabi_attribute 23, 3
   7              		.eabi_attribute 24, 1
   8              		.eabi_attribute 25, 1
   9              		.eabi_attribute 26, 1
  10              		.eabi_attribute 30, 4
  11              		.eabi_attribute 34, 1
  12              		.eabi_attribute 18, 4
  13              		.thumb
  14              		.syntax unified
  15              		.file	"BOOTLDR.c"
  16              		.text
  17              	.Ltext0:
  18              		.cfi_sections	.debug_frame
  19              		.section	.text.BOOTLDR_Write,"ax",%progbits
  20              		.align	1
  21              		.global	BOOTLDR_Write
  22              		.thumb
  23              		.thumb_func
  24              		.type	BOOTLDR_Write, %function
  25              	BOOTLDR_Write:
  26              	.LFB0:
  27              		.file 1 "Generated_Source\\PSoC5\\BOOTLDR.c"
   1:Generated_Source\PSoC5/BOOTLDR.c **** /*******************************************************************************
   2:Generated_Source\PSoC5/BOOTLDR.c **** * File Name: BOOTLDR.c  
   3:Generated_Source\PSoC5/BOOTLDR.c **** * Version 2.20
   4:Generated_Source\PSoC5/BOOTLDR.c **** *
   5:Generated_Source\PSoC5/BOOTLDR.c **** * Description:
   6:Generated_Source\PSoC5/BOOTLDR.c **** *  This file contains API to enable firmware control of a Pins component.
   7:Generated_Source\PSoC5/BOOTLDR.c **** *
   8:Generated_Source\PSoC5/BOOTLDR.c **** * Note:
   9:Generated_Source\PSoC5/BOOTLDR.c **** *
  10:Generated_Source\PSoC5/BOOTLDR.c **** ********************************************************************************
  11:Generated_Source\PSoC5/BOOTLDR.c **** * Copyright 2008-2015, Cypress Semiconductor Corporation.  All rights reserved.
  12:Generated_Source\PSoC5/BOOTLDR.c **** * You may use this file only in accordance with the license, terms, conditions, 
  13:Generated_Source\PSoC5/BOOTLDR.c **** * disclaimers, and limitations in the end user license agreement accompanying 
  14:Generated_Source\PSoC5/BOOTLDR.c **** * the software package with which this file was provided.
  15:Generated_Source\PSoC5/BOOTLDR.c **** *******************************************************************************/
  16:Generated_Source\PSoC5/BOOTLDR.c **** 
  17:Generated_Source\PSoC5/BOOTLDR.c **** #include "cytypes.h"
  18:Generated_Source\PSoC5/BOOTLDR.c **** #include "BOOTLDR.h"
  19:Generated_Source\PSoC5/BOOTLDR.c **** 
  20:Generated_Source\PSoC5/BOOTLDR.c **** /* APIs are not generated for P15[7:6] on PSoC 5 */
  21:Generated_Source\PSoC5/BOOTLDR.c **** #if !(CY_PSOC5A &&\
  22:Generated_Source\PSoC5/BOOTLDR.c **** 	 BOOTLDR__PORT == 15 && ((BOOTLDR__MASK & 0xC0) != 0))
  23:Generated_Source\PSoC5/BOOTLDR.c **** 
  24:Generated_Source\PSoC5/BOOTLDR.c **** 
  25:Generated_Source\PSoC5/BOOTLDR.c **** /*******************************************************************************
  26:Generated_Source\PSoC5/BOOTLDR.c **** * Function Name: BOOTLDR_Write
  27:Generated_Source\PSoC5/BOOTLDR.c **** ****************************************************************************//**
  28:Generated_Source\PSoC5/BOOTLDR.c **** *
  29:Generated_Source\PSoC5/BOOTLDR.c **** * \brief Writes the value to the physical port (data output register), masking
  30:Generated_Source\PSoC5/BOOTLDR.c **** *  and shifting the bits appropriately. 
ARM GAS  C:\Users\RABBIT~1\AppData\Local\Temp\ccmR1r8y.s 			page 2


  31:Generated_Source\PSoC5/BOOTLDR.c **** *
  32:Generated_Source\PSoC5/BOOTLDR.c **** * The data output register controls the signal applied to the physical pin in 
  33:Generated_Source\PSoC5/BOOTLDR.c **** * conjunction with the drive mode parameter. This function avoids changing 
  34:Generated_Source\PSoC5/BOOTLDR.c **** * other bits in the port by using the appropriate method (read-modify-write or
  35:Generated_Source\PSoC5/BOOTLDR.c **** * bit banding).
  36:Generated_Source\PSoC5/BOOTLDR.c **** *
  37:Generated_Source\PSoC5/BOOTLDR.c **** * <b>Note</b> This function should not be used on a hardware digital output pin 
  38:Generated_Source\PSoC5/BOOTLDR.c **** * as it is driven by the hardware signal attached to it.
  39:Generated_Source\PSoC5/BOOTLDR.c **** *
  40:Generated_Source\PSoC5/BOOTLDR.c **** * \param value
  41:Generated_Source\PSoC5/BOOTLDR.c **** *  Value to write to the component instance.
  42:Generated_Source\PSoC5/BOOTLDR.c **** *
  43:Generated_Source\PSoC5/BOOTLDR.c **** * \return 
  44:Generated_Source\PSoC5/BOOTLDR.c **** *  None 
  45:Generated_Source\PSoC5/BOOTLDR.c **** *
  46:Generated_Source\PSoC5/BOOTLDR.c **** * \sideeffect
  47:Generated_Source\PSoC5/BOOTLDR.c **** *  If you use read-modify-write operations that are not atomic; the Interrupt 
  48:Generated_Source\PSoC5/BOOTLDR.c **** *  Service Routines (ISR) can cause corruption of this function. An ISR that 
  49:Generated_Source\PSoC5/BOOTLDR.c **** *  interrupts this function and performs writes to the Pins component data 
  50:Generated_Source\PSoC5/BOOTLDR.c **** *  register can cause corrupted port data. To avoid this issue, you should 
  51:Generated_Source\PSoC5/BOOTLDR.c **** *  either use the Per-Pin APIs (primary method) or disable interrupts around 
  52:Generated_Source\PSoC5/BOOTLDR.c **** *  this function.
  53:Generated_Source\PSoC5/BOOTLDR.c **** *
  54:Generated_Source\PSoC5/BOOTLDR.c **** * \funcusage
  55:Generated_Source\PSoC5/BOOTLDR.c **** *  \snippet BOOTLDR_SUT.c usage_BOOTLDR_Write
  56:Generated_Source\PSoC5/BOOTLDR.c **** *******************************************************************************/
  57:Generated_Source\PSoC5/BOOTLDR.c **** void BOOTLDR_Write(uint8 value)
  58:Generated_Source\PSoC5/BOOTLDR.c **** {
  28              		.loc 1 58 0
  29              		.cfi_startproc
  30              		@ args = 0, pretend = 0, frame = 0
  31              		@ frame_needed = 0, uses_anonymous_args = 0
  32              		@ link register save eliminated.
  33              	.LVL0:
  59:Generated_Source\PSoC5/BOOTLDR.c ****     uint8 staticBits = (BOOTLDR_DR & (uint8)(~BOOTLDR_MASK));
  34              		.loc 1 59 0
  35 0000 044A     		ldr	r2, .L2
  60:Generated_Source\PSoC5/BOOTLDR.c ****     BOOTLDR_DR = staticBits | ((uint8)(value << BOOTLDR_SHIFT) & BOOTLDR_MASK);
  36              		.loc 1 60 0
  37 0002 00F00100 		and	r0, r0, #1
  38              	.LVL1:
  59:Generated_Source\PSoC5/BOOTLDR.c ****     uint8 staticBits = (BOOTLDR_DR & (uint8)(~BOOTLDR_MASK));
  39              		.loc 1 59 0
  40 0006 1378     		ldrb	r3, [r2]	@ zero_extendqisi2
  41              	.LVL2:
  42              		.loc 1 60 0
  43 0008 03F0FE03 		and	r3, r3, #254
  44              	.LVL3:
  45 000c 1843     		orrs	r0, r0, r3
  46 000e 1070     		strb	r0, [r2]
  47 0010 7047     		bx	lr
  48              	.L3:
  49 0012 00BF     		.align	2
  50              	.L2:
  51 0014 00510040 		.word	1073762560
  52              		.cfi_endproc
  53              	.LFE0:
ARM GAS  C:\Users\RABBIT~1\AppData\Local\Temp\ccmR1r8y.s 			page 3


  54              		.size	BOOTLDR_Write, .-BOOTLDR_Write
  55              		.section	.text.BOOTLDR_SetDriveMode,"ax",%progbits
  56              		.align	1
  57              		.global	BOOTLDR_SetDriveMode
  58              		.thumb
  59              		.thumb_func
  60              		.type	BOOTLDR_SetDriveMode, %function
  61              	BOOTLDR_SetDriveMode:
  62              	.LFB1:
  61:Generated_Source\PSoC5/BOOTLDR.c **** }
  62:Generated_Source\PSoC5/BOOTLDR.c **** 
  63:Generated_Source\PSoC5/BOOTLDR.c **** 
  64:Generated_Source\PSoC5/BOOTLDR.c **** /*******************************************************************************
  65:Generated_Source\PSoC5/BOOTLDR.c **** * Function Name: BOOTLDR_SetDriveMode
  66:Generated_Source\PSoC5/BOOTLDR.c **** ****************************************************************************//**
  67:Generated_Source\PSoC5/BOOTLDR.c **** *
  68:Generated_Source\PSoC5/BOOTLDR.c **** * \brief Sets the drive mode for each of the Pins component's pins.
  69:Generated_Source\PSoC5/BOOTLDR.c **** * 
  70:Generated_Source\PSoC5/BOOTLDR.c **** * <b>Note</b> This affects all pins in the Pins component instance. Use the
  71:Generated_Source\PSoC5/BOOTLDR.c **** * Per-Pin APIs if you wish to control individual pin's drive modes.
  72:Generated_Source\PSoC5/BOOTLDR.c **** *
  73:Generated_Source\PSoC5/BOOTLDR.c **** * \param mode
  74:Generated_Source\PSoC5/BOOTLDR.c **** *  Mode for the selected signals. Valid options are documented in 
  75:Generated_Source\PSoC5/BOOTLDR.c **** *  \ref driveMode.
  76:Generated_Source\PSoC5/BOOTLDR.c **** *
  77:Generated_Source\PSoC5/BOOTLDR.c **** * \return
  78:Generated_Source\PSoC5/BOOTLDR.c **** *  None
  79:Generated_Source\PSoC5/BOOTLDR.c **** *
  80:Generated_Source\PSoC5/BOOTLDR.c **** * \sideeffect
  81:Generated_Source\PSoC5/BOOTLDR.c **** *  If you use read-modify-write operations that are not atomic, the ISR can
  82:Generated_Source\PSoC5/BOOTLDR.c **** *  cause corruption of this function. An ISR that interrupts this function 
  83:Generated_Source\PSoC5/BOOTLDR.c **** *  and performs writes to the Pins component Drive Mode registers can cause 
  84:Generated_Source\PSoC5/BOOTLDR.c **** *  corrupted port data. To avoid this issue, you should either use the Per-Pin
  85:Generated_Source\PSoC5/BOOTLDR.c **** *  APIs (primary method) or disable interrupts around this function.
  86:Generated_Source\PSoC5/BOOTLDR.c **** *
  87:Generated_Source\PSoC5/BOOTLDR.c **** * \funcusage
  88:Generated_Source\PSoC5/BOOTLDR.c **** *  \snippet BOOTLDR_SUT.c usage_BOOTLDR_SetDriveMode
  89:Generated_Source\PSoC5/BOOTLDR.c **** *******************************************************************************/
  90:Generated_Source\PSoC5/BOOTLDR.c **** void BOOTLDR_SetDriveMode(uint8 mode)
  91:Generated_Source\PSoC5/BOOTLDR.c **** {
  63              		.loc 1 91 0
  64              		.cfi_startproc
  65              		@ args = 0, pretend = 0, frame = 0
  66              		@ frame_needed = 0, uses_anonymous_args = 0
  67              		@ link register save eliminated.
  68              	.LVL4:
  92:Generated_Source\PSoC5/BOOTLDR.c **** 	CyPins_SetPinDriveMode(BOOTLDR_0, mode);
  69              		.loc 1 92 0
  70 0000 044A     		ldr	r2, .L5
  71 0002 00F00E00 		and	r0, r0, #14
  72              	.LVL5:
  73 0006 1378     		ldrb	r3, [r2]	@ zero_extendqisi2
  74 0008 03F0F103 		and	r3, r3, #241
  75 000c 1843     		orrs	r0, r0, r3
  76 000e 1070     		strb	r0, [r2]
  77 0010 7047     		bx	lr
  78              	.L6:
ARM GAS  C:\Users\RABBIT~1\AppData\Local\Temp\ccmR1r8y.s 			page 4


  79 0012 00BF     		.align	2
  80              	.L5:
  81 0014 00500040 		.word	1073762304
  82              		.cfi_endproc
  83              	.LFE1:
  84              		.size	BOOTLDR_SetDriveMode, .-BOOTLDR_SetDriveMode
  85              		.section	.text.BOOTLDR_Read,"ax",%progbits
  86              		.align	1
  87              		.global	BOOTLDR_Read
  88              		.thumb
  89              		.thumb_func
  90              		.type	BOOTLDR_Read, %function
  91              	BOOTLDR_Read:
  92              	.LFB2:
  93:Generated_Source\PSoC5/BOOTLDR.c **** }
  94:Generated_Source\PSoC5/BOOTLDR.c **** 
  95:Generated_Source\PSoC5/BOOTLDR.c **** 
  96:Generated_Source\PSoC5/BOOTLDR.c **** /*******************************************************************************
  97:Generated_Source\PSoC5/BOOTLDR.c **** * Function Name: BOOTLDR_Read
  98:Generated_Source\PSoC5/BOOTLDR.c **** ****************************************************************************//**
  99:Generated_Source\PSoC5/BOOTLDR.c **** *
 100:Generated_Source\PSoC5/BOOTLDR.c **** * \brief Reads the associated physical port (pin status register) and masks 
 101:Generated_Source\PSoC5/BOOTLDR.c **** *  the required bits according to the width and bit position of the component
 102:Generated_Source\PSoC5/BOOTLDR.c **** *  instance. 
 103:Generated_Source\PSoC5/BOOTLDR.c **** *
 104:Generated_Source\PSoC5/BOOTLDR.c **** * The pin's status register returns the current logic level present on the 
 105:Generated_Source\PSoC5/BOOTLDR.c **** * physical pin.
 106:Generated_Source\PSoC5/BOOTLDR.c **** *
 107:Generated_Source\PSoC5/BOOTLDR.c **** * \return 
 108:Generated_Source\PSoC5/BOOTLDR.c **** *  The current value for the pins in the component as a right justified number.
 109:Generated_Source\PSoC5/BOOTLDR.c **** *
 110:Generated_Source\PSoC5/BOOTLDR.c **** * \funcusage
 111:Generated_Source\PSoC5/BOOTLDR.c **** *  \snippet BOOTLDR_SUT.c usage_BOOTLDR_Read  
 112:Generated_Source\PSoC5/BOOTLDR.c **** *******************************************************************************/
 113:Generated_Source\PSoC5/BOOTLDR.c **** uint8 BOOTLDR_Read(void)
 114:Generated_Source\PSoC5/BOOTLDR.c **** {
  93              		.loc 1 114 0
  94              		.cfi_startproc
  95              		@ args = 0, pretend = 0, frame = 0
  96              		@ frame_needed = 0, uses_anonymous_args = 0
  97              		@ link register save eliminated.
 115:Generated_Source\PSoC5/BOOTLDR.c ****     return (BOOTLDR_PS & BOOTLDR_MASK) >> BOOTLDR_SHIFT;
  98              		.loc 1 115 0
  99 0000 024B     		ldr	r3, .L8
 100 0002 1878     		ldrb	r0, [r3]	@ zero_extendqisi2
 116:Generated_Source\PSoC5/BOOTLDR.c **** }
 101              		.loc 1 116 0
 102 0004 00F00100 		and	r0, r0, #1
 103 0008 7047     		bx	lr
 104              	.L9:
 105 000a 00BF     		.align	2
 106              	.L8:
 107 000c 01510040 		.word	1073762561
 108              		.cfi_endproc
 109              	.LFE2:
 110              		.size	BOOTLDR_Read, .-BOOTLDR_Read
 111              		.section	.text.BOOTLDR_ReadDataReg,"ax",%progbits
ARM GAS  C:\Users\RABBIT~1\AppData\Local\Temp\ccmR1r8y.s 			page 5


 112              		.align	1
 113              		.global	BOOTLDR_ReadDataReg
 114              		.thumb
 115              		.thumb_func
 116              		.type	BOOTLDR_ReadDataReg, %function
 117              	BOOTLDR_ReadDataReg:
 118              	.LFB3:
 117:Generated_Source\PSoC5/BOOTLDR.c **** 
 118:Generated_Source\PSoC5/BOOTLDR.c **** 
 119:Generated_Source\PSoC5/BOOTLDR.c **** /*******************************************************************************
 120:Generated_Source\PSoC5/BOOTLDR.c **** * Function Name: BOOTLDR_ReadDataReg
 121:Generated_Source\PSoC5/BOOTLDR.c **** ****************************************************************************//**
 122:Generated_Source\PSoC5/BOOTLDR.c **** *
 123:Generated_Source\PSoC5/BOOTLDR.c **** * \brief Reads the associated physical port's data output register and masks 
 124:Generated_Source\PSoC5/BOOTLDR.c **** *  the correct bits according to the width and bit position of the component 
 125:Generated_Source\PSoC5/BOOTLDR.c **** *  instance. 
 126:Generated_Source\PSoC5/BOOTLDR.c **** *
 127:Generated_Source\PSoC5/BOOTLDR.c **** * The data output register controls the signal applied to the physical pin in 
 128:Generated_Source\PSoC5/BOOTLDR.c **** * conjunction with the drive mode parameter. This is not the same as the 
 129:Generated_Source\PSoC5/BOOTLDR.c **** * preferred BOOTLDR_Read() API because the 
 130:Generated_Source\PSoC5/BOOTLDR.c **** * BOOTLDR_ReadDataReg() reads the data register instead of the status 
 131:Generated_Source\PSoC5/BOOTLDR.c **** * register. For output pins this is a useful function to determine the value 
 132:Generated_Source\PSoC5/BOOTLDR.c **** * just written to the pin.
 133:Generated_Source\PSoC5/BOOTLDR.c **** *
 134:Generated_Source\PSoC5/BOOTLDR.c **** * \return 
 135:Generated_Source\PSoC5/BOOTLDR.c **** *  The current value of the data register masked and shifted into a right 
 136:Generated_Source\PSoC5/BOOTLDR.c **** *  justified number for the component instance.
 137:Generated_Source\PSoC5/BOOTLDR.c **** *
 138:Generated_Source\PSoC5/BOOTLDR.c **** * \funcusage
 139:Generated_Source\PSoC5/BOOTLDR.c **** *  \snippet BOOTLDR_SUT.c usage_BOOTLDR_ReadDataReg 
 140:Generated_Source\PSoC5/BOOTLDR.c **** *******************************************************************************/
 141:Generated_Source\PSoC5/BOOTLDR.c **** uint8 BOOTLDR_ReadDataReg(void)
 142:Generated_Source\PSoC5/BOOTLDR.c **** {
 119              		.loc 1 142 0
 120              		.cfi_startproc
 121              		@ args = 0, pretend = 0, frame = 0
 122              		@ frame_needed = 0, uses_anonymous_args = 0
 123              		@ link register save eliminated.
 143:Generated_Source\PSoC5/BOOTLDR.c ****     return (BOOTLDR_DR & BOOTLDR_MASK) >> BOOTLDR_SHIFT;
 124              		.loc 1 143 0
 125 0000 024B     		ldr	r3, .L11
 126 0002 1878     		ldrb	r0, [r3]	@ zero_extendqisi2
 144:Generated_Source\PSoC5/BOOTLDR.c **** }
 127              		.loc 1 144 0
 128 0004 00F00100 		and	r0, r0, #1
 129 0008 7047     		bx	lr
 130              	.L12:
 131 000a 00BF     		.align	2
 132              	.L11:
 133 000c 00510040 		.word	1073762560
 134              		.cfi_endproc
 135              	.LFE3:
 136              		.size	BOOTLDR_ReadDataReg, .-BOOTLDR_ReadDataReg
 137              		.text
 138              	.Letext0:
 139              		.file 2 "Generated_Source\\PSoC5\\cytypes.h"
 140              		.section	.debug_info,"",%progbits
ARM GAS  C:\Users\RABBIT~1\AppData\Local\Temp\ccmR1r8y.s 			page 6


 141              	.Ldebug_info0:
 142 0000 1C010000 		.4byte	0x11c
 143 0004 0400     		.2byte	0x4
 144 0006 00000000 		.4byte	.Ldebug_abbrev0
 145 000a 04       		.byte	0x4
 146 000b 01       		.uleb128 0x1
 147 000c FD000000 		.4byte	.LASF20
 148 0010 0C       		.byte	0xc
 149 0011 73000000 		.4byte	.LASF21
 150 0015 11000000 		.4byte	.LASF22
 151 0019 00000000 		.4byte	.Ldebug_ranges0+0
 152 001d 00000000 		.4byte	0
 153 0021 00000000 		.4byte	.Ldebug_line0
 154 0025 02       		.uleb128 0x2
 155 0026 01       		.byte	0x1
 156 0027 06       		.byte	0x6
 157 0028 00020000 		.4byte	.LASF0
 158 002c 02       		.uleb128 0x2
 159 002d 01       		.byte	0x1
 160 002e 08       		.byte	0x8
 161 002f B1000000 		.4byte	.LASF1
 162 0033 02       		.uleb128 0x2
 163 0034 02       		.byte	0x2
 164 0035 05       		.byte	0x5
 165 0036 CC010000 		.4byte	.LASF2
 166 003a 02       		.uleb128 0x2
 167 003b 02       		.byte	0x2
 168 003c 07       		.byte	0x7
 169 003d D6000000 		.4byte	.LASF3
 170 0041 02       		.uleb128 0x2
 171 0042 04       		.byte	0x4
 172 0043 05       		.byte	0x5
 173 0044 DC010000 		.4byte	.LASF4
 174 0048 02       		.uleb128 0x2
 175 0049 04       		.byte	0x4
 176 004a 07       		.byte	0x7
 177 004b C4000000 		.4byte	.LASF5
 178 004f 02       		.uleb128 0x2
 179 0050 08       		.byte	0x8
 180 0051 05       		.byte	0x5
 181 0052 B9010000 		.4byte	.LASF6
 182 0056 02       		.uleb128 0x2
 183 0057 08       		.byte	0x8
 184 0058 07       		.byte	0x7
 185 0059 9A000000 		.4byte	.LASF7
 186 005d 03       		.uleb128 0x3
 187 005e 04       		.byte	0x4
 188 005f 05       		.byte	0x5
 189 0060 696E7400 		.ascii	"int\000"
 190 0064 02       		.uleb128 0x2
 191 0065 04       		.byte	0x4
 192 0066 07       		.byte	0x7
 193 0067 F0000000 		.4byte	.LASF8
 194 006b 04       		.uleb128 0x4
 195 006c D6010000 		.4byte	.LASF12
 196 0070 02       		.byte	0x2
 197 0071 A1       		.byte	0xa1
ARM GAS  C:\Users\RABBIT~1\AppData\Local\Temp\ccmR1r8y.s 			page 7


 198 0072 2C000000 		.4byte	0x2c
 199 0076 02       		.uleb128 0x2
 200 0077 04       		.byte	0x4
 201 0078 04       		.byte	0x4
 202 0079 94000000 		.4byte	.LASF9
 203 007d 02       		.uleb128 0x2
 204 007e 08       		.byte	0x8
 205 007f 04       		.byte	0x4
 206 0080 E9000000 		.4byte	.LASF10
 207 0084 02       		.uleb128 0x2
 208 0085 01       		.byte	0x1
 209 0086 08       		.byte	0x8
 210 0087 C7010000 		.4byte	.LASF11
 211 008b 05       		.uleb128 0x5
 212 008c BF000000 		.4byte	.LASF13
 213 0090 02       		.byte	0x2
 214 0091 4B01     		.2byte	0x14b
 215 0093 97000000 		.4byte	0x97
 216 0097 06       		.uleb128 0x6
 217 0098 6B000000 		.4byte	0x6b
 218 009c 07       		.uleb128 0x7
 219 009d F2010000 		.4byte	.LASF14
 220 00a1 01       		.byte	0x1
 221 00a2 39       		.byte	0x39
 222 00a3 00000000 		.4byte	.LFB0
 223 00a7 18000000 		.4byte	.LFE0-.LFB0
 224 00ab 01       		.uleb128 0x1
 225 00ac 9C       		.byte	0x9c
 226 00ad D0000000 		.4byte	0xd0
 227 00b1 08       		.uleb128 0x8
 228 00b2 00000000 		.4byte	.LASF16
 229 00b6 01       		.byte	0x1
 230 00b7 39       		.byte	0x39
 231 00b8 6B000000 		.4byte	0x6b
 232 00bc 00000000 		.4byte	.LLST0
 233 00c0 09       		.uleb128 0x9
 234 00c1 06000000 		.4byte	.LASF23
 235 00c5 01       		.byte	0x1
 236 00c6 3B       		.byte	0x3b
 237 00c7 6B000000 		.4byte	0x6b
 238 00cb 21000000 		.4byte	.LLST1
 239 00cf 00       		.byte	0
 240 00d0 07       		.uleb128 0x7
 241 00d1 90010000 		.4byte	.LASF15
 242 00d5 01       		.byte	0x1
 243 00d6 5A       		.byte	0x5a
 244 00d7 00000000 		.4byte	.LFB1
 245 00db 18000000 		.4byte	.LFE1-.LFB1
 246 00df 01       		.uleb128 0x1
 247 00e0 9C       		.byte	0x9c
 248 00e1 F5000000 		.4byte	0xf5
 249 00e5 08       		.uleb128 0x8
 250 00e6 8B010000 		.4byte	.LASF17
 251 00ea 01       		.byte	0x1
 252 00eb 5A       		.byte	0x5a
 253 00ec 6B000000 		.4byte	0x6b
 254 00f0 39000000 		.4byte	.LLST2
ARM GAS  C:\Users\RABBIT~1\AppData\Local\Temp\ccmR1r8y.s 			page 8


 255 00f4 00       		.byte	0
 256 00f5 0A       		.uleb128 0xa
 257 00f6 E5010000 		.4byte	.LASF18
 258 00fa 01       		.byte	0x1
 259 00fb 71       		.byte	0x71
 260 00fc 6B000000 		.4byte	0x6b
 261 0100 00000000 		.4byte	.LFB2
 262 0104 10000000 		.4byte	.LFE2-.LFB2
 263 0108 01       		.uleb128 0x1
 264 0109 9C       		.byte	0x9c
 265 010a 0A       		.uleb128 0xa
 266 010b A5010000 		.4byte	.LASF19
 267 010f 01       		.byte	0x1
 268 0110 8D       		.byte	0x8d
 269 0111 6B000000 		.4byte	0x6b
 270 0115 00000000 		.4byte	.LFB3
 271 0119 10000000 		.4byte	.LFE3-.LFB3
 272 011d 01       		.uleb128 0x1
 273 011e 9C       		.byte	0x9c
 274 011f 00       		.byte	0
 275              		.section	.debug_abbrev,"",%progbits
 276              	.Ldebug_abbrev0:
 277 0000 01       		.uleb128 0x1
 278 0001 11       		.uleb128 0x11
 279 0002 01       		.byte	0x1
 280 0003 25       		.uleb128 0x25
 281 0004 0E       		.uleb128 0xe
 282 0005 13       		.uleb128 0x13
 283 0006 0B       		.uleb128 0xb
 284 0007 03       		.uleb128 0x3
 285 0008 0E       		.uleb128 0xe
 286 0009 1B       		.uleb128 0x1b
 287 000a 0E       		.uleb128 0xe
 288 000b 55       		.uleb128 0x55
 289 000c 17       		.uleb128 0x17
 290 000d 11       		.uleb128 0x11
 291 000e 01       		.uleb128 0x1
 292 000f 10       		.uleb128 0x10
 293 0010 17       		.uleb128 0x17
 294 0011 00       		.byte	0
 295 0012 00       		.byte	0
 296 0013 02       		.uleb128 0x2
 297 0014 24       		.uleb128 0x24
 298 0015 00       		.byte	0
 299 0016 0B       		.uleb128 0xb
 300 0017 0B       		.uleb128 0xb
 301 0018 3E       		.uleb128 0x3e
 302 0019 0B       		.uleb128 0xb
 303 001a 03       		.uleb128 0x3
 304 001b 0E       		.uleb128 0xe
 305 001c 00       		.byte	0
 306 001d 00       		.byte	0
 307 001e 03       		.uleb128 0x3
 308 001f 24       		.uleb128 0x24
 309 0020 00       		.byte	0
 310 0021 0B       		.uleb128 0xb
 311 0022 0B       		.uleb128 0xb
ARM GAS  C:\Users\RABBIT~1\AppData\Local\Temp\ccmR1r8y.s 			page 9


 312 0023 3E       		.uleb128 0x3e
 313 0024 0B       		.uleb128 0xb
 314 0025 03       		.uleb128 0x3
 315 0026 08       		.uleb128 0x8
 316 0027 00       		.byte	0
 317 0028 00       		.byte	0
 318 0029 04       		.uleb128 0x4
 319 002a 16       		.uleb128 0x16
 320 002b 00       		.byte	0
 321 002c 03       		.uleb128 0x3
 322 002d 0E       		.uleb128 0xe
 323 002e 3A       		.uleb128 0x3a
 324 002f 0B       		.uleb128 0xb
 325 0030 3B       		.uleb128 0x3b
 326 0031 0B       		.uleb128 0xb
 327 0032 49       		.uleb128 0x49
 328 0033 13       		.uleb128 0x13
 329 0034 00       		.byte	0
 330 0035 00       		.byte	0
 331 0036 05       		.uleb128 0x5
 332 0037 16       		.uleb128 0x16
 333 0038 00       		.byte	0
 334 0039 03       		.uleb128 0x3
 335 003a 0E       		.uleb128 0xe
 336 003b 3A       		.uleb128 0x3a
 337 003c 0B       		.uleb128 0xb
 338 003d 3B       		.uleb128 0x3b
 339 003e 05       		.uleb128 0x5
 340 003f 49       		.uleb128 0x49
 341 0040 13       		.uleb128 0x13
 342 0041 00       		.byte	0
 343 0042 00       		.byte	0
 344 0043 06       		.uleb128 0x6
 345 0044 35       		.uleb128 0x35
 346 0045 00       		.byte	0
 347 0046 49       		.uleb128 0x49
 348 0047 13       		.uleb128 0x13
 349 0048 00       		.byte	0
 350 0049 00       		.byte	0
 351 004a 07       		.uleb128 0x7
 352 004b 2E       		.uleb128 0x2e
 353 004c 01       		.byte	0x1
 354 004d 3F       		.uleb128 0x3f
 355 004e 19       		.uleb128 0x19
 356 004f 03       		.uleb128 0x3
 357 0050 0E       		.uleb128 0xe
 358 0051 3A       		.uleb128 0x3a
 359 0052 0B       		.uleb128 0xb
 360 0053 3B       		.uleb128 0x3b
 361 0054 0B       		.uleb128 0xb
 362 0055 27       		.uleb128 0x27
 363 0056 19       		.uleb128 0x19
 364 0057 11       		.uleb128 0x11
 365 0058 01       		.uleb128 0x1
 366 0059 12       		.uleb128 0x12
 367 005a 06       		.uleb128 0x6
 368 005b 40       		.uleb128 0x40
ARM GAS  C:\Users\RABBIT~1\AppData\Local\Temp\ccmR1r8y.s 			page 10


 369 005c 18       		.uleb128 0x18
 370 005d 9742     		.uleb128 0x2117
 371 005f 19       		.uleb128 0x19
 372 0060 01       		.uleb128 0x1
 373 0061 13       		.uleb128 0x13
 374 0062 00       		.byte	0
 375 0063 00       		.byte	0
 376 0064 08       		.uleb128 0x8
 377 0065 05       		.uleb128 0x5
 378 0066 00       		.byte	0
 379 0067 03       		.uleb128 0x3
 380 0068 0E       		.uleb128 0xe
 381 0069 3A       		.uleb128 0x3a
 382 006a 0B       		.uleb128 0xb
 383 006b 3B       		.uleb128 0x3b
 384 006c 0B       		.uleb128 0xb
 385 006d 49       		.uleb128 0x49
 386 006e 13       		.uleb128 0x13
 387 006f 02       		.uleb128 0x2
 388 0070 17       		.uleb128 0x17
 389 0071 00       		.byte	0
 390 0072 00       		.byte	0
 391 0073 09       		.uleb128 0x9
 392 0074 34       		.uleb128 0x34
 393 0075 00       		.byte	0
 394 0076 03       		.uleb128 0x3
 395 0077 0E       		.uleb128 0xe
 396 0078 3A       		.uleb128 0x3a
 397 0079 0B       		.uleb128 0xb
 398 007a 3B       		.uleb128 0x3b
 399 007b 0B       		.uleb128 0xb
 400 007c 49       		.uleb128 0x49
 401 007d 13       		.uleb128 0x13
 402 007e 02       		.uleb128 0x2
 403 007f 17       		.uleb128 0x17
 404 0080 00       		.byte	0
 405 0081 00       		.byte	0
 406 0082 0A       		.uleb128 0xa
 407 0083 2E       		.uleb128 0x2e
 408 0084 00       		.byte	0
 409 0085 3F       		.uleb128 0x3f
 410 0086 19       		.uleb128 0x19
 411 0087 03       		.uleb128 0x3
 412 0088 0E       		.uleb128 0xe
 413 0089 3A       		.uleb128 0x3a
 414 008a 0B       		.uleb128 0xb
 415 008b 3B       		.uleb128 0x3b
 416 008c 0B       		.uleb128 0xb
 417 008d 27       		.uleb128 0x27
 418 008e 19       		.uleb128 0x19
 419 008f 49       		.uleb128 0x49
 420 0090 13       		.uleb128 0x13
 421 0091 11       		.uleb128 0x11
 422 0092 01       		.uleb128 0x1
 423 0093 12       		.uleb128 0x12
 424 0094 06       		.uleb128 0x6
 425 0095 40       		.uleb128 0x40
ARM GAS  C:\Users\RABBIT~1\AppData\Local\Temp\ccmR1r8y.s 			page 11


 426 0096 18       		.uleb128 0x18
 427 0097 9742     		.uleb128 0x2117
 428 0099 19       		.uleb128 0x19
 429 009a 00       		.byte	0
 430 009b 00       		.byte	0
 431 009c 00       		.byte	0
 432              		.section	.debug_loc,"",%progbits
 433              	.Ldebug_loc0:
 434              	.LLST0:
 435 0000 00000000 		.4byte	.LVL0
 436 0004 06000000 		.4byte	.LVL1
 437 0008 0100     		.2byte	0x1
 438 000a 50       		.byte	0x50
 439 000b 06000000 		.4byte	.LVL1
 440 000f 18000000 		.4byte	.LFE0
 441 0013 0400     		.2byte	0x4
 442 0015 F3       		.byte	0xf3
 443 0016 01       		.uleb128 0x1
 444 0017 50       		.byte	0x50
 445 0018 9F       		.byte	0x9f
 446 0019 00000000 		.4byte	0
 447 001d 00000000 		.4byte	0
 448              	.LLST1:
 449 0021 08000000 		.4byte	.LVL2
 450 0025 0C000000 		.4byte	.LVL3
 451 0029 0600     		.2byte	0x6
 452 002b 73       		.byte	0x73
 453 002c 00       		.sleb128 0
 454 002d 09       		.byte	0x9
 455 002e FE       		.byte	0xfe
 456 002f 1A       		.byte	0x1a
 457 0030 9F       		.byte	0x9f
 458 0031 00000000 		.4byte	0
 459 0035 00000000 		.4byte	0
 460              	.LLST2:
 461 0039 00000000 		.4byte	.LVL4
 462 003d 06000000 		.4byte	.LVL5
 463 0041 0100     		.2byte	0x1
 464 0043 50       		.byte	0x50
 465 0044 06000000 		.4byte	.LVL5
 466 0048 18000000 		.4byte	.LFE1
 467 004c 0400     		.2byte	0x4
 468 004e F3       		.byte	0xf3
 469 004f 01       		.uleb128 0x1
 470 0050 50       		.byte	0x50
 471 0051 9F       		.byte	0x9f
 472 0052 00000000 		.4byte	0
 473 0056 00000000 		.4byte	0
 474              		.section	.debug_aranges,"",%progbits
 475 0000 34000000 		.4byte	0x34
 476 0004 0200     		.2byte	0x2
 477 0006 00000000 		.4byte	.Ldebug_info0
 478 000a 04       		.byte	0x4
 479 000b 00       		.byte	0
 480 000c 0000     		.2byte	0
 481 000e 0000     		.2byte	0
 482 0010 00000000 		.4byte	.LFB0
ARM GAS  C:\Users\RABBIT~1\AppData\Local\Temp\ccmR1r8y.s 			page 12


 483 0014 18000000 		.4byte	.LFE0-.LFB0
 484 0018 00000000 		.4byte	.LFB1
 485 001c 18000000 		.4byte	.LFE1-.LFB1
 486 0020 00000000 		.4byte	.LFB2
 487 0024 10000000 		.4byte	.LFE2-.LFB2
 488 0028 00000000 		.4byte	.LFB3
 489 002c 10000000 		.4byte	.LFE3-.LFB3
 490 0030 00000000 		.4byte	0
 491 0034 00000000 		.4byte	0
 492              		.section	.debug_ranges,"",%progbits
 493              	.Ldebug_ranges0:
 494 0000 00000000 		.4byte	.LFB0
 495 0004 18000000 		.4byte	.LFE0
 496 0008 00000000 		.4byte	.LFB1
 497 000c 18000000 		.4byte	.LFE1
 498 0010 00000000 		.4byte	.LFB2
 499 0014 10000000 		.4byte	.LFE2
 500 0018 00000000 		.4byte	.LFB3
 501 001c 10000000 		.4byte	.LFE3
 502 0020 00000000 		.4byte	0
 503 0024 00000000 		.4byte	0
 504              		.section	.debug_line,"",%progbits
 505              	.Ldebug_line0:
 506 0000 92000000 		.section	.debug_str,"MS",%progbits,1
 506      02004400 
 506      00000201 
 506      FB0E0D00 
 506      01010101 
 507              	.LASF16:
 508 0000 76616C75 		.ascii	"value\000"
 508      6500
 509              	.LASF23:
 510 0006 73746174 		.ascii	"staticBits\000"
 510      69634269 
 510      747300
 511              	.LASF22:
 512 0011 433A5C55 		.ascii	"C:\\Users\\Rabbit Hole Shipping\\Google Drive\\SCSI"
 512      73657273 
 512      5C526162 
 512      62697420 
 512      486F6C65 
 513 0040 3253445C 		.ascii	"2SD\\software\\SCSI2SD\\v5.2-eth\\USB_Bootloader.cy"
 513      736F6674 
 513      77617265 
 513      5C534353 
 513      49325344 
 514 006f 64736E00 		.ascii	"dsn\000"
 515              	.LASF21:
 516 0073 47656E65 		.ascii	"Generated_Source\\PSoC5\\BOOTLDR.c\000"
 516      72617465 
 516      645F536F 
 516      75726365 
 516      5C50536F 
 517              	.LASF9:
 518 0094 666C6F61 		.ascii	"float\000"
 518      7400
 519              	.LASF7:
ARM GAS  C:\Users\RABBIT~1\AppData\Local\Temp\ccmR1r8y.s 			page 13


 520 009a 6C6F6E67 		.ascii	"long long unsigned int\000"
 520      206C6F6E 
 520      6720756E 
 520      7369676E 
 520      65642069 
 521              	.LASF1:
 522 00b1 756E7369 		.ascii	"unsigned char\000"
 522      676E6564 
 522      20636861 
 522      7200
 523              	.LASF13:
 524 00bf 72656738 		.ascii	"reg8\000"
 524      00
 525              	.LASF5:
 526 00c4 6C6F6E67 		.ascii	"long unsigned int\000"
 526      20756E73 
 526      69676E65 
 526      6420696E 
 526      7400
 527              	.LASF3:
 528 00d6 73686F72 		.ascii	"short unsigned int\000"
 528      7420756E 
 528      7369676E 
 528      65642069 
 528      6E7400
 529              	.LASF10:
 530 00e9 646F7562 		.ascii	"double\000"
 530      6C6500
 531              	.LASF8:
 532 00f0 756E7369 		.ascii	"unsigned int\000"
 532      676E6564 
 532      20696E74 
 532      00
 533              	.LASF20:
 534 00fd 474E5520 		.ascii	"GNU C11 5.4.1 20160609 (release) [ARM/embedded-5-br"
 534      43313120 
 534      352E342E 
 534      31203230 
 534      31363036 
 535 0130 616E6368 		.ascii	"anch revision 237715] -mcpu=cortex-m3 -mthumb -g -O"
 535      20726576 
 535      6973696F 
 535      6E203233 
 535      37373135 
 536 0163 73202D66 		.ascii	"s -ffunction-sections -ffat-lto-objects\000"
 536      66756E63 
 536      74696F6E 
 536      2D736563 
 536      74696F6E 
 537              	.LASF17:
 538 018b 6D6F6465 		.ascii	"mode\000"
 538      00
 539              	.LASF15:
 540 0190 424F4F54 		.ascii	"BOOTLDR_SetDriveMode\000"
 540      4C44525F 
 540      53657444 
 540      72697665 
ARM GAS  C:\Users\RABBIT~1\AppData\Local\Temp\ccmR1r8y.s 			page 14


 540      4D6F6465 
 541              	.LASF19:
 542 01a5 424F4F54 		.ascii	"BOOTLDR_ReadDataReg\000"
 542      4C44525F 
 542      52656164 
 542      44617461 
 542      52656700 
 543              	.LASF6:
 544 01b9 6C6F6E67 		.ascii	"long long int\000"
 544      206C6F6E 
 544      6720696E 
 544      7400
 545              	.LASF11:
 546 01c7 63686172 		.ascii	"char\000"
 546      00
 547              	.LASF2:
 548 01cc 73686F72 		.ascii	"short int\000"
 548      7420696E 
 548      7400
 549              	.LASF12:
 550 01d6 75696E74 		.ascii	"uint8\000"
 550      3800
 551              	.LASF4:
 552 01dc 6C6F6E67 		.ascii	"long int\000"
 552      20696E74 
 552      00
 553              	.LASF18:
 554 01e5 424F4F54 		.ascii	"BOOTLDR_Read\000"
 554      4C44525F 
 554      52656164 
 554      00
 555              	.LASF14:
 556 01f2 424F4F54 		.ascii	"BOOTLDR_Write\000"
 556      4C44525F 
 556      57726974 
 556      6500
 557              	.LASF0:
 558 0200 7369676E 		.ascii	"signed char\000"
 558      65642063 
 558      68617200 
 559              		.ident	"GCC: (GNU Tools for ARM Embedded Processors) 5.4.1 20160609 (release) [ARM/embedded-5-bran
