ARM GAS  C:\Users\RABBIT~1\AppData\Local\Temp\ccHwaQfy.s 			page 1


   1              		.syntax unified
   2              		.cpu cortex-m3
   3              		.fpu softvfp
   4              		.eabi_attribute 20, 1
   5              		.eabi_attribute 21, 1
   6              		.eabi_attribute 23, 3
   7              		.eabi_attribute 24, 1
   8              		.eabi_attribute 25, 1
   9              		.eabi_attribute 26, 1
  10              		.eabi_attribute 30, 4
  11              		.eabi_attribute 34, 1
  12              		.eabi_attribute 18, 4
  13              		.thumb
  14              		.syntax unified
  15              		.file	"USBFS_boot.c"
  16              		.text
  17              	.Ltext0:
  18              		.cfi_sections	.debug_frame
  19              		.section	.text.USBFS_CyBtldrCommStart,"ax",%progbits
  20              		.align	1
  21              		.global	USBFS_CyBtldrCommStart
  22              		.thumb
  23              		.thumb_func
  24              		.type	USBFS_CyBtldrCommStart, %function
  25              	USBFS_CyBtldrCommStart:
  26              	.LFB0:
  27              		.file 1 "Generated_Source\\PSoC5\\USBFS_boot.c"
   1:Generated_Source\PSoC5/USBFS_boot.c **** /*******************************************************************************
   2:Generated_Source\PSoC5/USBFS_boot.c **** * File Name: USBFS_boot.c
   3:Generated_Source\PSoC5/USBFS_boot.c **** * Version 2.80
   4:Generated_Source\PSoC5/USBFS_boot.c **** *
   5:Generated_Source\PSoC5/USBFS_boot.c **** * Description:
   6:Generated_Source\PSoC5/USBFS_boot.c **** *  Boot loader API for USBFS Component.
   7:Generated_Source\PSoC5/USBFS_boot.c **** *
   8:Generated_Source\PSoC5/USBFS_boot.c **** *  Note:
   9:Generated_Source\PSoC5/USBFS_boot.c **** *
  10:Generated_Source\PSoC5/USBFS_boot.c **** ********************************************************************************
  11:Generated_Source\PSoC5/USBFS_boot.c **** * Copyright 2008-2014, Cypress Semiconductor Corporation.  All rights reserved.
  12:Generated_Source\PSoC5/USBFS_boot.c **** * You may use this file only in accordance with the license, terms, conditions,
  13:Generated_Source\PSoC5/USBFS_boot.c **** * disclaimers, and limitations in the end user license agreement accompanying
  14:Generated_Source\PSoC5/USBFS_boot.c **** * the software package with which this file was provided.
  15:Generated_Source\PSoC5/USBFS_boot.c **** *******************************************************************************/
  16:Generated_Source\PSoC5/USBFS_boot.c **** 
  17:Generated_Source\PSoC5/USBFS_boot.c **** #include "USBFS.h"
  18:Generated_Source\PSoC5/USBFS_boot.c **** 
  19:Generated_Source\PSoC5/USBFS_boot.c **** #if defined(CYDEV_BOOTLOADER_IO_COMP) && ((CYDEV_BOOTLOADER_IO_COMP == CyBtldr_USBFS) || \
  20:Generated_Source\PSoC5/USBFS_boot.c ****                                           (CYDEV_BOOTLOADER_IO_COMP == CyBtldr_Custom_Interface))
  21:Generated_Source\PSoC5/USBFS_boot.c **** 
  22:Generated_Source\PSoC5/USBFS_boot.c **** 
  23:Generated_Source\PSoC5/USBFS_boot.c **** /***************************************
  24:Generated_Source\PSoC5/USBFS_boot.c **** *    Bootloader Variables
  25:Generated_Source\PSoC5/USBFS_boot.c **** ***************************************/
  26:Generated_Source\PSoC5/USBFS_boot.c **** 
  27:Generated_Source\PSoC5/USBFS_boot.c **** static uint8  USBFS_started = 0u;
  28:Generated_Source\PSoC5/USBFS_boot.c **** 
  29:Generated_Source\PSoC5/USBFS_boot.c **** 
  30:Generated_Source\PSoC5/USBFS_boot.c **** /*******************************************************************************
ARM GAS  C:\Users\RABBIT~1\AppData\Local\Temp\ccHwaQfy.s 			page 2


  31:Generated_Source\PSoC5/USBFS_boot.c **** * Function Name: USBFS_CyBtldrCommStart
  32:Generated_Source\PSoC5/USBFS_boot.c **** ********************************************************************************
  33:Generated_Source\PSoC5/USBFS_boot.c **** *
  34:Generated_Source\PSoC5/USBFS_boot.c **** * Summary:
  35:Generated_Source\PSoC5/USBFS_boot.c **** *  Starts the component and enables the interrupt.
  36:Generated_Source\PSoC5/USBFS_boot.c **** *
  37:Generated_Source\PSoC5/USBFS_boot.c **** * Parameters:
  38:Generated_Source\PSoC5/USBFS_boot.c **** *  None.
  39:Generated_Source\PSoC5/USBFS_boot.c **** *
  40:Generated_Source\PSoC5/USBFS_boot.c **** * Return:
  41:Generated_Source\PSoC5/USBFS_boot.c **** *  None.
  42:Generated_Source\PSoC5/USBFS_boot.c **** *
  43:Generated_Source\PSoC5/USBFS_boot.c **** * Side Effects:
  44:Generated_Source\PSoC5/USBFS_boot.c **** *  This function starts the USB with 3V or 5V operation.
  45:Generated_Source\PSoC5/USBFS_boot.c **** *
  46:Generated_Source\PSoC5/USBFS_boot.c **** * Reentrant:
  47:Generated_Source\PSoC5/USBFS_boot.c **** *  No.
  48:Generated_Source\PSoC5/USBFS_boot.c **** *
  49:Generated_Source\PSoC5/USBFS_boot.c **** *******************************************************************************/
  50:Generated_Source\PSoC5/USBFS_boot.c **** void USBFS_CyBtldrCommStart(void) 
  51:Generated_Source\PSoC5/USBFS_boot.c **** {
  28              		.loc 1 51 0
  29              		.cfi_startproc
  30              		@ args = 0, pretend = 0, frame = 0
  31              		@ frame_needed = 0, uses_anonymous_args = 0
  32 0000 08B5     		push	{r3, lr}
  33              		.cfi_def_cfa_offset 8
  34              		.cfi_offset 3, -8
  35              		.cfi_offset 14, -4
  52:Generated_Source\PSoC5/USBFS_boot.c ****     CyGlobalIntEnable;      /* Enable Global Interrupts */
  36              		.loc 1 52 0
  37              		.syntax unified
  38              	@ 52 "Generated_Source\PSoC5\USBFS_boot.c" 1
  39 0002 62B6     		CPSIE   i
  40              	@ 0 "" 2
  53:Generated_Source\PSoC5/USBFS_boot.c **** 
  54:Generated_Source\PSoC5/USBFS_boot.c ****     /*Start USBFS Operation/device 0 and with 5V or 3V operation depend on Voltage Configuration in
  55:Generated_Source\PSoC5/USBFS_boot.c ****     USBFS_Start(0u, USBFS_DWR_VDDD_OPERATION);
  41              		.loc 1 55 0
  42              		.thumb
  43              		.syntax unified
  44 0004 0221     		movs	r1, #2
  45 0006 0020     		movs	r0, #0
  46 0008 FFF7FEFF 		bl	USBFS_Start
  47              	.LVL0:
  56:Generated_Source\PSoC5/USBFS_boot.c **** 
  57:Generated_Source\PSoC5/USBFS_boot.c ****     /* USB component started, the correct enumeration will be checked in first Read operation */
  58:Generated_Source\PSoC5/USBFS_boot.c ****     USBFS_started = 1u;
  48              		.loc 1 58 0
  49 000c 014B     		ldr	r3, .L2
  50 000e 0122     		movs	r2, #1
  51 0010 1A70     		strb	r2, [r3]
  52 0012 08BD     		pop	{r3, pc}
  53              	.L3:
  54              		.align	2
  55              	.L2:
  56 0014 00000000 		.word	.LANCHOR0
ARM GAS  C:\Users\RABBIT~1\AppData\Local\Temp\ccHwaQfy.s 			page 3


  57              		.cfi_endproc
  58              	.LFE0:
  59              		.size	USBFS_CyBtldrCommStart, .-USBFS_CyBtldrCommStart
  60              		.section	.text.USBFS_CyBtldrCommStop,"ax",%progbits
  61              		.align	1
  62              		.global	USBFS_CyBtldrCommStop
  63              		.thumb
  64              		.thumb_func
  65              		.type	USBFS_CyBtldrCommStop, %function
  66              	USBFS_CyBtldrCommStop:
  67              	.LFB1:
  59:Generated_Source\PSoC5/USBFS_boot.c **** }
  60:Generated_Source\PSoC5/USBFS_boot.c **** 
  61:Generated_Source\PSoC5/USBFS_boot.c **** 
  62:Generated_Source\PSoC5/USBFS_boot.c **** /*******************************************************************************
  63:Generated_Source\PSoC5/USBFS_boot.c **** * Function Name: USBFS_CyBtldrCommStop.
  64:Generated_Source\PSoC5/USBFS_boot.c **** ********************************************************************************
  65:Generated_Source\PSoC5/USBFS_boot.c **** *
  66:Generated_Source\PSoC5/USBFS_boot.c **** * Summary:
  67:Generated_Source\PSoC5/USBFS_boot.c **** *  Disable the component and disable the interrupt.
  68:Generated_Source\PSoC5/USBFS_boot.c **** *
  69:Generated_Source\PSoC5/USBFS_boot.c **** * Parameters:
  70:Generated_Source\PSoC5/USBFS_boot.c **** *  None.
  71:Generated_Source\PSoC5/USBFS_boot.c **** *
  72:Generated_Source\PSoC5/USBFS_boot.c **** * Return:
  73:Generated_Source\PSoC5/USBFS_boot.c **** *  None.
  74:Generated_Source\PSoC5/USBFS_boot.c **** *
  75:Generated_Source\PSoC5/USBFS_boot.c **** *******************************************************************************/
  76:Generated_Source\PSoC5/USBFS_boot.c **** void USBFS_CyBtldrCommStop(void) 
  77:Generated_Source\PSoC5/USBFS_boot.c **** {
  68              		.loc 1 77 0
  69              		.cfi_startproc
  70              		@ args = 0, pretend = 0, frame = 0
  71              		@ frame_needed = 0, uses_anonymous_args = 0
  72              		@ link register save eliminated.
  78:Generated_Source\PSoC5/USBFS_boot.c ****     USBFS_Stop();
  73              		.loc 1 78 0
  74 0000 FFF7FEBF 		b	USBFS_Stop
  75              	.LVL1:
  76              		.cfi_endproc
  77              	.LFE1:
  78              		.size	USBFS_CyBtldrCommStop, .-USBFS_CyBtldrCommStop
  79              		.section	.text.USBFS_CyBtldrCommReset,"ax",%progbits
  80              		.align	1
  81              		.global	USBFS_CyBtldrCommReset
  82              		.thumb
  83              		.thumb_func
  84              		.type	USBFS_CyBtldrCommReset, %function
  85              	USBFS_CyBtldrCommReset:
  86              	.LFB2:
  79:Generated_Source\PSoC5/USBFS_boot.c **** }
  80:Generated_Source\PSoC5/USBFS_boot.c **** 
  81:Generated_Source\PSoC5/USBFS_boot.c **** 
  82:Generated_Source\PSoC5/USBFS_boot.c **** /*******************************************************************************
  83:Generated_Source\PSoC5/USBFS_boot.c **** * Function Name: USBFS_CyBtldrCommReset.
  84:Generated_Source\PSoC5/USBFS_boot.c **** ********************************************************************************
  85:Generated_Source\PSoC5/USBFS_boot.c **** *
ARM GAS  C:\Users\RABBIT~1\AppData\Local\Temp\ccHwaQfy.s 			page 4


  86:Generated_Source\PSoC5/USBFS_boot.c **** * Summary:
  87:Generated_Source\PSoC5/USBFS_boot.c **** *  Resets the receive and transmit communication Buffers.
  88:Generated_Source\PSoC5/USBFS_boot.c **** *
  89:Generated_Source\PSoC5/USBFS_boot.c **** * Parameters:
  90:Generated_Source\PSoC5/USBFS_boot.c **** *  None
  91:Generated_Source\PSoC5/USBFS_boot.c **** *
  92:Generated_Source\PSoC5/USBFS_boot.c **** * Return:
  93:Generated_Source\PSoC5/USBFS_boot.c **** *  None
  94:Generated_Source\PSoC5/USBFS_boot.c **** *
  95:Generated_Source\PSoC5/USBFS_boot.c **** * Reentrant:
  96:Generated_Source\PSoC5/USBFS_boot.c **** *  No
  97:Generated_Source\PSoC5/USBFS_boot.c **** *
  98:Generated_Source\PSoC5/USBFS_boot.c **** *******************************************************************************/
  99:Generated_Source\PSoC5/USBFS_boot.c **** void USBFS_CyBtldrCommReset(void) 
 100:Generated_Source\PSoC5/USBFS_boot.c **** {
  87              		.loc 1 100 0
  88              		.cfi_startproc
  89              		@ args = 0, pretend = 0, frame = 0
  90              		@ frame_needed = 0, uses_anonymous_args = 0
  91              		@ link register save eliminated.
 101:Generated_Source\PSoC5/USBFS_boot.c ****     USBFS_EnableOutEP(USBFS_BTLDR_OUT_EP);  /* Enable the OUT endpoint */
  92              		.loc 1 101 0
  93 0000 0120     		movs	r0, #1
  94 0002 FFF7FEBF 		b	USBFS_EnableOutEP
  95              	.LVL2:
  96              		.cfi_endproc
  97              	.LFE2:
  98              		.size	USBFS_CyBtldrCommReset, .-USBFS_CyBtldrCommReset
  99              		.section	.text.USBFS_CyBtldrCommWrite,"ax",%progbits
 100              		.align	1
 101              		.global	USBFS_CyBtldrCommWrite
 102              		.thumb
 103              		.thumb_func
 104              		.type	USBFS_CyBtldrCommWrite, %function
 105              	USBFS_CyBtldrCommWrite:
 106              	.LFB3:
 102:Generated_Source\PSoC5/USBFS_boot.c **** }
 103:Generated_Source\PSoC5/USBFS_boot.c **** 
 104:Generated_Source\PSoC5/USBFS_boot.c **** 
 105:Generated_Source\PSoC5/USBFS_boot.c **** /*******************************************************************************
 106:Generated_Source\PSoC5/USBFS_boot.c **** * Function Name: USBFS_CyBtldrCommWrite.
 107:Generated_Source\PSoC5/USBFS_boot.c **** ********************************************************************************
 108:Generated_Source\PSoC5/USBFS_boot.c **** *
 109:Generated_Source\PSoC5/USBFS_boot.c **** * Summary:
 110:Generated_Source\PSoC5/USBFS_boot.c **** *  Allows the caller to write data to the boot loader host. The function will
 111:Generated_Source\PSoC5/USBFS_boot.c **** *  handle polling to allow a block of data to be completely sent to the host
 112:Generated_Source\PSoC5/USBFS_boot.c **** *  device.
 113:Generated_Source\PSoC5/USBFS_boot.c **** *
 114:Generated_Source\PSoC5/USBFS_boot.c **** * Parameters:
 115:Generated_Source\PSoC5/USBFS_boot.c **** *  pData:    A pointer to the block of data to send to the device
 116:Generated_Source\PSoC5/USBFS_boot.c **** *  size:     The number of bytes to write.
 117:Generated_Source\PSoC5/USBFS_boot.c **** *  count:    Pointer to an unsigned short variable to write the number of
 118:Generated_Source\PSoC5/USBFS_boot.c **** *             bytes actually written.
 119:Generated_Source\PSoC5/USBFS_boot.c **** *  timeOut:  Number of units to wait before returning because of a timeout.
 120:Generated_Source\PSoC5/USBFS_boot.c **** *
 121:Generated_Source\PSoC5/USBFS_boot.c **** * Return:
 122:Generated_Source\PSoC5/USBFS_boot.c **** *  Returns the value that best describes the problem.
ARM GAS  C:\Users\RABBIT~1\AppData\Local\Temp\ccHwaQfy.s 			page 5


 123:Generated_Source\PSoC5/USBFS_boot.c **** *
 124:Generated_Source\PSoC5/USBFS_boot.c **** * Reentrant:
 125:Generated_Source\PSoC5/USBFS_boot.c **** *  No
 126:Generated_Source\PSoC5/USBFS_boot.c **** *
 127:Generated_Source\PSoC5/USBFS_boot.c **** *******************************************************************************/
 128:Generated_Source\PSoC5/USBFS_boot.c **** cystatus USBFS_CyBtldrCommWrite(const uint8 pData[], uint16 size, uint16 *count, uint8 timeOut) CYS
 129:Generated_Source\PSoC5/USBFS_boot.c ****                                                             
 130:Generated_Source\PSoC5/USBFS_boot.c **** {
 107              		.loc 1 130 0
 108              		.cfi_startproc
 109              		@ args = 0, pretend = 0, frame = 0
 110              		@ frame_needed = 0, uses_anonymous_args = 0
 111              	.LVL3:
 112 0000 70B5     		push	{r4, r5, r6, lr}
 113              		.cfi_def_cfa_offset 16
 114              		.cfi_offset 4, -16
 115              		.cfi_offset 5, -12
 116              		.cfi_offset 6, -8
 117              		.cfi_offset 14, -4
 131:Generated_Source\PSoC5/USBFS_boot.c ****     cystatus retCode;
 132:Generated_Source\PSoC5/USBFS_boot.c ****     uint16 timeoutMs;
 133:Generated_Source\PSoC5/USBFS_boot.c **** 
 134:Generated_Source\PSoC5/USBFS_boot.c ****     timeoutMs = ((uint16) 10u * timeOut);  /* Convert from 10mS check to number 1mS checks */
 118              		.loc 1 134 0
 119 0002 03EB8303 		add	r3, r3, r3, lsl #2
 120              	.LVL4:
 130:Generated_Source\PSoC5/USBFS_boot.c ****     cystatus retCode;
 121              		.loc 1 130 0
 122 0006 0E46     		mov	r6, r1
 123 0008 1546     		mov	r5, r2
 135:Generated_Source\PSoC5/USBFS_boot.c **** 
 136:Generated_Source\PSoC5/USBFS_boot.c ****     /* Enable IN transfer */
 137:Generated_Source\PSoC5/USBFS_boot.c ****     USBFS_LoadInEP(USBFS_BTLDR_IN_EP, pData, USBFS_BTLDR_SIZEOF_READ_BUFFER);
 124              		.loc 1 137 0
 125 000a 0146     		mov	r1, r0
 126              	.LVL5:
 127 000c 4022     		movs	r2, #64
 128              	.LVL6:
 129 000e 0220     		movs	r0, #2
 130              	.LVL7:
 134:Generated_Source\PSoC5/USBFS_boot.c **** 
 131              		.loc 1 134 0
 132 0010 5C00     		lsls	r4, r3, #1
 133              	.LVL8:
 134              		.loc 1 137 0
 135 0012 FFF7FEFF 		bl	USBFS_LoadInEP
 136              	.LVL9:
 137              	.L7:
 138:Generated_Source\PSoC5/USBFS_boot.c **** 
 139:Generated_Source\PSoC5/USBFS_boot.c ****     /* Wait for the master to read it. */
 140:Generated_Source\PSoC5/USBFS_boot.c ****     while ((USBFS_GetEPState(USBFS_BTLDR_IN_EP) == USBFS_IN_BUFFER_FULL) &&
 138              		.loc 1 140 0
 139 0016 0220     		movs	r0, #2
 140 0018 FFF7FEFF 		bl	USBFS_GetEPState
 141              	.LVL10:
 142 001c 30B9     		cbnz	r0, .L8
 143              		.loc 1 140 0 is_stmt 0 discriminator 1
ARM GAS  C:\Users\RABBIT~1\AppData\Local\Temp\ccHwaQfy.s 			page 6


 144 001e 2CB1     		cbz	r4, .L8
 141:Generated_Source\PSoC5/USBFS_boot.c ****            (0u != timeoutMs))
 142:Generated_Source\PSoC5/USBFS_boot.c ****     {
 143:Generated_Source\PSoC5/USBFS_boot.c ****         CyDelay(USBFS_BTLDR_WAIT_1_MS);
 145              		.loc 1 143 0 is_stmt 1
 146 0020 0120     		movs	r0, #1
 144:Generated_Source\PSoC5/USBFS_boot.c ****         timeoutMs--;
 147              		.loc 1 144 0
 148 0022 013C     		subs	r4, r4, #1
 149              	.LVL11:
 143:Generated_Source\PSoC5/USBFS_boot.c ****         timeoutMs--;
 150              		.loc 1 143 0
 151 0024 FFF7FEFF 		bl	CyDelay
 152              	.LVL12:
 153              		.loc 1 144 0
 154 0028 A4B2     		uxth	r4, r4
 155              	.LVL13:
 156 002a F4E7     		b	.L7
 157              	.L8:
 145:Generated_Source\PSoC5/USBFS_boot.c ****     }
 146:Generated_Source\PSoC5/USBFS_boot.c **** 
 147:Generated_Source\PSoC5/USBFS_boot.c ****     if (USBFS_GetEPState(USBFS_BTLDR_IN_EP) == USBFS_IN_BUFFER_FULL)
 158              		.loc 1 147 0
 159 002c 0220     		movs	r0, #2
 160 002e FFF7FEFF 		bl	USBFS_GetEPState
 161              	.LVL14:
 162 0032 10B1     		cbz	r0, .L11
 148:Generated_Source\PSoC5/USBFS_boot.c ****     {
 149:Generated_Source\PSoC5/USBFS_boot.c ****         retCode = CYRET_TIMEOUT;
 150:Generated_Source\PSoC5/USBFS_boot.c ****     }
 151:Generated_Source\PSoC5/USBFS_boot.c ****     else
 152:Generated_Source\PSoC5/USBFS_boot.c ****     {
 153:Generated_Source\PSoC5/USBFS_boot.c ****         *count = size;
 163              		.loc 1 153 0
 164 0034 2E80     		strh	r6, [r5]	@ movhi
 165              	.LVL15:
 154:Generated_Source\PSoC5/USBFS_boot.c ****         retCode = CYRET_SUCCESS;
 166              		.loc 1 154 0
 167 0036 0020     		movs	r0, #0
 168 0038 70BD     		pop	{r4, r5, r6, pc}
 169              	.LVL16:
 170              	.L11:
 149:Generated_Source\PSoC5/USBFS_boot.c ****     }
 171              		.loc 1 149 0
 172 003a 1020     		movs	r0, #16
 173              	.LVL17:
 155:Generated_Source\PSoC5/USBFS_boot.c ****     }
 156:Generated_Source\PSoC5/USBFS_boot.c **** 
 157:Generated_Source\PSoC5/USBFS_boot.c ****     return(retCode);
 158:Generated_Source\PSoC5/USBFS_boot.c **** }
 174              		.loc 1 158 0
 175 003c 70BD     		pop	{r4, r5, r6, pc}
 176              		.cfi_endproc
 177              	.LFE3:
 178              		.size	USBFS_CyBtldrCommWrite, .-USBFS_CyBtldrCommWrite
 179              		.section	.text.USBFS_CyBtldrCommRead,"ax",%progbits
 180              		.align	1
ARM GAS  C:\Users\RABBIT~1\AppData\Local\Temp\ccHwaQfy.s 			page 7


 181              		.global	USBFS_CyBtldrCommRead
 182              		.thumb
 183              		.thumb_func
 184              		.type	USBFS_CyBtldrCommRead, %function
 185              	USBFS_CyBtldrCommRead:
 186              	.LFB4:
 159:Generated_Source\PSoC5/USBFS_boot.c **** 
 160:Generated_Source\PSoC5/USBFS_boot.c **** 
 161:Generated_Source\PSoC5/USBFS_boot.c **** /*******************************************************************************
 162:Generated_Source\PSoC5/USBFS_boot.c **** * Function Name: USBFS_CyBtldrCommRead.
 163:Generated_Source\PSoC5/USBFS_boot.c **** ********************************************************************************
 164:Generated_Source\PSoC5/USBFS_boot.c **** *
 165:Generated_Source\PSoC5/USBFS_boot.c **** * Summary:
 166:Generated_Source\PSoC5/USBFS_boot.c **** *  Allows the caller to read data from the boot loader host. The function will
 167:Generated_Source\PSoC5/USBFS_boot.c **** *  handle polling to allow a block of data to be completely received from the
 168:Generated_Source\PSoC5/USBFS_boot.c **** *  host device.
 169:Generated_Source\PSoC5/USBFS_boot.c **** *
 170:Generated_Source\PSoC5/USBFS_boot.c **** * Parameters:
 171:Generated_Source\PSoC5/USBFS_boot.c **** *  pData:    A pointer to the area to store the block of data received
 172:Generated_Source\PSoC5/USBFS_boot.c **** *             from the device.
 173:Generated_Source\PSoC5/USBFS_boot.c **** *  size:     The number of bytes to read.
 174:Generated_Source\PSoC5/USBFS_boot.c **** *  count:    Pointer to an unsigned short variable to write the number
 175:Generated_Source\PSoC5/USBFS_boot.c **** *             of bytes actually read.
 176:Generated_Source\PSoC5/USBFS_boot.c **** *  timeOut:  Number of units to wait before returning because of a timeOut.
 177:Generated_Source\PSoC5/USBFS_boot.c **** *            Timeout is measured in 10s of ms.
 178:Generated_Source\PSoC5/USBFS_boot.c **** *
 179:Generated_Source\PSoC5/USBFS_boot.c **** * Return:
 180:Generated_Source\PSoC5/USBFS_boot.c **** *  Returns the value that best describes the problem.
 181:Generated_Source\PSoC5/USBFS_boot.c **** *
 182:Generated_Source\PSoC5/USBFS_boot.c **** * Reentrant:
 183:Generated_Source\PSoC5/USBFS_boot.c **** *  No
 184:Generated_Source\PSoC5/USBFS_boot.c **** *
 185:Generated_Source\PSoC5/USBFS_boot.c **** *******************************************************************************/
 186:Generated_Source\PSoC5/USBFS_boot.c **** cystatus USBFS_CyBtldrCommRead(uint8 pData[], uint16 size, uint16 *count, uint8 timeOut) CYSMALL
 187:Generated_Source\PSoC5/USBFS_boot.c ****                                                             
 188:Generated_Source\PSoC5/USBFS_boot.c **** {
 187              		.loc 1 188 0
 188              		.cfi_startproc
 189              		@ args = 0, pretend = 0, frame = 0
 190              		@ frame_needed = 0, uses_anonymous_args = 0
 191              	.LVL18:
 192 0000 2DE9F843 		push	{r3, r4, r5, r6, r7, r8, r9, lr}
 193              		.cfi_def_cfa_offset 32
 194              		.cfi_offset 3, -32
 195              		.cfi_offset 4, -28
 196              		.cfi_offset 5, -24
 197              		.cfi_offset 6, -20
 198              		.cfi_offset 7, -16
 199              		.cfi_offset 8, -12
 200              		.cfi_offset 9, -8
 201              		.cfi_offset 14, -4
 189:Generated_Source\PSoC5/USBFS_boot.c ****     cystatus retCode;
 190:Generated_Source\PSoC5/USBFS_boot.c ****     uint16 timeoutMs;
 191:Generated_Source\PSoC5/USBFS_boot.c **** 
 192:Generated_Source\PSoC5/USBFS_boot.c ****     timeoutMs = ((uint16) 10u * timeOut);  /* Convert from 10mS check to number 1mS checks */
 202              		.loc 1 192 0
 203 0004 03EB8303 		add	r3, r3, r3, lsl #2
ARM GAS  C:\Users\RABBIT~1\AppData\Local\Temp\ccHwaQfy.s 			page 8


 204              	.LVL19:
 205 0008 5C00     		lsls	r4, r3, #1
 206              	.LVL20:
 193:Generated_Source\PSoC5/USBFS_boot.c **** 
 194:Generated_Source\PSoC5/USBFS_boot.c ****     if (size > USBFS_BTLDR_SIZEOF_WRITE_BUFFER)
 195:Generated_Source\PSoC5/USBFS_boot.c ****     {
 196:Generated_Source\PSoC5/USBFS_boot.c ****         size = USBFS_BTLDR_SIZEOF_WRITE_BUFFER;
 197:Generated_Source\PSoC5/USBFS_boot.c ****     }
 198:Generated_Source\PSoC5/USBFS_boot.c **** 
 199:Generated_Source\PSoC5/USBFS_boot.c ****     /* Wait on enumeration in first time */
 200:Generated_Source\PSoC5/USBFS_boot.c ****     if (0u != USBFS_started)
 207              		.loc 1 200 0
 208 000a 224B     		ldr	r3, .L36
 188:Generated_Source\PSoC5/USBFS_boot.c ****     cystatus retCode;
 209              		.loc 1 188 0
 210 000c 1746     		mov	r7, r2
 211              		.loc 1 200 0
 212 000e 1A78     		ldrb	r2, [r3]	@ zero_extendqisi2
 213              	.LVL21:
 188:Generated_Source\PSoC5/USBFS_boot.c ****     cystatus retCode;
 214              		.loc 1 188 0
 215 0010 8046     		mov	r8, r0
 216 0012 8946     		mov	r9, r1
 217              	.LVL22:
 218 0014 1E46     		mov	r6, r3
 219              		.loc 1 200 0
 220 0016 A2B1     		cbz	r2, .L14
 221 0018 2546     		mov	r5, r4
 222              	.LVL23:
 223              	.L15:
 201:Generated_Source\PSoC5/USBFS_boot.c ****     {
 202:Generated_Source\PSoC5/USBFS_boot.c ****         /* Wait for Device to enumerate */
 203:Generated_Source\PSoC5/USBFS_boot.c ****         while ((0u ==USBFS_GetConfiguration()) && (0u != timeoutMs))
 224              		.loc 1 203 0
 225 001a FFF7FEFF 		bl	USBFS_GetConfiguration
 226              	.LVL24:
 227 001e 30B9     		cbnz	r0, .L16
 228              		.loc 1 203 0 is_stmt 0 discriminator 1
 229 0020 2DB1     		cbz	r5, .L16
 204:Generated_Source\PSoC5/USBFS_boot.c ****         {
 205:Generated_Source\PSoC5/USBFS_boot.c ****             CyDelay(USBFS_BTLDR_WAIT_1_MS);
 230              		.loc 1 205 0 is_stmt 1
 231 0022 0120     		movs	r0, #1
 206:Generated_Source\PSoC5/USBFS_boot.c ****             timeoutMs--;
 232              		.loc 1 206 0
 233 0024 013D     		subs	r5, r5, #1
 234              	.LVL25:
 205:Generated_Source\PSoC5/USBFS_boot.c ****             timeoutMs--;
 235              		.loc 1 205 0
 236 0026 FFF7FEFF 		bl	CyDelay
 237              	.LVL26:
 238              		.loc 1 206 0
 239 002a ADB2     		uxth	r5, r5
 240              	.LVL27:
 241 002c F5E7     		b	.L15
 242              	.L16:
 207:Generated_Source\PSoC5/USBFS_boot.c ****         }
ARM GAS  C:\Users\RABBIT~1\AppData\Local\Temp\ccHwaQfy.s 			page 9


 208:Generated_Source\PSoC5/USBFS_boot.c **** 
 209:Generated_Source\PSoC5/USBFS_boot.c ****         /* Enable first OUT, if enumeration complete */
 210:Generated_Source\PSoC5/USBFS_boot.c ****         if (0u != USBFS_GetConfiguration())
 243              		.loc 1 210 0
 244 002e FFF7FEFF 		bl	USBFS_GetConfiguration
 245              	.LVL28:
 246 0032 A0B1     		cbz	r0, .L20
 211:Generated_Source\PSoC5/USBFS_boot.c ****         {
 212:Generated_Source\PSoC5/USBFS_boot.c ****             (void) USBFS_IsConfigurationChanged();  /* Clear configuration changes state status */
 247              		.loc 1 212 0
 248 0034 FFF7FEFF 		bl	USBFS_IsConfigurationChanged
 249              	.LVL29:
 213:Generated_Source\PSoC5/USBFS_boot.c ****             USBFS_CyBtldrCommReset();
 250              		.loc 1 213 0
 251 0038 FFF7FEFF 		bl	USBFS_CyBtldrCommReset
 252              	.LVL30:
 214:Generated_Source\PSoC5/USBFS_boot.c ****             USBFS_started = 0u;
 253              		.loc 1 214 0
 254 003c 0023     		movs	r3, #0
 255 003e 3370     		strb	r3, [r6]
 256 0040 0DE0     		b	.L20
 257              	.LVL31:
 258              	.L14:
 215:Generated_Source\PSoC5/USBFS_boot.c ****         }
 216:Generated_Source\PSoC5/USBFS_boot.c ****     }
 217:Generated_Source\PSoC5/USBFS_boot.c ****     else /* Check for configuration changes, has been done by Host */
 218:Generated_Source\PSoC5/USBFS_boot.c ****     {
 219:Generated_Source\PSoC5/USBFS_boot.c ****         if (0u != USBFS_IsConfigurationChanged()) /* Host could send double SET_INTERFACE request o
 259              		.loc 1 219 0
 260 0042 FFF7FEFF 		bl	USBFS_IsConfigurationChanged
 261              	.LVL32:
 262 0046 50B1     		cbz	r0, .L20
 220:Generated_Source\PSoC5/USBFS_boot.c ****         {
 221:Generated_Source\PSoC5/USBFS_boot.c ****             if (0u != USBFS_GetConfiguration())   /* Init OUT endpoints when device reconfigured */
 263              		.loc 1 221 0
 264 0048 FFF7FEFF 		bl	USBFS_GetConfiguration
 265              	.LVL33:
 266 004c 38B1     		cbz	r0, .L20
 222:Generated_Source\PSoC5/USBFS_boot.c ****             {
 223:Generated_Source\PSoC5/USBFS_boot.c ****                 USBFS_CyBtldrCommReset();
 267              		.loc 1 223 0
 268 004e FFF7FEFF 		bl	USBFS_CyBtldrCommReset
 269              	.LVL34:
 270 0052 04E0     		b	.L20
 271              	.L35:
 224:Generated_Source\PSoC5/USBFS_boot.c ****             }
 225:Generated_Source\PSoC5/USBFS_boot.c ****         }
 226:Generated_Source\PSoC5/USBFS_boot.c ****     }
 227:Generated_Source\PSoC5/USBFS_boot.c **** 
 228:Generated_Source\PSoC5/USBFS_boot.c ****     timeoutMs = ((uint16) 10u * timeOut); /* Re-arm timeout */
 229:Generated_Source\PSoC5/USBFS_boot.c **** 
 230:Generated_Source\PSoC5/USBFS_boot.c ****     /* Wait on next packet */
 231:Generated_Source\PSoC5/USBFS_boot.c ****     while((USBFS_GetEPState(USBFS_BTLDR_OUT_EP) != USBFS_OUT_BUFFER_FULL) && \
 272              		.loc 1 231 0 discriminator 1
 273 0054 54B1     		cbz	r4, .L22
 232:Generated_Source\PSoC5/USBFS_boot.c ****           (0u != timeoutMs))
 233:Generated_Source\PSoC5/USBFS_boot.c ****     {
ARM GAS  C:\Users\RABBIT~1\AppData\Local\Temp\ccHwaQfy.s 			page 10


 234:Generated_Source\PSoC5/USBFS_boot.c ****         CyDelay(USBFS_BTLDR_WAIT_1_MS);
 274              		.loc 1 234 0
 275 0056 FFF7FEFF 		bl	CyDelay
 276              	.LVL35:
 235:Generated_Source\PSoC5/USBFS_boot.c ****         timeoutMs--;
 277              		.loc 1 235 0
 278 005a 013C     		subs	r4, r4, #1
 279              	.LVL36:
 280 005c A4B2     		uxth	r4, r4
 281              	.LVL37:
 282              	.L20:
 231:Generated_Source\PSoC5/USBFS_boot.c ****           (0u != timeoutMs))
 283              		.loc 1 231 0
 284 005e 0120     		movs	r0, #1
 285 0060 FFF7FEFF 		bl	USBFS_GetEPState
 286              	.LVL38:
 287 0064 0128     		cmp	r0, #1
 234:Generated_Source\PSoC5/USBFS_boot.c ****         timeoutMs--;
 288              		.loc 1 234 0
 289 0066 4FF00100 		mov	r0, #1
 231:Generated_Source\PSoC5/USBFS_boot.c ****           (0u != timeoutMs))
 290              		.loc 1 231 0
 291 006a F3D1     		bne	.L35
 292              	.L22:
 236:Generated_Source\PSoC5/USBFS_boot.c ****     }
 237:Generated_Source\PSoC5/USBFS_boot.c **** 
 238:Generated_Source\PSoC5/USBFS_boot.c ****     /* OUT EP has completed */
 239:Generated_Source\PSoC5/USBFS_boot.c ****     if (USBFS_GetEPState(USBFS_BTLDR_OUT_EP) == USBFS_OUT_BUFFER_FULL)
 293              		.loc 1 239 0
 294 006c FFF7FEFF 		bl	USBFS_GetEPState
 295              	.LVL39:
 296 0070 0128     		cmp	r0, #1
 297 0072 0AD1     		bne	.L24
 240:Generated_Source\PSoC5/USBFS_boot.c ****     {
 241:Generated_Source\PSoC5/USBFS_boot.c ****         *count = USBFS_ReadOutEP(USBFS_BTLDR_OUT_EP, pData, size);
 298              		.loc 1 241 0
 299 0074 4A46     		mov	r2, r9
 300 0076 402A     		cmp	r2, #64
 301 0078 28BF     		it	cs
 302 007a 4022     		movcs	r2, #64
 303 007c 4146     		mov	r1, r8
 304 007e FFF7FEFF 		bl	USBFS_ReadOutEP
 305              	.LVL40:
 306 0082 3880     		strh	r0, [r7]	@ movhi
 307              	.LVL41:
 242:Generated_Source\PSoC5/USBFS_boot.c ****         retCode = CYRET_SUCCESS;
 308              		.loc 1 242 0
 309 0084 0020     		movs	r0, #0
 310 0086 BDE8F883 		pop	{r3, r4, r5, r6, r7, r8, r9, pc}
 311              	.LVL42:
 312              	.L24:
 243:Generated_Source\PSoC5/USBFS_boot.c ****     }
 244:Generated_Source\PSoC5/USBFS_boot.c ****     else
 245:Generated_Source\PSoC5/USBFS_boot.c ****     {
 246:Generated_Source\PSoC5/USBFS_boot.c ****         *count = 0u;
 313              		.loc 1 246 0
 314 008a 0023     		movs	r3, #0
ARM GAS  C:\Users\RABBIT~1\AppData\Local\Temp\ccHwaQfy.s 			page 11


 315 008c 3B80     		strh	r3, [r7]	@ movhi
 316              	.LVL43:
 247:Generated_Source\PSoC5/USBFS_boot.c ****         retCode = CYRET_TIMEOUT;
 317              		.loc 1 247 0
 318 008e 1020     		movs	r0, #16
 319              	.LVL44:
 248:Generated_Source\PSoC5/USBFS_boot.c ****     }
 249:Generated_Source\PSoC5/USBFS_boot.c **** 
 250:Generated_Source\PSoC5/USBFS_boot.c ****     return(retCode);
 251:Generated_Source\PSoC5/USBFS_boot.c **** }
 320              		.loc 1 251 0
 321 0090 BDE8F883 		pop	{r3, r4, r5, r6, r7, r8, r9, pc}
 322              	.LVL45:
 323              	.L37:
 324              		.align	2
 325              	.L36:
 326 0094 00000000 		.word	.LANCHOR0
 327              		.cfi_endproc
 328              	.LFE4:
 329              		.size	USBFS_CyBtldrCommRead, .-USBFS_CyBtldrCommRead
 330              		.bss
 331              		.set	.LANCHOR0,. + 0
 332              		.type	USBFS_started, %object
 333              		.size	USBFS_started, 1
 334              	USBFS_started:
 335 0000 00       		.space	1
 336              		.text
 337              	.Letext0:
 338              		.file 2 "Generated_Source\\PSoC5\\cytypes.h"
 339              		.file 3 "Generated_Source\\PSoC5\\USBFS.h"
 340              		.file 4 "Generated_Source\\PSoC5\\CyLib.h"
 341              		.section	.debug_info,"",%progbits
 342              	.Ldebug_info0:
 343 0000 83030000 		.4byte	0x383
 344 0004 0400     		.2byte	0x4
 345 0006 00000000 		.4byte	.Ldebug_abbrev0
 346 000a 04       		.byte	0x4
 347 000b 01       		.uleb128 0x1
 348 000c E4000000 		.4byte	.LASF38
 349 0010 0C       		.byte	0xc
 350 0011 22020000 		.4byte	.LASF39
 351 0015 2C000000 		.4byte	.LASF40
 352 0019 00000000 		.4byte	.Ldebug_ranges0+0
 353 001d 00000000 		.4byte	0
 354 0021 00000000 		.4byte	.Ldebug_line0
 355 0025 02       		.uleb128 0x2
 356 0026 01       		.byte	0x1
 357 0027 06       		.byte	0x6
 358 0028 BF020000 		.4byte	.LASF0
 359 002c 02       		.uleb128 0x2
 360 002d 01       		.byte	0x1
 361 002e 08       		.byte	0x8
 362 002f 78010000 		.4byte	.LASF1
 363 0033 02       		.uleb128 0x2
 364 0034 02       		.byte	0x2
 365 0035 05       		.byte	0x5
 366 0036 71020000 		.4byte	.LASF2
ARM GAS  C:\Users\RABBIT~1\AppData\Local\Temp\ccHwaQfy.s 			page 12


 367 003a 02       		.uleb128 0x2
 368 003b 02       		.byte	0x2
 369 003c 07       		.byte	0x7
 370 003d 19000000 		.4byte	.LASF3
 371 0041 02       		.uleb128 0x2
 372 0042 04       		.byte	0x4
 373 0043 05       		.byte	0x5
 374 0044 94020000 		.4byte	.LASF4
 375 0048 02       		.uleb128 0x2
 376 0049 04       		.byte	0x4
 377 004a 07       		.byte	0x7
 378 004b 10020000 		.4byte	.LASF5
 379 004f 02       		.uleb128 0x2
 380 0050 08       		.byte	0x8
 381 0051 05       		.byte	0x5
 382 0052 4F020000 		.4byte	.LASF6
 383 0056 02       		.uleb128 0x2
 384 0057 08       		.byte	0x8
 385 0058 07       		.byte	0x7
 386 0059 DF010000 		.4byte	.LASF7
 387 005d 03       		.uleb128 0x3
 388 005e 04       		.byte	0x4
 389 005f 05       		.byte	0x5
 390 0060 696E7400 		.ascii	"int\000"
 391 0064 02       		.uleb128 0x2
 392 0065 04       		.byte	0x4
 393 0066 07       		.byte	0x7
 394 0067 D2010000 		.4byte	.LASF8
 395 006b 04       		.uleb128 0x4
 396 006c 72010000 		.4byte	.LASF9
 397 0070 02       		.byte	0x2
 398 0071 A1       		.byte	0xa1
 399 0072 2C000000 		.4byte	0x2c
 400 0076 04       		.uleb128 0x4
 401 0077 B4010000 		.4byte	.LASF10
 402 007b 02       		.byte	0x2
 403 007c A2       		.byte	0xa2
 404 007d 3A000000 		.4byte	0x3a
 405 0081 02       		.uleb128 0x2
 406 0082 04       		.byte	0x4
 407 0083 04       		.byte	0x4
 408 0084 CE000000 		.4byte	.LASF11
 409 0088 02       		.uleb128 0x2
 410 0089 08       		.byte	0x8
 411 008a 04       		.byte	0x4
 412 008b 86010000 		.4byte	.LASF12
 413 008f 02       		.uleb128 0x2
 414 0090 01       		.byte	0x1
 415 0091 08       		.byte	0x8
 416 0092 5D020000 		.4byte	.LASF13
 417 0096 05       		.uleb128 0x5
 418 0097 0A000000 		.4byte	.LASF14
 419 009b 02       		.byte	0x2
 420 009c 4301     		.2byte	0x143
 421 009e 48000000 		.4byte	0x48
 422 00a2 02       		.uleb128 0x2
 423 00a3 08       		.byte	0x8
ARM GAS  C:\Users\RABBIT~1\AppData\Local\Temp\ccHwaQfy.s 			page 13


 424 00a4 04       		.byte	0x4
 425 00a5 9D020000 		.4byte	.LASF15
 426 00a9 02       		.uleb128 0x2
 427 00aa 04       		.byte	0x4
 428 00ab 07       		.byte	0x7
 429 00ac 46020000 		.4byte	.LASF16
 430 00b0 06       		.uleb128 0x6
 431 00b1 B7000000 		.4byte	.LASF17
 432 00b5 01       		.byte	0x1
 433 00b6 32       		.byte	0x32
 434 00b7 00000000 		.4byte	.LFB0
 435 00bb 18000000 		.4byte	.LFE0-.LFB0
 436 00bf 01       		.uleb128 0x1
 437 00c0 9C       		.byte	0x9c
 438 00c1 DA000000 		.4byte	0xda
 439 00c5 07       		.uleb128 0x7
 440 00c6 0C000000 		.4byte	.LVL0
 441 00ca 23030000 		.4byte	0x323
 442 00ce 08       		.uleb128 0x8
 443 00cf 01       		.uleb128 0x1
 444 00d0 50       		.byte	0x50
 445 00d1 01       		.uleb128 0x1
 446 00d2 30       		.byte	0x30
 447 00d3 08       		.uleb128 0x8
 448 00d4 01       		.uleb128 0x1
 449 00d5 51       		.byte	0x51
 450 00d6 01       		.uleb128 0x1
 451 00d7 32       		.byte	0x32
 452 00d8 00       		.byte	0
 453 00d9 00       		.byte	0
 454 00da 06       		.uleb128 0x6
 455 00db A9020000 		.4byte	.LASF18
 456 00df 01       		.byte	0x1
 457 00e0 4C       		.byte	0x4c
 458 00e1 00000000 		.4byte	.LFB1
 459 00e5 04000000 		.4byte	.LFE1-.LFB1
 460 00e9 01       		.uleb128 0x1
 461 00ea 9C       		.byte	0x9c
 462 00eb F9000000 		.4byte	0xf9
 463 00ef 09       		.uleb128 0x9
 464 00f0 04000000 		.4byte	.LVL1
 465 00f4 2E030000 		.4byte	0x32e
 466 00f8 00       		.byte	0
 467 00f9 06       		.uleb128 0x6
 468 00fa 8E000000 		.4byte	.LASF19
 469 00fe 01       		.byte	0x1
 470 00ff 63       		.byte	0x63
 471 0100 00000000 		.4byte	.LFB2
 472 0104 06000000 		.4byte	.LFE2-.LFB2
 473 0108 01       		.uleb128 0x1
 474 0109 9C       		.byte	0x9c
 475 010a 1E010000 		.4byte	0x11e
 476 010e 0A       		.uleb128 0xa
 477 010f 06000000 		.4byte	.LVL2
 478 0113 39030000 		.4byte	0x339
 479 0117 08       		.uleb128 0x8
 480 0118 01       		.uleb128 0x1
ARM GAS  C:\Users\RABBIT~1\AppData\Local\Temp\ccHwaQfy.s 			page 14


 481 0119 50       		.byte	0x50
 482 011a 01       		.uleb128 0x1
 483 011b 31       		.byte	0x31
 484 011c 00       		.byte	0
 485 011d 00       		.byte	0
 486 011e 0B       		.uleb128 0xb
 487 011f 9D010000 		.4byte	.LASF26
 488 0123 01       		.byte	0x1
 489 0124 80       		.byte	0x80
 490 0125 96000000 		.4byte	0x96
 491 0129 00000000 		.4byte	.LFB3
 492 012d 3E000000 		.4byte	.LFE3-.LFB3
 493 0131 01       		.uleb128 0x1
 494 0132 9C       		.byte	0x9c
 495 0133 E7010000 		.4byte	0x1e7
 496 0137 0C       		.uleb128 0xc
 497 0138 B1000000 		.4byte	.LASF20
 498 013c 01       		.byte	0x1
 499 013d 80       		.byte	0x80
 500 013e E7010000 		.4byte	0x1e7
 501 0142 00000000 		.4byte	.LLST0
 502 0146 0C       		.uleb128 0xc
 503 0147 DF000000 		.4byte	.LASF21
 504 014b 01       		.byte	0x1
 505 014c 80       		.byte	0x80
 506 014d 76000000 		.4byte	0x76
 507 0151 2C000000 		.4byte	.LLST1
 508 0155 0C       		.uleb128 0xc
 509 0156 13000000 		.4byte	.LASF22
 510 015a 01       		.byte	0x1
 511 015b 80       		.byte	0x80
 512 015c F2010000 		.4byte	0x1f2
 513 0160 4D000000 		.4byte	.LLST2
 514 0164 0C       		.uleb128 0xc
 515 0165 7B020000 		.4byte	.LASF23
 516 0169 01       		.byte	0x1
 517 016a 80       		.byte	0x80
 518 016b 6B000000 		.4byte	0x6b
 519 016f 6B000000 		.4byte	.LLST3
 520 0173 0D       		.uleb128 0xd
 521 0174 08020000 		.4byte	.LASF24
 522 0178 01       		.byte	0x1
 523 0179 83       		.byte	0x83
 524 017a 96000000 		.4byte	0x96
 525 017e 8C000000 		.4byte	.LLST4
 526 0182 0D       		.uleb128 0xd
 527 0183 00000000 		.4byte	.LASF25
 528 0187 01       		.byte	0x1
 529 0188 84       		.byte	0x84
 530 0189 76000000 		.4byte	0x76
 531 018d AB000000 		.4byte	.LLST5
 532 0191 0E       		.uleb128 0xe
 533 0192 16000000 		.4byte	.LVL9
 534 0196 44030000 		.4byte	0x344
 535 019a B1010000 		.4byte	0x1b1
 536 019e 08       		.uleb128 0x8
 537 019f 01       		.uleb128 0x1
ARM GAS  C:\Users\RABBIT~1\AppData\Local\Temp\ccHwaQfy.s 			page 15


 538 01a0 50       		.byte	0x50
 539 01a1 01       		.uleb128 0x1
 540 01a2 32       		.byte	0x32
 541 01a3 08       		.uleb128 0x8
 542 01a4 01       		.uleb128 0x1
 543 01a5 51       		.byte	0x51
 544 01a6 03       		.uleb128 0x3
 545 01a7 F3       		.byte	0xf3
 546 01a8 01       		.uleb128 0x1
 547 01a9 50       		.byte	0x50
 548 01aa 08       		.uleb128 0x8
 549 01ab 01       		.uleb128 0x1
 550 01ac 52       		.byte	0x52
 551 01ad 02       		.uleb128 0x2
 552 01ae 08       		.byte	0x8
 553 01af 40       		.byte	0x40
 554 01b0 00       		.byte	0
 555 01b1 0E       		.uleb128 0xe
 556 01b2 1C000000 		.4byte	.LVL10
 557 01b6 4F030000 		.4byte	0x34f
 558 01ba C4010000 		.4byte	0x1c4
 559 01be 08       		.uleb128 0x8
 560 01bf 01       		.uleb128 0x1
 561 01c0 50       		.byte	0x50
 562 01c1 01       		.uleb128 0x1
 563 01c2 32       		.byte	0x32
 564 01c3 00       		.byte	0
 565 01c4 0E       		.uleb128 0xe
 566 01c5 28000000 		.4byte	.LVL12
 567 01c9 5A030000 		.4byte	0x35a
 568 01cd D7010000 		.4byte	0x1d7
 569 01d1 08       		.uleb128 0x8
 570 01d2 01       		.uleb128 0x1
 571 01d3 50       		.byte	0x50
 572 01d4 01       		.uleb128 0x1
 573 01d5 31       		.byte	0x31
 574 01d6 00       		.byte	0
 575 01d7 07       		.uleb128 0x7
 576 01d8 32000000 		.4byte	.LVL14
 577 01dc 4F030000 		.4byte	0x34f
 578 01e0 08       		.uleb128 0x8
 579 01e1 01       		.uleb128 0x1
 580 01e2 50       		.byte	0x50
 581 01e3 01       		.uleb128 0x1
 582 01e4 32       		.byte	0x32
 583 01e5 00       		.byte	0
 584 01e6 00       		.byte	0
 585 01e7 0F       		.uleb128 0xf
 586 01e8 04       		.byte	0x4
 587 01e9 ED010000 		.4byte	0x1ed
 588 01ed 10       		.uleb128 0x10
 589 01ee 6B000000 		.4byte	0x6b
 590 01f2 0F       		.uleb128 0xf
 591 01f3 04       		.byte	0x4
 592 01f4 76000000 		.4byte	0x76
 593 01f8 0B       		.uleb128 0xb
 594 01f9 E1020000 		.4byte	.LASF27
ARM GAS  C:\Users\RABBIT~1\AppData\Local\Temp\ccHwaQfy.s 			page 16


 595 01fd 01       		.byte	0x1
 596 01fe BA       		.byte	0xba
 597 01ff 96000000 		.4byte	0x96
 598 0203 00000000 		.4byte	.LFB4
 599 0207 98000000 		.4byte	.LFE4-.LFB4
 600 020b 01       		.uleb128 0x1
 601 020c 9C       		.byte	0x9c
 602 020d 0C030000 		.4byte	0x30c
 603 0211 0C       		.uleb128 0xc
 604 0212 B1000000 		.4byte	.LASF20
 605 0216 01       		.byte	0x1
 606 0217 BA       		.byte	0xba
 607 0218 0C030000 		.4byte	0x30c
 608 021c C9000000 		.4byte	.LLST6
 609 0220 0C       		.uleb128 0xc
 610 0221 DF000000 		.4byte	.LASF21
 611 0225 01       		.byte	0x1
 612 0226 BA       		.byte	0xba
 613 0227 76000000 		.4byte	0x76
 614 022b 0B010000 		.4byte	.LLST7
 615 022f 0C       		.uleb128 0xc
 616 0230 13000000 		.4byte	.LASF22
 617 0234 01       		.byte	0x1
 618 0235 BA       		.byte	0xba
 619 0236 F2010000 		.4byte	0x1f2
 620 023a 3E010000 		.4byte	.LLST8
 621 023e 0C       		.uleb128 0xc
 622 023f 7B020000 		.4byte	.LASF23
 623 0243 01       		.byte	0x1
 624 0244 BA       		.byte	0xba
 625 0245 6B000000 		.4byte	0x6b
 626 0249 6A010000 		.4byte	.LLST9
 627 024d 0D       		.uleb128 0xd
 628 024e 08020000 		.4byte	.LASF24
 629 0252 01       		.byte	0x1
 630 0253 BD       		.byte	0xbd
 631 0254 96000000 		.4byte	0x96
 632 0258 8B010000 		.4byte	.LLST10
 633 025c 0D       		.uleb128 0xd
 634 025d 00000000 		.4byte	.LASF25
 635 0261 01       		.byte	0x1
 636 0262 BE       		.byte	0xbe
 637 0263 76000000 		.4byte	0x76
 638 0267 B6010000 		.4byte	.LLST11
 639 026b 11       		.uleb128 0x11
 640 026c 1E000000 		.4byte	.LVL24
 641 0270 65030000 		.4byte	0x365
 642 0274 0E       		.uleb128 0xe
 643 0275 2A000000 		.4byte	.LVL26
 644 0279 5A030000 		.4byte	0x35a
 645 027d 87020000 		.4byte	0x287
 646 0281 08       		.uleb128 0x8
 647 0282 01       		.uleb128 0x1
 648 0283 50       		.byte	0x50
 649 0284 01       		.uleb128 0x1
 650 0285 31       		.byte	0x31
 651 0286 00       		.byte	0
ARM GAS  C:\Users\RABBIT~1\AppData\Local\Temp\ccHwaQfy.s 			page 17


 652 0287 11       		.uleb128 0x11
 653 0288 32000000 		.4byte	.LVL28
 654 028c 65030000 		.4byte	0x365
 655 0290 11       		.uleb128 0x11
 656 0291 38000000 		.4byte	.LVL29
 657 0295 70030000 		.4byte	0x370
 658 0299 11       		.uleb128 0x11
 659 029a 3C000000 		.4byte	.LVL30
 660 029e F9000000 		.4byte	0xf9
 661 02a2 11       		.uleb128 0x11
 662 02a3 46000000 		.4byte	.LVL32
 663 02a7 70030000 		.4byte	0x370
 664 02ab 11       		.uleb128 0x11
 665 02ac 4C000000 		.4byte	.LVL33
 666 02b0 65030000 		.4byte	0x365
 667 02b4 11       		.uleb128 0x11
 668 02b5 52000000 		.4byte	.LVL34
 669 02b9 F9000000 		.4byte	0xf9
 670 02bd 11       		.uleb128 0x11
 671 02be 5A000000 		.4byte	.LVL35
 672 02c2 5A030000 		.4byte	0x35a
 673 02c6 0E       		.uleb128 0xe
 674 02c7 64000000 		.4byte	.LVL38
 675 02cb 4F030000 		.4byte	0x34f
 676 02cf D9020000 		.4byte	0x2d9
 677 02d3 08       		.uleb128 0x8
 678 02d4 01       		.uleb128 0x1
 679 02d5 50       		.byte	0x50
 680 02d6 01       		.uleb128 0x1
 681 02d7 31       		.byte	0x31
 682 02d8 00       		.byte	0
 683 02d9 11       		.uleb128 0x11
 684 02da 70000000 		.4byte	.LVL39
 685 02de 4F030000 		.4byte	0x34f
 686 02e2 07       		.uleb128 0x7
 687 02e3 82000000 		.4byte	.LVL40
 688 02e7 7B030000 		.4byte	0x37b
 689 02eb 08       		.uleb128 0x8
 690 02ec 01       		.uleb128 0x1
 691 02ed 51       		.byte	0x51
 692 02ee 02       		.uleb128 0x2
 693 02ef 78       		.byte	0x78
 694 02f0 00       		.sleb128 0
 695 02f1 08       		.uleb128 0x8
 696 02f2 01       		.uleb128 0x1
 697 02f3 52       		.byte	0x52
 698 02f4 15       		.uleb128 0x15
 699 02f5 08       		.byte	0x8
 700 02f6 40       		.byte	0x40
 701 02f7 79       		.byte	0x79
 702 02f8 00       		.sleb128 0
 703 02f9 79       		.byte	0x79
 704 02fa 00       		.sleb128 0
 705 02fb 40       		.byte	0x40
 706 02fc 4B       		.byte	0x4b
 707 02fd 24       		.byte	0x24
 708 02fe 22       		.byte	0x22
ARM GAS  C:\Users\RABBIT~1\AppData\Local\Temp\ccHwaQfy.s 			page 18


 709 02ff 0C       		.byte	0xc
 710 0300 40000080 		.4byte	0x80000040
 711 0304 2A       		.byte	0x2a
 712 0305 28       		.byte	0x28
 713 0306 0100     		.2byte	0x1
 714 0308 16       		.byte	0x16
 715 0309 13       		.byte	0x13
 716 030a 00       		.byte	0
 717 030b 00       		.byte	0
 718 030c 0F       		.uleb128 0xf
 719 030d 04       		.byte	0x4
 720 030e 6B000000 		.4byte	0x6b
 721 0312 12       		.uleb128 0x12
 722 0313 CB020000 		.4byte	.LASF28
 723 0317 01       		.byte	0x1
 724 0318 1B       		.byte	0x1b
 725 0319 6B000000 		.4byte	0x6b
 726 031d 05       		.uleb128 0x5
 727 031e 03       		.byte	0x3
 728 031f 00000000 		.4byte	USBFS_started
 729 0323 13       		.uleb128 0x13
 730 0324 A5000000 		.4byte	.LASF29
 731 0328 A5000000 		.4byte	.LASF29
 732 032c 03       		.byte	0x3
 733 032d C5       		.byte	0xc5
 734 032e 13       		.uleb128 0x13
 735 032f D4000000 		.4byte	.LASF30
 736 0333 D4000000 		.4byte	.LASF30
 737 0337 03       		.byte	0x3
 738 0338 C8       		.byte	0xc8
 739 0339 13       		.uleb128 0x13
 740 033a F6010000 		.4byte	.LASF31
 741 033e F6010000 		.4byte	.LASF31
 742 0342 03       		.byte	0x3
 743 0343 D4       		.byte	0xd4
 744 0344 13       		.uleb128 0x13
 745 0345 62020000 		.4byte	.LASF32
 746 0349 62020000 		.4byte	.LASF32
 747 034d 03       		.byte	0x3
 748 034e D0       		.byte	0xd0
 749 034f 13       		.uleb128 0x13
 750 0350 83020000 		.4byte	.LASF33
 751 0354 83020000 		.4byte	.LASF33
 752 0358 03       		.byte	0x3
 753 0359 CE       		.byte	0xce
 754 035a 13       		.uleb128 0x13
 755 035b D9020000 		.4byte	.LASF34
 756 035f D9020000 		.4byte	.LASF34
 757 0363 04       		.byte	0x4
 758 0364 77       		.byte	0x77
 759 0365 13       		.uleb128 0x13
 760 0366 BB010000 		.4byte	.LASF35
 761 036a BB010000 		.4byte	.LASF35
 762 036e 03       		.byte	0x3
 763 036f CA       		.byte	0xca
 764 0370 13       		.uleb128 0x13
 765 0371 F7020000 		.4byte	.LASF36
ARM GAS  C:\Users\RABBIT~1\AppData\Local\Temp\ccHwaQfy.s 			page 19


 766 0375 F7020000 		.4byte	.LASF36
 767 0379 03       		.byte	0x3
 768 037a CB       		.byte	0xcb
 769 037b 13       		.uleb128 0x13
 770 037c 8D010000 		.4byte	.LASF37
 771 0380 8D010000 		.4byte	.LASF37
 772 0384 03       		.byte	0x3
 773 0385 D2       		.byte	0xd2
 774 0386 00       		.byte	0
 775              		.section	.debug_abbrev,"",%progbits
 776              	.Ldebug_abbrev0:
 777 0000 01       		.uleb128 0x1
 778 0001 11       		.uleb128 0x11
 779 0002 01       		.byte	0x1
 780 0003 25       		.uleb128 0x25
 781 0004 0E       		.uleb128 0xe
 782 0005 13       		.uleb128 0x13
 783 0006 0B       		.uleb128 0xb
 784 0007 03       		.uleb128 0x3
 785 0008 0E       		.uleb128 0xe
 786 0009 1B       		.uleb128 0x1b
 787 000a 0E       		.uleb128 0xe
 788 000b 55       		.uleb128 0x55
 789 000c 17       		.uleb128 0x17
 790 000d 11       		.uleb128 0x11
 791 000e 01       		.uleb128 0x1
 792 000f 10       		.uleb128 0x10
 793 0010 17       		.uleb128 0x17
 794 0011 00       		.byte	0
 795 0012 00       		.byte	0
 796 0013 02       		.uleb128 0x2
 797 0014 24       		.uleb128 0x24
 798 0015 00       		.byte	0
 799 0016 0B       		.uleb128 0xb
 800 0017 0B       		.uleb128 0xb
 801 0018 3E       		.uleb128 0x3e
 802 0019 0B       		.uleb128 0xb
 803 001a 03       		.uleb128 0x3
 804 001b 0E       		.uleb128 0xe
 805 001c 00       		.byte	0
 806 001d 00       		.byte	0
 807 001e 03       		.uleb128 0x3
 808 001f 24       		.uleb128 0x24
 809 0020 00       		.byte	0
 810 0021 0B       		.uleb128 0xb
 811 0022 0B       		.uleb128 0xb
 812 0023 3E       		.uleb128 0x3e
 813 0024 0B       		.uleb128 0xb
 814 0025 03       		.uleb128 0x3
 815 0026 08       		.uleb128 0x8
 816 0027 00       		.byte	0
 817 0028 00       		.byte	0
 818 0029 04       		.uleb128 0x4
 819 002a 16       		.uleb128 0x16
 820 002b 00       		.byte	0
 821 002c 03       		.uleb128 0x3
 822 002d 0E       		.uleb128 0xe
ARM GAS  C:\Users\RABBIT~1\AppData\Local\Temp\ccHwaQfy.s 			page 20


 823 002e 3A       		.uleb128 0x3a
 824 002f 0B       		.uleb128 0xb
 825 0030 3B       		.uleb128 0x3b
 826 0031 0B       		.uleb128 0xb
 827 0032 49       		.uleb128 0x49
 828 0033 13       		.uleb128 0x13
 829 0034 00       		.byte	0
 830 0035 00       		.byte	0
 831 0036 05       		.uleb128 0x5
 832 0037 16       		.uleb128 0x16
 833 0038 00       		.byte	0
 834 0039 03       		.uleb128 0x3
 835 003a 0E       		.uleb128 0xe
 836 003b 3A       		.uleb128 0x3a
 837 003c 0B       		.uleb128 0xb
 838 003d 3B       		.uleb128 0x3b
 839 003e 05       		.uleb128 0x5
 840 003f 49       		.uleb128 0x49
 841 0040 13       		.uleb128 0x13
 842 0041 00       		.byte	0
 843 0042 00       		.byte	0
 844 0043 06       		.uleb128 0x6
 845 0044 2E       		.uleb128 0x2e
 846 0045 01       		.byte	0x1
 847 0046 3F       		.uleb128 0x3f
 848 0047 19       		.uleb128 0x19
 849 0048 03       		.uleb128 0x3
 850 0049 0E       		.uleb128 0xe
 851 004a 3A       		.uleb128 0x3a
 852 004b 0B       		.uleb128 0xb
 853 004c 3B       		.uleb128 0x3b
 854 004d 0B       		.uleb128 0xb
 855 004e 27       		.uleb128 0x27
 856 004f 19       		.uleb128 0x19
 857 0050 11       		.uleb128 0x11
 858 0051 01       		.uleb128 0x1
 859 0052 12       		.uleb128 0x12
 860 0053 06       		.uleb128 0x6
 861 0054 40       		.uleb128 0x40
 862 0055 18       		.uleb128 0x18
 863 0056 9742     		.uleb128 0x2117
 864 0058 19       		.uleb128 0x19
 865 0059 01       		.uleb128 0x1
 866 005a 13       		.uleb128 0x13
 867 005b 00       		.byte	0
 868 005c 00       		.byte	0
 869 005d 07       		.uleb128 0x7
 870 005e 898201   		.uleb128 0x4109
 871 0061 01       		.byte	0x1
 872 0062 11       		.uleb128 0x11
 873 0063 01       		.uleb128 0x1
 874 0064 31       		.uleb128 0x31
 875 0065 13       		.uleb128 0x13
 876 0066 00       		.byte	0
 877 0067 00       		.byte	0
 878 0068 08       		.uleb128 0x8
 879 0069 8A8201   		.uleb128 0x410a
ARM GAS  C:\Users\RABBIT~1\AppData\Local\Temp\ccHwaQfy.s 			page 21


 880 006c 00       		.byte	0
 881 006d 02       		.uleb128 0x2
 882 006e 18       		.uleb128 0x18
 883 006f 9142     		.uleb128 0x2111
 884 0071 18       		.uleb128 0x18
 885 0072 00       		.byte	0
 886 0073 00       		.byte	0
 887 0074 09       		.uleb128 0x9
 888 0075 898201   		.uleb128 0x4109
 889 0078 00       		.byte	0
 890 0079 11       		.uleb128 0x11
 891 007a 01       		.uleb128 0x1
 892 007b 9542     		.uleb128 0x2115
 893 007d 19       		.uleb128 0x19
 894 007e 31       		.uleb128 0x31
 895 007f 13       		.uleb128 0x13
 896 0080 00       		.byte	0
 897 0081 00       		.byte	0
 898 0082 0A       		.uleb128 0xa
 899 0083 898201   		.uleb128 0x4109
 900 0086 01       		.byte	0x1
 901 0087 11       		.uleb128 0x11
 902 0088 01       		.uleb128 0x1
 903 0089 9542     		.uleb128 0x2115
 904 008b 19       		.uleb128 0x19
 905 008c 31       		.uleb128 0x31
 906 008d 13       		.uleb128 0x13
 907 008e 00       		.byte	0
 908 008f 00       		.byte	0
 909 0090 0B       		.uleb128 0xb
 910 0091 2E       		.uleb128 0x2e
 911 0092 01       		.byte	0x1
 912 0093 3F       		.uleb128 0x3f
 913 0094 19       		.uleb128 0x19
 914 0095 03       		.uleb128 0x3
 915 0096 0E       		.uleb128 0xe
 916 0097 3A       		.uleb128 0x3a
 917 0098 0B       		.uleb128 0xb
 918 0099 3B       		.uleb128 0x3b
 919 009a 0B       		.uleb128 0xb
 920 009b 27       		.uleb128 0x27
 921 009c 19       		.uleb128 0x19
 922 009d 49       		.uleb128 0x49
 923 009e 13       		.uleb128 0x13
 924 009f 11       		.uleb128 0x11
 925 00a0 01       		.uleb128 0x1
 926 00a1 12       		.uleb128 0x12
 927 00a2 06       		.uleb128 0x6
 928 00a3 40       		.uleb128 0x40
 929 00a4 18       		.uleb128 0x18
 930 00a5 9742     		.uleb128 0x2117
 931 00a7 19       		.uleb128 0x19
 932 00a8 01       		.uleb128 0x1
 933 00a9 13       		.uleb128 0x13
 934 00aa 00       		.byte	0
 935 00ab 00       		.byte	0
 936 00ac 0C       		.uleb128 0xc
ARM GAS  C:\Users\RABBIT~1\AppData\Local\Temp\ccHwaQfy.s 			page 22


 937 00ad 05       		.uleb128 0x5
 938 00ae 00       		.byte	0
 939 00af 03       		.uleb128 0x3
 940 00b0 0E       		.uleb128 0xe
 941 00b1 3A       		.uleb128 0x3a
 942 00b2 0B       		.uleb128 0xb
 943 00b3 3B       		.uleb128 0x3b
 944 00b4 0B       		.uleb128 0xb
 945 00b5 49       		.uleb128 0x49
 946 00b6 13       		.uleb128 0x13
 947 00b7 02       		.uleb128 0x2
 948 00b8 17       		.uleb128 0x17
 949 00b9 00       		.byte	0
 950 00ba 00       		.byte	0
 951 00bb 0D       		.uleb128 0xd
 952 00bc 34       		.uleb128 0x34
 953 00bd 00       		.byte	0
 954 00be 03       		.uleb128 0x3
 955 00bf 0E       		.uleb128 0xe
 956 00c0 3A       		.uleb128 0x3a
 957 00c1 0B       		.uleb128 0xb
 958 00c2 3B       		.uleb128 0x3b
 959 00c3 0B       		.uleb128 0xb
 960 00c4 49       		.uleb128 0x49
 961 00c5 13       		.uleb128 0x13
 962 00c6 02       		.uleb128 0x2
 963 00c7 17       		.uleb128 0x17
 964 00c8 00       		.byte	0
 965 00c9 00       		.byte	0
 966 00ca 0E       		.uleb128 0xe
 967 00cb 898201   		.uleb128 0x4109
 968 00ce 01       		.byte	0x1
 969 00cf 11       		.uleb128 0x11
 970 00d0 01       		.uleb128 0x1
 971 00d1 31       		.uleb128 0x31
 972 00d2 13       		.uleb128 0x13
 973 00d3 01       		.uleb128 0x1
 974 00d4 13       		.uleb128 0x13
 975 00d5 00       		.byte	0
 976 00d6 00       		.byte	0
 977 00d7 0F       		.uleb128 0xf
 978 00d8 0F       		.uleb128 0xf
 979 00d9 00       		.byte	0
 980 00da 0B       		.uleb128 0xb
 981 00db 0B       		.uleb128 0xb
 982 00dc 49       		.uleb128 0x49
 983 00dd 13       		.uleb128 0x13
 984 00de 00       		.byte	0
 985 00df 00       		.byte	0
 986 00e0 10       		.uleb128 0x10
 987 00e1 26       		.uleb128 0x26
 988 00e2 00       		.byte	0
 989 00e3 49       		.uleb128 0x49
 990 00e4 13       		.uleb128 0x13
 991 00e5 00       		.byte	0
 992 00e6 00       		.byte	0
 993 00e7 11       		.uleb128 0x11
ARM GAS  C:\Users\RABBIT~1\AppData\Local\Temp\ccHwaQfy.s 			page 23


 994 00e8 898201   		.uleb128 0x4109
 995 00eb 00       		.byte	0
 996 00ec 11       		.uleb128 0x11
 997 00ed 01       		.uleb128 0x1
 998 00ee 31       		.uleb128 0x31
 999 00ef 13       		.uleb128 0x13
 1000 00f0 00       		.byte	0
 1001 00f1 00       		.byte	0
 1002 00f2 12       		.uleb128 0x12
 1003 00f3 34       		.uleb128 0x34
 1004 00f4 00       		.byte	0
 1005 00f5 03       		.uleb128 0x3
 1006 00f6 0E       		.uleb128 0xe
 1007 00f7 3A       		.uleb128 0x3a
 1008 00f8 0B       		.uleb128 0xb
 1009 00f9 3B       		.uleb128 0x3b
 1010 00fa 0B       		.uleb128 0xb
 1011 00fb 49       		.uleb128 0x49
 1012 00fc 13       		.uleb128 0x13
 1013 00fd 02       		.uleb128 0x2
 1014 00fe 18       		.uleb128 0x18
 1015 00ff 00       		.byte	0
 1016 0100 00       		.byte	0
 1017 0101 13       		.uleb128 0x13
 1018 0102 2E       		.uleb128 0x2e
 1019 0103 00       		.byte	0
 1020 0104 3F       		.uleb128 0x3f
 1021 0105 19       		.uleb128 0x19
 1022 0106 3C       		.uleb128 0x3c
 1023 0107 19       		.uleb128 0x19
 1024 0108 6E       		.uleb128 0x6e
 1025 0109 0E       		.uleb128 0xe
 1026 010a 03       		.uleb128 0x3
 1027 010b 0E       		.uleb128 0xe
 1028 010c 3A       		.uleb128 0x3a
 1029 010d 0B       		.uleb128 0xb
 1030 010e 3B       		.uleb128 0x3b
 1031 010f 0B       		.uleb128 0xb
 1032 0110 00       		.byte	0
 1033 0111 00       		.byte	0
 1034 0112 00       		.byte	0
 1035              		.section	.debug_loc,"",%progbits
 1036              	.Ldebug_loc0:
 1037              	.LLST0:
 1038 0000 00000000 		.4byte	.LVL3
 1039 0004 10000000 		.4byte	.LVL7
 1040 0008 0100     		.2byte	0x1
 1041 000a 50       		.byte	0x50
 1042 000b 10000000 		.4byte	.LVL7
 1043 000f 15000000 		.4byte	.LVL9-1
 1044 0013 0100     		.2byte	0x1
 1045 0015 51       		.byte	0x51
 1046 0016 15000000 		.4byte	.LVL9-1
 1047 001a 3E000000 		.4byte	.LFE3
 1048 001e 0400     		.2byte	0x4
 1049 0020 F3       		.byte	0xf3
 1050 0021 01       		.uleb128 0x1
ARM GAS  C:\Users\RABBIT~1\AppData\Local\Temp\ccHwaQfy.s 			page 24


 1051 0022 50       		.byte	0x50
 1052 0023 9F       		.byte	0x9f
 1053 0024 00000000 		.4byte	0
 1054 0028 00000000 		.4byte	0
 1055              	.LLST1:
 1056 002c 00000000 		.4byte	.LVL3
 1057 0030 0C000000 		.4byte	.LVL5
 1058 0034 0100     		.2byte	0x1
 1059 0036 51       		.byte	0x51
 1060 0037 0C000000 		.4byte	.LVL5
 1061 003b 3E000000 		.4byte	.LFE3
 1062 003f 0400     		.2byte	0x4
 1063 0041 F3       		.byte	0xf3
 1064 0042 01       		.uleb128 0x1
 1065 0043 51       		.byte	0x51
 1066 0044 9F       		.byte	0x9f
 1067 0045 00000000 		.4byte	0
 1068 0049 00000000 		.4byte	0
 1069              	.LLST2:
 1070 004d 00000000 		.4byte	.LVL3
 1071 0051 0E000000 		.4byte	.LVL6
 1072 0055 0100     		.2byte	0x1
 1073 0057 52       		.byte	0x52
 1074 0058 0E000000 		.4byte	.LVL6
 1075 005c 3E000000 		.4byte	.LFE3
 1076 0060 0100     		.2byte	0x1
 1077 0062 55       		.byte	0x55
 1078 0063 00000000 		.4byte	0
 1079 0067 00000000 		.4byte	0
 1080              	.LLST3:
 1081 006b 00000000 		.4byte	.LVL3
 1082 006f 06000000 		.4byte	.LVL4
 1083 0073 0100     		.2byte	0x1
 1084 0075 53       		.byte	0x53
 1085 0076 06000000 		.4byte	.LVL4
 1086 007a 3E000000 		.4byte	.LFE3
 1087 007e 0400     		.2byte	0x4
 1088 0080 F3       		.byte	0xf3
 1089 0081 01       		.uleb128 0x1
 1090 0082 53       		.byte	0x53
 1091 0083 9F       		.byte	0x9f
 1092 0084 00000000 		.4byte	0
 1093 0088 00000000 		.4byte	0
 1094              	.LLST4:
 1095 008c 36000000 		.4byte	.LVL15
 1096 0090 3A000000 		.4byte	.LVL16
 1097 0094 0200     		.2byte	0x2
 1098 0096 30       		.byte	0x30
 1099 0097 9F       		.byte	0x9f
 1100 0098 3C000000 		.4byte	.LVL17
 1101 009c 3E000000 		.4byte	.LFE3
 1102 00a0 0100     		.2byte	0x1
 1103 00a2 50       		.byte	0x50
 1104 00a3 00000000 		.4byte	0
 1105 00a7 00000000 		.4byte	0
 1106              	.LLST5:
 1107 00ab 12000000 		.4byte	.LVL8
ARM GAS  C:\Users\RABBIT~1\AppData\Local\Temp\ccHwaQfy.s 			page 25


 1108 00af 24000000 		.4byte	.LVL11
 1109 00b3 0100     		.2byte	0x1
 1110 00b5 54       		.byte	0x54
 1111 00b6 2A000000 		.4byte	.LVL13
 1112 00ba 3E000000 		.4byte	.LFE3
 1113 00be 0100     		.2byte	0x1
 1114 00c0 54       		.byte	0x54
 1115 00c1 00000000 		.4byte	0
 1116 00c5 00000000 		.4byte	0
 1117              	.LLST6:
 1118 00c9 00000000 		.4byte	.LVL18
 1119 00cd 1A000000 		.4byte	.LVL23
 1120 00d1 0100     		.2byte	0x1
 1121 00d3 50       		.byte	0x50
 1122 00d4 1A000000 		.4byte	.LVL23
 1123 00d8 42000000 		.4byte	.LVL31
 1124 00dc 0100     		.2byte	0x1
 1125 00de 58       		.byte	0x58
 1126 00df 42000000 		.4byte	.LVL31
 1127 00e3 45000000 		.4byte	.LVL32-1
 1128 00e7 0100     		.2byte	0x1
 1129 00e9 50       		.byte	0x50
 1130 00ea 45000000 		.4byte	.LVL32-1
 1131 00ee 94000000 		.4byte	.LVL45
 1132 00f2 0100     		.2byte	0x1
 1133 00f4 58       		.byte	0x58
 1134 00f5 94000000 		.4byte	.LVL45
 1135 00f9 98000000 		.4byte	.LFE4
 1136 00fd 0400     		.2byte	0x4
 1137 00ff F3       		.byte	0xf3
 1138 0100 01       		.uleb128 0x1
 1139 0101 50       		.byte	0x50
 1140 0102 9F       		.byte	0x9f
 1141 0103 00000000 		.4byte	0
 1142 0107 00000000 		.4byte	0
 1143              	.LLST7:
 1144 010b 00000000 		.4byte	.LVL18
 1145 010f 14000000 		.4byte	.LVL22
 1146 0113 0100     		.2byte	0x1
 1147 0115 51       		.byte	0x51
 1148 0116 14000000 		.4byte	.LVL22
 1149 011a 94000000 		.4byte	.LVL45
 1150 011e 1600     		.2byte	0x16
 1151 0120 79       		.byte	0x79
 1152 0121 00       		.sleb128 0
 1153 0122 12       		.byte	0x12
 1154 0123 0A       		.byte	0xa
 1155 0124 FFFF     		.2byte	0xffff
 1156 0126 1A       		.byte	0x1a
 1157 0127 08       		.byte	0x8
 1158 0128 40       		.byte	0x40
 1159 0129 16       		.byte	0x16
 1160 012a 14       		.byte	0x14
 1161 012b 0A       		.byte	0xa
 1162 012c FFFF     		.2byte	0xffff
 1163 012e 1A       		.byte	0x1a
 1164 012f 2D       		.byte	0x2d
ARM GAS  C:\Users\RABBIT~1\AppData\Local\Temp\ccHwaQfy.s 			page 26


 1165 0130 28       		.byte	0x28
 1166 0131 0100     		.2byte	0x1
 1167 0133 16       		.byte	0x16
 1168 0134 13       		.byte	0x13
 1169 0135 9F       		.byte	0x9f
 1170 0136 00000000 		.4byte	0
 1171 013a 00000000 		.4byte	0
 1172              	.LLST8:
 1173 013e 00000000 		.4byte	.LVL18
 1174 0142 10000000 		.4byte	.LVL21
 1175 0146 0100     		.2byte	0x1
 1176 0148 52       		.byte	0x52
 1177 0149 10000000 		.4byte	.LVL21
 1178 014d 94000000 		.4byte	.LVL45
 1179 0151 0100     		.2byte	0x1
 1180 0153 57       		.byte	0x57
 1181 0154 94000000 		.4byte	.LVL45
 1182 0158 98000000 		.4byte	.LFE4
 1183 015c 0400     		.2byte	0x4
 1184 015e F3       		.byte	0xf3
 1185 015f 01       		.uleb128 0x1
 1186 0160 52       		.byte	0x52
 1187 0161 9F       		.byte	0x9f
 1188 0162 00000000 		.4byte	0
 1189 0166 00000000 		.4byte	0
 1190              	.LLST9:
 1191 016a 00000000 		.4byte	.LVL18
 1192 016e 08000000 		.4byte	.LVL19
 1193 0172 0100     		.2byte	0x1
 1194 0174 53       		.byte	0x53
 1195 0175 08000000 		.4byte	.LVL19
 1196 0179 98000000 		.4byte	.LFE4
 1197 017d 0400     		.2byte	0x4
 1198 017f F3       		.byte	0xf3
 1199 0180 01       		.uleb128 0x1
 1200 0181 53       		.byte	0x53
 1201 0182 9F       		.byte	0x9f
 1202 0183 00000000 		.4byte	0
 1203 0187 00000000 		.4byte	0
 1204              	.LLST10:
 1205 018b 84000000 		.4byte	.LVL41
 1206 018f 8A000000 		.4byte	.LVL42
 1207 0193 0200     		.2byte	0x2
 1208 0195 30       		.byte	0x30
 1209 0196 9F       		.byte	0x9f
 1210 0197 8E000000 		.4byte	.LVL43
 1211 019b 90000000 		.4byte	.LVL44
 1212 019f 0200     		.2byte	0x2
 1213 01a1 40       		.byte	0x40
 1214 01a2 9F       		.byte	0x9f
 1215 01a3 90000000 		.4byte	.LVL44
 1216 01a7 98000000 		.4byte	.LFE4
 1217 01ab 0100     		.2byte	0x1
 1218 01ad 50       		.byte	0x50
 1219 01ae 00000000 		.4byte	0
 1220 01b2 00000000 		.4byte	0
 1221              	.LLST11:
ARM GAS  C:\Users\RABBIT~1\AppData\Local\Temp\ccHwaQfy.s 			page 27


 1222 01b6 0A000000 		.4byte	.LVL20
 1223 01ba 1A000000 		.4byte	.LVL23
 1224 01be 0100     		.2byte	0x1
 1225 01c0 54       		.byte	0x54
 1226 01c1 1A000000 		.4byte	.LVL23
 1227 01c5 26000000 		.4byte	.LVL25
 1228 01c9 0100     		.2byte	0x1
 1229 01cb 55       		.byte	0x55
 1230 01cc 2C000000 		.4byte	.LVL27
 1231 01d0 42000000 		.4byte	.LVL31
 1232 01d4 0100     		.2byte	0x1
 1233 01d6 55       		.byte	0x55
 1234 01d7 42000000 		.4byte	.LVL31
 1235 01db 5C000000 		.4byte	.LVL36
 1236 01df 0100     		.2byte	0x1
 1237 01e1 54       		.byte	0x54
 1238 01e2 5E000000 		.4byte	.LVL37
 1239 01e6 94000000 		.4byte	.LVL45
 1240 01ea 0100     		.2byte	0x1
 1241 01ec 54       		.byte	0x54
 1242 01ed 00000000 		.4byte	0
 1243 01f1 00000000 		.4byte	0
 1244              		.section	.debug_aranges,"",%progbits
 1245 0000 3C000000 		.4byte	0x3c
 1246 0004 0200     		.2byte	0x2
 1247 0006 00000000 		.4byte	.Ldebug_info0
 1248 000a 04       		.byte	0x4
 1249 000b 00       		.byte	0
 1250 000c 0000     		.2byte	0
 1251 000e 0000     		.2byte	0
 1252 0010 00000000 		.4byte	.LFB0
 1253 0014 18000000 		.4byte	.LFE0-.LFB0
 1254 0018 00000000 		.4byte	.LFB1
 1255 001c 04000000 		.4byte	.LFE1-.LFB1
 1256 0020 00000000 		.4byte	.LFB2
 1257 0024 06000000 		.4byte	.LFE2-.LFB2
 1258 0028 00000000 		.4byte	.LFB3
 1259 002c 3E000000 		.4byte	.LFE3-.LFB3
 1260 0030 00000000 		.4byte	.LFB4
 1261 0034 98000000 		.4byte	.LFE4-.LFB4
 1262 0038 00000000 		.4byte	0
 1263 003c 00000000 		.4byte	0
 1264              		.section	.debug_ranges,"",%progbits
 1265              	.Ldebug_ranges0:
 1266 0000 00000000 		.4byte	.LFB0
 1267 0004 18000000 		.4byte	.LFE0
 1268 0008 00000000 		.4byte	.LFB1
 1269 000c 04000000 		.4byte	.LFE1
 1270 0010 00000000 		.4byte	.LFB2
 1271 0014 06000000 		.4byte	.LFE2
 1272 0018 00000000 		.4byte	.LFB3
 1273 001c 3E000000 		.4byte	.LFE3
 1274 0020 00000000 		.4byte	.LFB4
 1275 0024 98000000 		.4byte	.LFE4
 1276 0028 00000000 		.4byte	0
 1277 002c 00000000 		.4byte	0
 1278              		.section	.debug_line,"",%progbits
ARM GAS  C:\Users\RABBIT~1\AppData\Local\Temp\ccHwaQfy.s 			page 28


 1279              	.Ldebug_line0:
 1280 0000 00010000 		.section	.debug_str,"MS",%progbits,1
 1280      02005D00 
 1280      00000201 
 1280      FB0E0D00 
 1280      01010101 
 1281              	.LASF25:
 1282 0000 74696D65 		.ascii	"timeoutMs\000"
 1282      6F75744D 
 1282      7300
 1283              	.LASF14:
 1284 000a 63797374 		.ascii	"cystatus\000"
 1284      61747573 
 1284      00
 1285              	.LASF22:
 1286 0013 636F756E 		.ascii	"count\000"
 1286      7400
 1287              	.LASF3:
 1288 0019 73686F72 		.ascii	"short unsigned int\000"
 1288      7420756E 
 1288      7369676E 
 1288      65642069 
 1288      6E7400
 1289              	.LASF40:
 1290 002c 433A5C55 		.ascii	"C:\\Users\\Rabbit Hole Shipping\\Google Drive\\SCSI"
 1290      73657273 
 1290      5C526162 
 1290      62697420 
 1290      486F6C65 
 1291 005b 3253445C 		.ascii	"2SD\\software\\SCSI2SD\\v5.2-eth\\USB_Bootloader.cy"
 1291      736F6674 
 1291      77617265 
 1291      5C534353 
 1291      49325344 
 1292 008a 64736E00 		.ascii	"dsn\000"
 1293              	.LASF19:
 1294 008e 55534246 		.ascii	"USBFS_CyBtldrCommReset\000"
 1294      535F4379 
 1294      42746C64 
 1294      72436F6D 
 1294      6D526573 
 1295              	.LASF29:
 1296 00a5 55534246 		.ascii	"USBFS_Start\000"
 1296      535F5374 
 1296      61727400 
 1297              	.LASF20:
 1298 00b1 70446174 		.ascii	"pData\000"
 1298      6100
 1299              	.LASF17:
 1300 00b7 55534246 		.ascii	"USBFS_CyBtldrCommStart\000"
 1300      535F4379 
 1300      42746C64 
 1300      72436F6D 
 1300      6D537461 
 1301              	.LASF11:
 1302 00ce 666C6F61 		.ascii	"float\000"
 1302      7400
ARM GAS  C:\Users\RABBIT~1\AppData\Local\Temp\ccHwaQfy.s 			page 29


 1303              	.LASF30:
 1304 00d4 55534246 		.ascii	"USBFS_Stop\000"
 1304      535F5374 
 1304      6F7000
 1305              	.LASF21:
 1306 00df 73697A65 		.ascii	"size\000"
 1306      00
 1307              	.LASF38:
 1308 00e4 474E5520 		.ascii	"GNU C11 5.4.1 20160609 (release) [ARM/embedded-5-br"
 1308      43313120 
 1308      352E342E 
 1308      31203230 
 1308      31363036 
 1309 0117 616E6368 		.ascii	"anch revision 237715] -mcpu=cortex-m3 -mthumb -g -O"
 1309      20726576 
 1309      6973696F 
 1309      6E203233 
 1309      37373135 
 1310 014a 73202D66 		.ascii	"s -ffunction-sections -ffat-lto-objects\000"
 1310      66756E63 
 1310      74696F6E 
 1310      2D736563 
 1310      74696F6E 
 1311              	.LASF9:
 1312 0172 75696E74 		.ascii	"uint8\000"
 1312      3800
 1313              	.LASF1:
 1314 0178 756E7369 		.ascii	"unsigned char\000"
 1314      676E6564 
 1314      20636861 
 1314      7200
 1315              	.LASF12:
 1316 0186 646F7562 		.ascii	"double\000"
 1316      6C6500
 1317              	.LASF37:
 1318 018d 55534246 		.ascii	"USBFS_ReadOutEP\000"
 1318      535F5265 
 1318      61644F75 
 1318      74455000 
 1319              	.LASF26:
 1320 019d 55534246 		.ascii	"USBFS_CyBtldrCommWrite\000"
 1320      535F4379 
 1320      42746C64 
 1320      72436F6D 
 1320      6D577269 
 1321              	.LASF10:
 1322 01b4 75696E74 		.ascii	"uint16\000"
 1322      313600
 1323              	.LASF35:
 1324 01bb 55534246 		.ascii	"USBFS_GetConfiguration\000"
 1324      535F4765 
 1324      74436F6E 
 1324      66696775 
 1324      72617469 
 1325              	.LASF8:
 1326 01d2 756E7369 		.ascii	"unsigned int\000"
 1326      676E6564 
ARM GAS  C:\Users\RABBIT~1\AppData\Local\Temp\ccHwaQfy.s 			page 30


 1326      20696E74 
 1326      00
 1327              	.LASF7:
 1328 01df 6C6F6E67 		.ascii	"long long unsigned int\000"
 1328      206C6F6E 
 1328      6720756E 
 1328      7369676E 
 1328      65642069 
 1329              	.LASF31:
 1330 01f6 55534246 		.ascii	"USBFS_EnableOutEP\000"
 1330      535F456E 
 1330      61626C65 
 1330      4F757445 
 1330      5000
 1331              	.LASF24:
 1332 0208 72657443 		.ascii	"retCode\000"
 1332      6F646500 
 1333              	.LASF5:
 1334 0210 6C6F6E67 		.ascii	"long unsigned int\000"
 1334      20756E73 
 1334      69676E65 
 1334      6420696E 
 1334      7400
 1335              	.LASF39:
 1336 0222 47656E65 		.ascii	"Generated_Source\\PSoC5\\USBFS_boot.c\000"
 1336      72617465 
 1336      645F536F 
 1336      75726365 
 1336      5C50536F 
 1337              	.LASF16:
 1338 0246 73697A65 		.ascii	"sizetype\000"
 1338      74797065 
 1338      00
 1339              	.LASF6:
 1340 024f 6C6F6E67 		.ascii	"long long int\000"
 1340      206C6F6E 
 1340      6720696E 
 1340      7400
 1341              	.LASF13:
 1342 025d 63686172 		.ascii	"char\000"
 1342      00
 1343              	.LASF32:
 1344 0262 55534246 		.ascii	"USBFS_LoadInEP\000"
 1344      535F4C6F 
 1344      6164496E 
 1344      455000
 1345              	.LASF2:
 1346 0271 73686F72 		.ascii	"short int\000"
 1346      7420696E 
 1346      7400
 1347              	.LASF23:
 1348 027b 74696D65 		.ascii	"timeOut\000"
 1348      4F757400 
 1349              	.LASF33:
 1350 0283 55534246 		.ascii	"USBFS_GetEPState\000"
 1350      535F4765 
 1350      74455053 
ARM GAS  C:\Users\RABBIT~1\AppData\Local\Temp\ccHwaQfy.s 			page 31


 1350      74617465 
 1350      00
 1351              	.LASF4:
 1352 0294 6C6F6E67 		.ascii	"long int\000"
 1352      20696E74 
 1352      00
 1353              	.LASF15:
 1354 029d 6C6F6E67 		.ascii	"long double\000"
 1354      20646F75 
 1354      626C6500 
 1355              	.LASF18:
 1356 02a9 55534246 		.ascii	"USBFS_CyBtldrCommStop\000"
 1356      535F4379 
 1356      42746C64 
 1356      72436F6D 
 1356      6D53746F 
 1357              	.LASF0:
 1358 02bf 7369676E 		.ascii	"signed char\000"
 1358      65642063 
 1358      68617200 
 1359              	.LASF28:
 1360 02cb 55534246 		.ascii	"USBFS_started\000"
 1360      535F7374 
 1360      61727465 
 1360      6400
 1361              	.LASF34:
 1362 02d9 43794465 		.ascii	"CyDelay\000"
 1362      6C617900 
 1363              	.LASF27:
 1364 02e1 55534246 		.ascii	"USBFS_CyBtldrCommRead\000"
 1364      535F4379 
 1364      42746C64 
 1364      72436F6D 
 1364      6D526561 
 1365              	.LASF36:
 1366 02f7 55534246 		.ascii	"USBFS_IsConfigurationChanged\000"
 1366      535F4973 
 1366      436F6E66 
 1366      69677572 
 1366      6174696F 
 1367              		.ident	"GCC: (GNU Tools for ARM Embedded Processors) 5.4.1 20160609 (release) [ARM/embedded-5-bran
