ARM GAS  C:\Users\RABBIT~1\AppData\Local\Temp\cc5LkXsJ.s 			page 1


   1              		.syntax unified
   2              		.cpu cortex-m3
   3              		.fpu softvfp
   4              		.eabi_attribute 20, 1
   5              		.eabi_attribute 21, 1
   6              		.eabi_attribute 23, 3
   7              		.eabi_attribute 24, 1
   8              		.eabi_attribute 25, 1
   9              		.eabi_attribute 26, 1
  10              		.eabi_attribute 30, 4
  11              		.eabi_attribute 34, 1
  12              		.eabi_attribute 18, 4
  13              		.thumb
  14              		.syntax unified
  15              		.file	"USBFS_Dm.c"
  16              		.text
  17              	.Ltext0:
  18              		.cfi_sections	.debug_frame
  19              		.section	.text.USBFS_Dm_Write,"ax",%progbits
  20              		.align	1
  21              		.global	USBFS_Dm_Write
  22              		.thumb
  23              		.thumb_func
  24              		.type	USBFS_Dm_Write, %function
  25              	USBFS_Dm_Write:
  26              	.LFB0:
  27              		.file 1 "Generated_Source\\PSoC5\\USBFS_Dm.c"
   1:Generated_Source\PSoC5/USBFS_Dm.c **** /*******************************************************************************
   2:Generated_Source\PSoC5/USBFS_Dm.c **** * File Name: USBFS_Dm.c  
   3:Generated_Source\PSoC5/USBFS_Dm.c **** * Version 2.10
   4:Generated_Source\PSoC5/USBFS_Dm.c **** *
   5:Generated_Source\PSoC5/USBFS_Dm.c **** * Description:
   6:Generated_Source\PSoC5/USBFS_Dm.c **** *  This file contains API to enable firmware control of a Pins component.
   7:Generated_Source\PSoC5/USBFS_Dm.c **** *
   8:Generated_Source\PSoC5/USBFS_Dm.c **** * Note:
   9:Generated_Source\PSoC5/USBFS_Dm.c **** *
  10:Generated_Source\PSoC5/USBFS_Dm.c **** ********************************************************************************
  11:Generated_Source\PSoC5/USBFS_Dm.c **** * Copyright 2008-2014, Cypress Semiconductor Corporation.  All rights reserved.
  12:Generated_Source\PSoC5/USBFS_Dm.c **** * You may use this file only in accordance with the license, terms, conditions, 
  13:Generated_Source\PSoC5/USBFS_Dm.c **** * disclaimers, and limitations in the end user license agreement accompanying 
  14:Generated_Source\PSoC5/USBFS_Dm.c **** * the software package with which this file was provided.
  15:Generated_Source\PSoC5/USBFS_Dm.c **** *******************************************************************************/
  16:Generated_Source\PSoC5/USBFS_Dm.c **** 
  17:Generated_Source\PSoC5/USBFS_Dm.c **** #include "cytypes.h"
  18:Generated_Source\PSoC5/USBFS_Dm.c **** #include "USBFS_Dm.h"
  19:Generated_Source\PSoC5/USBFS_Dm.c **** 
  20:Generated_Source\PSoC5/USBFS_Dm.c **** /* APIs are not generated for P15[7:6] on PSoC 5 */
  21:Generated_Source\PSoC5/USBFS_Dm.c **** #if !(CY_PSOC5A &&\
  22:Generated_Source\PSoC5/USBFS_Dm.c **** 	 USBFS_Dm__PORT == 15 && ((USBFS_Dm__MASK & 0xC0) != 0))
  23:Generated_Source\PSoC5/USBFS_Dm.c **** 
  24:Generated_Source\PSoC5/USBFS_Dm.c **** 
  25:Generated_Source\PSoC5/USBFS_Dm.c **** /*******************************************************************************
  26:Generated_Source\PSoC5/USBFS_Dm.c **** * Function Name: USBFS_Dm_Write
  27:Generated_Source\PSoC5/USBFS_Dm.c **** ********************************************************************************
  28:Generated_Source\PSoC5/USBFS_Dm.c **** *
  29:Generated_Source\PSoC5/USBFS_Dm.c **** * Summary:
  30:Generated_Source\PSoC5/USBFS_Dm.c **** *  Assign a new value to the digital port's data output register.  
ARM GAS  C:\Users\RABBIT~1\AppData\Local\Temp\cc5LkXsJ.s 			page 2


  31:Generated_Source\PSoC5/USBFS_Dm.c **** *
  32:Generated_Source\PSoC5/USBFS_Dm.c **** * Parameters:  
  33:Generated_Source\PSoC5/USBFS_Dm.c **** *  prtValue:  The value to be assigned to the Digital Port. 
  34:Generated_Source\PSoC5/USBFS_Dm.c **** *
  35:Generated_Source\PSoC5/USBFS_Dm.c **** * Return: 
  36:Generated_Source\PSoC5/USBFS_Dm.c **** *  None
  37:Generated_Source\PSoC5/USBFS_Dm.c **** *  
  38:Generated_Source\PSoC5/USBFS_Dm.c **** *******************************************************************************/
  39:Generated_Source\PSoC5/USBFS_Dm.c **** void USBFS_Dm_Write(uint8 value) 
  40:Generated_Source\PSoC5/USBFS_Dm.c **** {
  28              		.loc 1 40 0
  29              		.cfi_startproc
  30              		@ args = 0, pretend = 0, frame = 0
  31              		@ frame_needed = 0, uses_anonymous_args = 0
  32              		@ link register save eliminated.
  33              	.LVL0:
  41:Generated_Source\PSoC5/USBFS_Dm.c ****     uint8 staticBits = (USBFS_Dm_DR & (uint8)(~USBFS_Dm_MASK));
  34              		.loc 1 41 0
  35 0000 044A     		ldr	r2, .L2
  36 0002 1378     		ldrb	r3, [r2]	@ zero_extendqisi2
  37              	.LVL1:
  42:Generated_Source\PSoC5/USBFS_Dm.c ****     USBFS_Dm_DR = staticBits | ((uint8)(value << USBFS_Dm_SHIFT) & USBFS_Dm_MASK);
  38              		.loc 1 42 0
  39 0004 03F07F03 		and	r3, r3, #127
  40              	.LVL2:
  41 0008 43EAC010 		orr	r0, r3, r0, lsl #7
  42              	.LVL3:
  43 000c C0B2     		uxtb	r0, r0
  44 000e 1070     		strb	r0, [r2]
  45 0010 7047     		bx	lr
  46              	.L3:
  47 0012 00BF     		.align	2
  48              	.L2:
  49 0014 F0510040 		.word	1073762800
  50              		.cfi_endproc
  51              	.LFE0:
  52              		.size	USBFS_Dm_Write, .-USBFS_Dm_Write
  53              		.section	.text.USBFS_Dm_SetDriveMode,"ax",%progbits
  54              		.align	1
  55              		.global	USBFS_Dm_SetDriveMode
  56              		.thumb
  57              		.thumb_func
  58              		.type	USBFS_Dm_SetDriveMode, %function
  59              	USBFS_Dm_SetDriveMode:
  60              	.LFB1:
  43:Generated_Source\PSoC5/USBFS_Dm.c **** }
  44:Generated_Source\PSoC5/USBFS_Dm.c **** 
  45:Generated_Source\PSoC5/USBFS_Dm.c **** 
  46:Generated_Source\PSoC5/USBFS_Dm.c **** /*******************************************************************************
  47:Generated_Source\PSoC5/USBFS_Dm.c **** * Function Name: USBFS_Dm_SetDriveMode
  48:Generated_Source\PSoC5/USBFS_Dm.c **** ********************************************************************************
  49:Generated_Source\PSoC5/USBFS_Dm.c **** *
  50:Generated_Source\PSoC5/USBFS_Dm.c **** * Summary:
  51:Generated_Source\PSoC5/USBFS_Dm.c **** *  Change the drive mode on the pins of the port.
  52:Generated_Source\PSoC5/USBFS_Dm.c **** * 
  53:Generated_Source\PSoC5/USBFS_Dm.c **** * Parameters:  
  54:Generated_Source\PSoC5/USBFS_Dm.c **** *  mode:  Change the pins to one of the following drive modes.
ARM GAS  C:\Users\RABBIT~1\AppData\Local\Temp\cc5LkXsJ.s 			page 3


  55:Generated_Source\PSoC5/USBFS_Dm.c **** *
  56:Generated_Source\PSoC5/USBFS_Dm.c **** *  USBFS_Dm_DM_STRONG     Strong Drive 
  57:Generated_Source\PSoC5/USBFS_Dm.c **** *  USBFS_Dm_DM_OD_HI      Open Drain, Drives High 
  58:Generated_Source\PSoC5/USBFS_Dm.c **** *  USBFS_Dm_DM_OD_LO      Open Drain, Drives Low 
  59:Generated_Source\PSoC5/USBFS_Dm.c **** *  USBFS_Dm_DM_RES_UP     Resistive Pull Up 
  60:Generated_Source\PSoC5/USBFS_Dm.c **** *  USBFS_Dm_DM_RES_DWN    Resistive Pull Down 
  61:Generated_Source\PSoC5/USBFS_Dm.c **** *  USBFS_Dm_DM_RES_UPDWN  Resistive Pull Up/Down 
  62:Generated_Source\PSoC5/USBFS_Dm.c **** *  USBFS_Dm_DM_DIG_HIZ    High Impedance Digital 
  63:Generated_Source\PSoC5/USBFS_Dm.c **** *  USBFS_Dm_DM_ALG_HIZ    High Impedance Analog 
  64:Generated_Source\PSoC5/USBFS_Dm.c **** *
  65:Generated_Source\PSoC5/USBFS_Dm.c **** * Return: 
  66:Generated_Source\PSoC5/USBFS_Dm.c **** *  None
  67:Generated_Source\PSoC5/USBFS_Dm.c **** *
  68:Generated_Source\PSoC5/USBFS_Dm.c **** *******************************************************************************/
  69:Generated_Source\PSoC5/USBFS_Dm.c **** void USBFS_Dm_SetDriveMode(uint8 mode) 
  70:Generated_Source\PSoC5/USBFS_Dm.c **** {
  61              		.loc 1 70 0
  62              		.cfi_startproc
  63              		@ args = 0, pretend = 0, frame = 0
  64              		@ frame_needed = 0, uses_anonymous_args = 0
  65              		@ link register save eliminated.
  66              	.LVL4:
  71:Generated_Source\PSoC5/USBFS_Dm.c **** 	CyPins_SetPinDriveMode(USBFS_Dm_0, mode);
  67              		.loc 1 71 0
  68 0000 044A     		ldr	r2, .L5
  69 0002 00F00E00 		and	r0, r0, #14
  70              	.LVL5:
  71 0006 1378     		ldrb	r3, [r2]	@ zero_extendqisi2
  72 0008 03F0F103 		and	r3, r3, #241
  73 000c 1843     		orrs	r0, r0, r3
  74 000e 1070     		strb	r0, [r2]
  75 0010 7047     		bx	lr
  76              	.L6:
  77 0012 00BF     		.align	2
  78              	.L5:
  79 0014 7F500040 		.word	1073762431
  80              		.cfi_endproc
  81              	.LFE1:
  82              		.size	USBFS_Dm_SetDriveMode, .-USBFS_Dm_SetDriveMode
  83              		.section	.text.USBFS_Dm_Read,"ax",%progbits
  84              		.align	1
  85              		.global	USBFS_Dm_Read
  86              		.thumb
  87              		.thumb_func
  88              		.type	USBFS_Dm_Read, %function
  89              	USBFS_Dm_Read:
  90              	.LFB2:
  72:Generated_Source\PSoC5/USBFS_Dm.c **** }
  73:Generated_Source\PSoC5/USBFS_Dm.c **** 
  74:Generated_Source\PSoC5/USBFS_Dm.c **** 
  75:Generated_Source\PSoC5/USBFS_Dm.c **** /*******************************************************************************
  76:Generated_Source\PSoC5/USBFS_Dm.c **** * Function Name: USBFS_Dm_Read
  77:Generated_Source\PSoC5/USBFS_Dm.c **** ********************************************************************************
  78:Generated_Source\PSoC5/USBFS_Dm.c **** *
  79:Generated_Source\PSoC5/USBFS_Dm.c **** * Summary:
  80:Generated_Source\PSoC5/USBFS_Dm.c **** *  Read the current value on the pins of the Digital Port in right justified 
  81:Generated_Source\PSoC5/USBFS_Dm.c **** *  form.
ARM GAS  C:\Users\RABBIT~1\AppData\Local\Temp\cc5LkXsJ.s 			page 4


  82:Generated_Source\PSoC5/USBFS_Dm.c **** *
  83:Generated_Source\PSoC5/USBFS_Dm.c **** * Parameters:  
  84:Generated_Source\PSoC5/USBFS_Dm.c **** *  None
  85:Generated_Source\PSoC5/USBFS_Dm.c **** *
  86:Generated_Source\PSoC5/USBFS_Dm.c **** * Return: 
  87:Generated_Source\PSoC5/USBFS_Dm.c **** *  Returns the current value of the Digital Port as a right justified number
  88:Generated_Source\PSoC5/USBFS_Dm.c **** *  
  89:Generated_Source\PSoC5/USBFS_Dm.c **** * Note:
  90:Generated_Source\PSoC5/USBFS_Dm.c **** *  Macro USBFS_Dm_ReadPS calls this function. 
  91:Generated_Source\PSoC5/USBFS_Dm.c **** *  
  92:Generated_Source\PSoC5/USBFS_Dm.c **** *******************************************************************************/
  93:Generated_Source\PSoC5/USBFS_Dm.c **** uint8 USBFS_Dm_Read(void) 
  94:Generated_Source\PSoC5/USBFS_Dm.c **** {
  91              		.loc 1 94 0
  92              		.cfi_startproc
  93              		@ args = 0, pretend = 0, frame = 0
  94              		@ frame_needed = 0, uses_anonymous_args = 0
  95              		@ link register save eliminated.
  95:Generated_Source\PSoC5/USBFS_Dm.c ****     return (USBFS_Dm_PS & USBFS_Dm_MASK) >> USBFS_Dm_SHIFT;
  96              		.loc 1 95 0
  97 0000 014B     		ldr	r3, .L8
  98 0002 1878     		ldrb	r0, [r3]	@ zero_extendqisi2
  96:Generated_Source\PSoC5/USBFS_Dm.c **** }
  99              		.loc 1 96 0
 100 0004 C009     		lsrs	r0, r0, #7
 101 0006 7047     		bx	lr
 102              	.L9:
 103              		.align	2
 104              	.L8:
 105 0008 F1510040 		.word	1073762801
 106              		.cfi_endproc
 107              	.LFE2:
 108              		.size	USBFS_Dm_Read, .-USBFS_Dm_Read
 109              		.section	.text.USBFS_Dm_ReadDataReg,"ax",%progbits
 110              		.align	1
 111              		.global	USBFS_Dm_ReadDataReg
 112              		.thumb
 113              		.thumb_func
 114              		.type	USBFS_Dm_ReadDataReg, %function
 115              	USBFS_Dm_ReadDataReg:
 116              	.LFB3:
  97:Generated_Source\PSoC5/USBFS_Dm.c **** 
  98:Generated_Source\PSoC5/USBFS_Dm.c **** 
  99:Generated_Source\PSoC5/USBFS_Dm.c **** /*******************************************************************************
 100:Generated_Source\PSoC5/USBFS_Dm.c **** * Function Name: USBFS_Dm_ReadDataReg
 101:Generated_Source\PSoC5/USBFS_Dm.c **** ********************************************************************************
 102:Generated_Source\PSoC5/USBFS_Dm.c **** *
 103:Generated_Source\PSoC5/USBFS_Dm.c **** * Summary:
 104:Generated_Source\PSoC5/USBFS_Dm.c **** *  Read the current value assigned to a Digital Port's data output register
 105:Generated_Source\PSoC5/USBFS_Dm.c **** *
 106:Generated_Source\PSoC5/USBFS_Dm.c **** * Parameters:  
 107:Generated_Source\PSoC5/USBFS_Dm.c **** *  None 
 108:Generated_Source\PSoC5/USBFS_Dm.c **** *
 109:Generated_Source\PSoC5/USBFS_Dm.c **** * Return: 
 110:Generated_Source\PSoC5/USBFS_Dm.c **** *  Returns the current value assigned to the Digital Port's data output register
 111:Generated_Source\PSoC5/USBFS_Dm.c **** *  
 112:Generated_Source\PSoC5/USBFS_Dm.c **** *******************************************************************************/
ARM GAS  C:\Users\RABBIT~1\AppData\Local\Temp\cc5LkXsJ.s 			page 5


 113:Generated_Source\PSoC5/USBFS_Dm.c **** uint8 USBFS_Dm_ReadDataReg(void) 
 114:Generated_Source\PSoC5/USBFS_Dm.c **** {
 117              		.loc 1 114 0
 118              		.cfi_startproc
 119              		@ args = 0, pretend = 0, frame = 0
 120              		@ frame_needed = 0, uses_anonymous_args = 0
 121              		@ link register save eliminated.
 115:Generated_Source\PSoC5/USBFS_Dm.c ****     return (USBFS_Dm_DR & USBFS_Dm_MASK) >> USBFS_Dm_SHIFT;
 122              		.loc 1 115 0
 123 0000 014B     		ldr	r3, .L11
 124 0002 1878     		ldrb	r0, [r3]	@ zero_extendqisi2
 116:Generated_Source\PSoC5/USBFS_Dm.c **** }
 125              		.loc 1 116 0
 126 0004 C009     		lsrs	r0, r0, #7
 127 0006 7047     		bx	lr
 128              	.L12:
 129              		.align	2
 130              	.L11:
 131 0008 F0510040 		.word	1073762800
 132              		.cfi_endproc
 133              	.LFE3:
 134              		.size	USBFS_Dm_ReadDataReg, .-USBFS_Dm_ReadDataReg
 135              		.text
 136              	.Letext0:
 137              		.file 2 "Generated_Source\\PSoC5\\cytypes.h"
 138              		.section	.debug_info,"",%progbits
 139              	.Ldebug_info0:
 140 0000 1C010000 		.4byte	0x11c
 141 0004 0400     		.2byte	0x4
 142 0006 00000000 		.4byte	.Ldebug_abbrev0
 143 000a 04       		.byte	0x4
 144 000b 01       		.uleb128 0x1
 145 000c 24010000 		.4byte	.LASF20
 146 0010 0C       		.byte	0xc
 147 0011 DA010000 		.4byte	.LASF21
 148 0015 2E000000 		.4byte	.LASF22
 149 0019 00000000 		.4byte	.Ldebug_ranges0+0
 150 001d 00000000 		.4byte	0
 151 0021 00000000 		.4byte	.Ldebug_line0
 152 0025 02       		.uleb128 0x2
 153 0026 01       		.byte	0x1
 154 0027 06       		.byte	0x6
 155 0028 05020000 		.4byte	.LASF0
 156 002c 02       		.uleb128 0x2
 157 002d 01       		.byte	0x1
 158 002e 08       		.byte	0x8
 159 002f C3000000 		.4byte	.LASF1
 160 0033 02       		.uleb128 0x2
 161 0034 02       		.byte	0x2
 162 0035 05       		.byte	0x5
 163 0036 CA010000 		.4byte	.LASF2
 164 003a 02       		.uleb128 0x2
 165 003b 02       		.byte	0x2
 166 003c 07       		.byte	0x7
 167 003d E8000000 		.4byte	.LASF3
 168 0041 02       		.uleb128 0x2
 169 0042 04       		.byte	0x4
ARM GAS  C:\Users\RABBIT~1\AppData\Local\Temp\cc5LkXsJ.s 			page 6


 170 0043 05       		.byte	0x5
 171 0044 FC010000 		.4byte	.LASF4
 172 0048 02       		.uleb128 0x2
 173 0049 04       		.byte	0x4
 174 004a 07       		.byte	0x7
 175 004b D6000000 		.4byte	.LASF5
 176 004f 02       		.uleb128 0x2
 177 0050 08       		.byte	0x8
 178 0051 05       		.byte	0x5
 179 0052 B7010000 		.4byte	.LASF6
 180 0056 02       		.uleb128 0x2
 181 0057 08       		.byte	0x8
 182 0058 07       		.byte	0x7
 183 0059 AC000000 		.4byte	.LASF7
 184 005d 03       		.uleb128 0x3
 185 005e 04       		.byte	0x4
 186 005f 05       		.byte	0x5
 187 0060 696E7400 		.ascii	"int\000"
 188 0064 02       		.uleb128 0x2
 189 0065 04       		.byte	0x4
 190 0066 07       		.byte	0x7
 191 0067 17010000 		.4byte	.LASF8
 192 006b 04       		.uleb128 0x4
 193 006c D4010000 		.4byte	.LASF12
 194 0070 02       		.byte	0x2
 195 0071 A1       		.byte	0xa1
 196 0072 2C000000 		.4byte	0x2c
 197 0076 02       		.uleb128 0x2
 198 0077 04       		.byte	0x4
 199 0078 04       		.byte	0x4
 200 0079 A6000000 		.4byte	.LASF9
 201 007d 02       		.uleb128 0x2
 202 007e 08       		.byte	0x8
 203 007f 04       		.byte	0x4
 204 0080 FB000000 		.4byte	.LASF10
 205 0084 02       		.uleb128 0x2
 206 0085 01       		.byte	0x1
 207 0086 08       		.byte	0x8
 208 0087 C5010000 		.4byte	.LASF11
 209 008b 05       		.uleb128 0x5
 210 008c D1000000 		.4byte	.LASF13
 211 0090 02       		.byte	0x2
 212 0091 4B01     		.2byte	0x14b
 213 0093 97000000 		.4byte	0x97
 214 0097 06       		.uleb128 0x6
 215 0098 6B000000 		.4byte	0x6b
 216 009c 07       		.uleb128 0x7
 217 009d 00000000 		.4byte	.LASF14
 218 00a1 01       		.byte	0x1
 219 00a2 27       		.byte	0x27
 220 00a3 00000000 		.4byte	.LFB0
 221 00a7 18000000 		.4byte	.LFE0-.LFB0
 222 00ab 01       		.uleb128 0x1
 223 00ac 9C       		.byte	0x9c
 224 00ad D0000000 		.4byte	0xd0
 225 00b1 08       		.uleb128 0x8
 226 00b2 1D000000 		.4byte	.LASF16
ARM GAS  C:\Users\RABBIT~1\AppData\Local\Temp\cc5LkXsJ.s 			page 7


 227 00b6 01       		.byte	0x1
 228 00b7 27       		.byte	0x27
 229 00b8 6B000000 		.4byte	0x6b
 230 00bc 00000000 		.4byte	.LLST0
 231 00c0 09       		.uleb128 0x9
 232 00c1 23000000 		.4byte	.LASF23
 233 00c5 01       		.byte	0x1
 234 00c6 29       		.byte	0x29
 235 00c7 6B000000 		.4byte	0x6b
 236 00cb 21000000 		.4byte	.LLST1
 237 00cf 00       		.byte	0
 238 00d0 07       		.uleb128 0x7
 239 00d1 90000000 		.4byte	.LASF15
 240 00d5 01       		.byte	0x1
 241 00d6 45       		.byte	0x45
 242 00d7 00000000 		.4byte	.LFB1
 243 00db 18000000 		.4byte	.LFE1-.LFB1
 244 00df 01       		.uleb128 0x1
 245 00e0 9C       		.byte	0x9c
 246 00e1 F5000000 		.4byte	0xf5
 247 00e5 08       		.uleb128 0x8
 248 00e6 B2010000 		.4byte	.LASF17
 249 00ea 01       		.byte	0x1
 250 00eb 45       		.byte	0x45
 251 00ec 6B000000 		.4byte	0x6b
 252 00f0 39000000 		.4byte	.LLST2
 253 00f4 00       		.byte	0
 254 00f5 0A       		.uleb128 0xa
 255 00f6 0F000000 		.4byte	.LASF18
 256 00fa 01       		.byte	0x1
 257 00fb 5D       		.byte	0x5d
 258 00fc 6B000000 		.4byte	0x6b
 259 0100 00000000 		.4byte	.LFB2
 260 0104 0C000000 		.4byte	.LFE2-.LFB2
 261 0108 01       		.uleb128 0x1
 262 0109 9C       		.byte	0x9c
 263 010a 0A       		.uleb128 0xa
 264 010b 02010000 		.4byte	.LASF19
 265 010f 01       		.byte	0x1
 266 0110 71       		.byte	0x71
 267 0111 6B000000 		.4byte	0x6b
 268 0115 00000000 		.4byte	.LFB3
 269 0119 0C000000 		.4byte	.LFE3-.LFB3
 270 011d 01       		.uleb128 0x1
 271 011e 9C       		.byte	0x9c
 272 011f 00       		.byte	0
 273              		.section	.debug_abbrev,"",%progbits
 274              	.Ldebug_abbrev0:
 275 0000 01       		.uleb128 0x1
 276 0001 11       		.uleb128 0x11
 277 0002 01       		.byte	0x1
 278 0003 25       		.uleb128 0x25
 279 0004 0E       		.uleb128 0xe
 280 0005 13       		.uleb128 0x13
 281 0006 0B       		.uleb128 0xb
 282 0007 03       		.uleb128 0x3
 283 0008 0E       		.uleb128 0xe
ARM GAS  C:\Users\RABBIT~1\AppData\Local\Temp\cc5LkXsJ.s 			page 8


 284 0009 1B       		.uleb128 0x1b
 285 000a 0E       		.uleb128 0xe
 286 000b 55       		.uleb128 0x55
 287 000c 17       		.uleb128 0x17
 288 000d 11       		.uleb128 0x11
 289 000e 01       		.uleb128 0x1
 290 000f 10       		.uleb128 0x10
 291 0010 17       		.uleb128 0x17
 292 0011 00       		.byte	0
 293 0012 00       		.byte	0
 294 0013 02       		.uleb128 0x2
 295 0014 24       		.uleb128 0x24
 296 0015 00       		.byte	0
 297 0016 0B       		.uleb128 0xb
 298 0017 0B       		.uleb128 0xb
 299 0018 3E       		.uleb128 0x3e
 300 0019 0B       		.uleb128 0xb
 301 001a 03       		.uleb128 0x3
 302 001b 0E       		.uleb128 0xe
 303 001c 00       		.byte	0
 304 001d 00       		.byte	0
 305 001e 03       		.uleb128 0x3
 306 001f 24       		.uleb128 0x24
 307 0020 00       		.byte	0
 308 0021 0B       		.uleb128 0xb
 309 0022 0B       		.uleb128 0xb
 310 0023 3E       		.uleb128 0x3e
 311 0024 0B       		.uleb128 0xb
 312 0025 03       		.uleb128 0x3
 313 0026 08       		.uleb128 0x8
 314 0027 00       		.byte	0
 315 0028 00       		.byte	0
 316 0029 04       		.uleb128 0x4
 317 002a 16       		.uleb128 0x16
 318 002b 00       		.byte	0
 319 002c 03       		.uleb128 0x3
 320 002d 0E       		.uleb128 0xe
 321 002e 3A       		.uleb128 0x3a
 322 002f 0B       		.uleb128 0xb
 323 0030 3B       		.uleb128 0x3b
 324 0031 0B       		.uleb128 0xb
 325 0032 49       		.uleb128 0x49
 326 0033 13       		.uleb128 0x13
 327 0034 00       		.byte	0
 328 0035 00       		.byte	0
 329 0036 05       		.uleb128 0x5
 330 0037 16       		.uleb128 0x16
 331 0038 00       		.byte	0
 332 0039 03       		.uleb128 0x3
 333 003a 0E       		.uleb128 0xe
 334 003b 3A       		.uleb128 0x3a
 335 003c 0B       		.uleb128 0xb
 336 003d 3B       		.uleb128 0x3b
 337 003e 05       		.uleb128 0x5
 338 003f 49       		.uleb128 0x49
 339 0040 13       		.uleb128 0x13
 340 0041 00       		.byte	0
ARM GAS  C:\Users\RABBIT~1\AppData\Local\Temp\cc5LkXsJ.s 			page 9


 341 0042 00       		.byte	0
 342 0043 06       		.uleb128 0x6
 343 0044 35       		.uleb128 0x35
 344 0045 00       		.byte	0
 345 0046 49       		.uleb128 0x49
 346 0047 13       		.uleb128 0x13
 347 0048 00       		.byte	0
 348 0049 00       		.byte	0
 349 004a 07       		.uleb128 0x7
 350 004b 2E       		.uleb128 0x2e
 351 004c 01       		.byte	0x1
 352 004d 3F       		.uleb128 0x3f
 353 004e 19       		.uleb128 0x19
 354 004f 03       		.uleb128 0x3
 355 0050 0E       		.uleb128 0xe
 356 0051 3A       		.uleb128 0x3a
 357 0052 0B       		.uleb128 0xb
 358 0053 3B       		.uleb128 0x3b
 359 0054 0B       		.uleb128 0xb
 360 0055 27       		.uleb128 0x27
 361 0056 19       		.uleb128 0x19
 362 0057 11       		.uleb128 0x11
 363 0058 01       		.uleb128 0x1
 364 0059 12       		.uleb128 0x12
 365 005a 06       		.uleb128 0x6
 366 005b 40       		.uleb128 0x40
 367 005c 18       		.uleb128 0x18
 368 005d 9742     		.uleb128 0x2117
 369 005f 19       		.uleb128 0x19
 370 0060 01       		.uleb128 0x1
 371 0061 13       		.uleb128 0x13
 372 0062 00       		.byte	0
 373 0063 00       		.byte	0
 374 0064 08       		.uleb128 0x8
 375 0065 05       		.uleb128 0x5
 376 0066 00       		.byte	0
 377 0067 03       		.uleb128 0x3
 378 0068 0E       		.uleb128 0xe
 379 0069 3A       		.uleb128 0x3a
 380 006a 0B       		.uleb128 0xb
 381 006b 3B       		.uleb128 0x3b
 382 006c 0B       		.uleb128 0xb
 383 006d 49       		.uleb128 0x49
 384 006e 13       		.uleb128 0x13
 385 006f 02       		.uleb128 0x2
 386 0070 17       		.uleb128 0x17
 387 0071 00       		.byte	0
 388 0072 00       		.byte	0
 389 0073 09       		.uleb128 0x9
 390 0074 34       		.uleb128 0x34
 391 0075 00       		.byte	0
 392 0076 03       		.uleb128 0x3
 393 0077 0E       		.uleb128 0xe
 394 0078 3A       		.uleb128 0x3a
 395 0079 0B       		.uleb128 0xb
 396 007a 3B       		.uleb128 0x3b
 397 007b 0B       		.uleb128 0xb
ARM GAS  C:\Users\RABBIT~1\AppData\Local\Temp\cc5LkXsJ.s 			page 10


 398 007c 49       		.uleb128 0x49
 399 007d 13       		.uleb128 0x13
 400 007e 02       		.uleb128 0x2
 401 007f 17       		.uleb128 0x17
 402 0080 00       		.byte	0
 403 0081 00       		.byte	0
 404 0082 0A       		.uleb128 0xa
 405 0083 2E       		.uleb128 0x2e
 406 0084 00       		.byte	0
 407 0085 3F       		.uleb128 0x3f
 408 0086 19       		.uleb128 0x19
 409 0087 03       		.uleb128 0x3
 410 0088 0E       		.uleb128 0xe
 411 0089 3A       		.uleb128 0x3a
 412 008a 0B       		.uleb128 0xb
 413 008b 3B       		.uleb128 0x3b
 414 008c 0B       		.uleb128 0xb
 415 008d 27       		.uleb128 0x27
 416 008e 19       		.uleb128 0x19
 417 008f 49       		.uleb128 0x49
 418 0090 13       		.uleb128 0x13
 419 0091 11       		.uleb128 0x11
 420 0092 01       		.uleb128 0x1
 421 0093 12       		.uleb128 0x12
 422 0094 06       		.uleb128 0x6
 423 0095 40       		.uleb128 0x40
 424 0096 18       		.uleb128 0x18
 425 0097 9742     		.uleb128 0x2117
 426 0099 19       		.uleb128 0x19
 427 009a 00       		.byte	0
 428 009b 00       		.byte	0
 429 009c 00       		.byte	0
 430              		.section	.debug_loc,"",%progbits
 431              	.Ldebug_loc0:
 432              	.LLST0:
 433 0000 00000000 		.4byte	.LVL0
 434 0004 0C000000 		.4byte	.LVL3
 435 0008 0100     		.2byte	0x1
 436 000a 50       		.byte	0x50
 437 000b 0C000000 		.4byte	.LVL3
 438 000f 18000000 		.4byte	.LFE0
 439 0013 0400     		.2byte	0x4
 440 0015 F3       		.byte	0xf3
 441 0016 01       		.uleb128 0x1
 442 0017 50       		.byte	0x50
 443 0018 9F       		.byte	0x9f
 444 0019 00000000 		.4byte	0
 445 001d 00000000 		.4byte	0
 446              	.LLST1:
 447 0021 04000000 		.4byte	.LVL1
 448 0025 08000000 		.4byte	.LVL2
 449 0029 0600     		.2byte	0x6
 450 002b 73       		.byte	0x73
 451 002c 00       		.sleb128 0
 452 002d 08       		.byte	0x8
 453 002e 7F       		.byte	0x7f
 454 002f 1A       		.byte	0x1a
ARM GAS  C:\Users\RABBIT~1\AppData\Local\Temp\cc5LkXsJ.s 			page 11


 455 0030 9F       		.byte	0x9f
 456 0031 00000000 		.4byte	0
 457 0035 00000000 		.4byte	0
 458              	.LLST2:
 459 0039 00000000 		.4byte	.LVL4
 460 003d 06000000 		.4byte	.LVL5
 461 0041 0100     		.2byte	0x1
 462 0043 50       		.byte	0x50
 463 0044 06000000 		.4byte	.LVL5
 464 0048 18000000 		.4byte	.LFE1
 465 004c 0400     		.2byte	0x4
 466 004e F3       		.byte	0xf3
 467 004f 01       		.uleb128 0x1
 468 0050 50       		.byte	0x50
 469 0051 9F       		.byte	0x9f
 470 0052 00000000 		.4byte	0
 471 0056 00000000 		.4byte	0
 472              		.section	.debug_aranges,"",%progbits
 473 0000 34000000 		.4byte	0x34
 474 0004 0200     		.2byte	0x2
 475 0006 00000000 		.4byte	.Ldebug_info0
 476 000a 04       		.byte	0x4
 477 000b 00       		.byte	0
 478 000c 0000     		.2byte	0
 479 000e 0000     		.2byte	0
 480 0010 00000000 		.4byte	.LFB0
 481 0014 18000000 		.4byte	.LFE0-.LFB0
 482 0018 00000000 		.4byte	.LFB1
 483 001c 18000000 		.4byte	.LFE1-.LFB1
 484 0020 00000000 		.4byte	.LFB2
 485 0024 0C000000 		.4byte	.LFE2-.LFB2
 486 0028 00000000 		.4byte	.LFB3
 487 002c 0C000000 		.4byte	.LFE3-.LFB3
 488 0030 00000000 		.4byte	0
 489 0034 00000000 		.4byte	0
 490              		.section	.debug_ranges,"",%progbits
 491              	.Ldebug_ranges0:
 492 0000 00000000 		.4byte	.LFB0
 493 0004 18000000 		.4byte	.LFE0
 494 0008 00000000 		.4byte	.LFB1
 495 000c 18000000 		.4byte	.LFE1
 496 0010 00000000 		.4byte	.LFB2
 497 0014 0C000000 		.4byte	.LFE2
 498 0018 00000000 		.4byte	.LFB3
 499 001c 0C000000 		.4byte	.LFE3
 500 0020 00000000 		.4byte	0
 501 0024 00000000 		.4byte	0
 502              		.section	.debug_line,"",%progbits
 503              	.Ldebug_line0:
 504 0000 91000000 		.section	.debug_str,"MS",%progbits,1
 504      02004500 
 504      00000201 
 504      FB0E0D00 
 504      01010101 
 505              	.LASF14:
 506 0000 55534246 		.ascii	"USBFS_Dm_Write\000"
 506      535F446D 
ARM GAS  C:\Users\RABBIT~1\AppData\Local\Temp\cc5LkXsJ.s 			page 12


 506      5F577269 
 506      746500
 507              	.LASF18:
 508 000f 55534246 		.ascii	"USBFS_Dm_Read\000"
 508      535F446D 
 508      5F526561 
 508      6400
 509              	.LASF16:
 510 001d 76616C75 		.ascii	"value\000"
 510      6500
 511              	.LASF23:
 512 0023 73746174 		.ascii	"staticBits\000"
 512      69634269 
 512      747300
 513              	.LASF22:
 514 002e 433A5C55 		.ascii	"C:\\Users\\Rabbit Hole Shipping\\Google Drive\\SCSI"
 514      73657273 
 514      5C526162 
 514      62697420 
 514      486F6C65 
 515 005d 3253445C 		.ascii	"2SD\\software\\SCSI2SD\\v5.2-eth\\USB_Bootloader.cy"
 515      736F6674 
 515      77617265 
 515      5C534353 
 515      49325344 
 516 008c 64736E00 		.ascii	"dsn\000"
 517              	.LASF15:
 518 0090 55534246 		.ascii	"USBFS_Dm_SetDriveMode\000"
 518      535F446D 
 518      5F536574 
 518      44726976 
 518      654D6F64 
 519              	.LASF9:
 520 00a6 666C6F61 		.ascii	"float\000"
 520      7400
 521              	.LASF7:
 522 00ac 6C6F6E67 		.ascii	"long long unsigned int\000"
 522      206C6F6E 
 522      6720756E 
 522      7369676E 
 522      65642069 
 523              	.LASF1:
 524 00c3 756E7369 		.ascii	"unsigned char\000"
 524      676E6564 
 524      20636861 
 524      7200
 525              	.LASF13:
 526 00d1 72656738 		.ascii	"reg8\000"
 526      00
 527              	.LASF5:
 528 00d6 6C6F6E67 		.ascii	"long unsigned int\000"
 528      20756E73 
 528      69676E65 
 528      6420696E 
 528      7400
 529              	.LASF3:
 530 00e8 73686F72 		.ascii	"short unsigned int\000"
ARM GAS  C:\Users\RABBIT~1\AppData\Local\Temp\cc5LkXsJ.s 			page 13


 530      7420756E 
 530      7369676E 
 530      65642069 
 530      6E7400
 531              	.LASF10:
 532 00fb 646F7562 		.ascii	"double\000"
 532      6C6500
 533              	.LASF19:
 534 0102 55534246 		.ascii	"USBFS_Dm_ReadDataReg\000"
 534      535F446D 
 534      5F526561 
 534      64446174 
 534      61526567 
 535              	.LASF8:
 536 0117 756E7369 		.ascii	"unsigned int\000"
 536      676E6564 
 536      20696E74 
 536      00
 537              	.LASF20:
 538 0124 474E5520 		.ascii	"GNU C11 5.4.1 20160609 (release) [ARM/embedded-5-br"
 538      43313120 
 538      352E342E 
 538      31203230 
 538      31363036 
 539 0157 616E6368 		.ascii	"anch revision 237715] -mcpu=cortex-m3 -mthumb -g -O"
 539      20726576 
 539      6973696F 
 539      6E203233 
 539      37373135 
 540 018a 73202D66 		.ascii	"s -ffunction-sections -ffat-lto-objects\000"
 540      66756E63 
 540      74696F6E 
 540      2D736563 
 540      74696F6E 
 541              	.LASF17:
 542 01b2 6D6F6465 		.ascii	"mode\000"
 542      00
 543              	.LASF6:
 544 01b7 6C6F6E67 		.ascii	"long long int\000"
 544      206C6F6E 
 544      6720696E 
 544      7400
 545              	.LASF11:
 546 01c5 63686172 		.ascii	"char\000"
 546      00
 547              	.LASF2:
 548 01ca 73686F72 		.ascii	"short int\000"
 548      7420696E 
 548      7400
 549              	.LASF12:
 550 01d4 75696E74 		.ascii	"uint8\000"
 550      3800
 551              	.LASF21:
 552 01da 47656E65 		.ascii	"Generated_Source\\PSoC5\\USBFS_Dm.c\000"
 552      72617465 
 552      645F536F 
 552      75726365 
ARM GAS  C:\Users\RABBIT~1\AppData\Local\Temp\cc5LkXsJ.s 			page 14


 552      5C50536F 
 553              	.LASF4:
 554 01fc 6C6F6E67 		.ascii	"long int\000"
 554      20696E74 
 554      00
 555              	.LASF0:
 556 0205 7369676E 		.ascii	"signed char\000"
 556      65642063 
 556      68617200 
 557              		.ident	"GCC: (GNU Tools for ARM Embedded Processors) 5.4.1 20160609 (release) [ARM/embedded-5-bran
