ARM GAS  C:\Users\RABBIT~1\AppData\Local\Temp\cc7aAQJr.s 			page 1


   1              		.syntax unified
   2              		.cpu cortex-m3
   3              		.fpu softvfp
   4              		.eabi_attribute 20, 1
   5              		.eabi_attribute 21, 1
   6              		.eabi_attribute 23, 3
   7              		.eabi_attribute 24, 1
   8              		.eabi_attribute 25, 1
   9              		.eabi_attribute 26, 1
  10              		.eabi_attribute 30, 4
  11              		.eabi_attribute 34, 1
  12              		.eabi_attribute 18, 4
  13              		.thumb
  14              		.syntax unified
  15              		.file	"USBFS_episr.c"
  16              		.text
  17              	.Ltext0:
  18              		.cfi_sections	.debug_frame
  19              		.section	.text.USBFS_EP_1_ISR,"ax",%progbits
  20              		.align	1
  21              		.global	USBFS_EP_1_ISR
  22              		.thumb
  23              		.thumb_func
  24              		.type	USBFS_EP_1_ISR, %function
  25              	USBFS_EP_1_ISR:
  26              	.LFB0:
  27              		.file 1 "Generated_Source\\PSoC5\\USBFS_episr.c"
   1:Generated_Source\PSoC5/USBFS_episr.c **** /*******************************************************************************
   2:Generated_Source\PSoC5/USBFS_episr.c **** * File Name: USBFS_episr.c
   3:Generated_Source\PSoC5/USBFS_episr.c **** * Version 2.80
   4:Generated_Source\PSoC5/USBFS_episr.c **** *
   5:Generated_Source\PSoC5/USBFS_episr.c **** * Description:
   6:Generated_Source\PSoC5/USBFS_episr.c **** *  Data endpoint Interrupt Service Routines
   7:Generated_Source\PSoC5/USBFS_episr.c **** *
   8:Generated_Source\PSoC5/USBFS_episr.c **** * Note:
   9:Generated_Source\PSoC5/USBFS_episr.c **** *
  10:Generated_Source\PSoC5/USBFS_episr.c **** ********************************************************************************
  11:Generated_Source\PSoC5/USBFS_episr.c **** * Copyright 2008-2014, Cypress Semiconductor Corporation.  All rights reserved.
  12:Generated_Source\PSoC5/USBFS_episr.c **** * You may use this file only in accordance with the license, terms, conditions,
  13:Generated_Source\PSoC5/USBFS_episr.c **** * disclaimers, and limitations in the end user license agreement accompanying
  14:Generated_Source\PSoC5/USBFS_episr.c **** * the software package with which this file was provided.
  15:Generated_Source\PSoC5/USBFS_episr.c **** *******************************************************************************/
  16:Generated_Source\PSoC5/USBFS_episr.c **** 
  17:Generated_Source\PSoC5/USBFS_episr.c **** #include "USBFS.h"
  18:Generated_Source\PSoC5/USBFS_episr.c **** #include "USBFS_pvt.h"
  19:Generated_Source\PSoC5/USBFS_episr.c **** 
  20:Generated_Source\PSoC5/USBFS_episr.c **** #if (defined(USBFS_ENABLE_MIDI_STREAMING) && (USBFS_ENABLE_MIDI_API != 0u))
  21:Generated_Source\PSoC5/USBFS_episr.c ****     #include "USBFS_midi.h"
  22:Generated_Source\PSoC5/USBFS_episr.c **** #endif /* (defined(USBFS_ENABLE_MIDI_STREAMING) && (USBFS_ENABLE_MIDI_API != 0u)) */
  23:Generated_Source\PSoC5/USBFS_episr.c **** #if ((USBFS_EP_MM == USBFS__EP_DMAAUTO) && (USBFS_EP_DMA_AUTO_OPT == 0u))
  24:Generated_Source\PSoC5/USBFS_episr.c ****     #include "USBFS_EP8_DMA_Done_SR.h"
  25:Generated_Source\PSoC5/USBFS_episr.c ****     #include "USBFS_EP17_DMA_Done_SR.h"
  26:Generated_Source\PSoC5/USBFS_episr.c **** #endif /* (USBFS_EP_MM == USBFS__EP_DMAAUTO) && (USBFS_EP_DMA_AUTO_OPT == 0u) */
  27:Generated_Source\PSoC5/USBFS_episr.c **** 
  28:Generated_Source\PSoC5/USBFS_episr.c **** 
  29:Generated_Source\PSoC5/USBFS_episr.c **** /***************************************
  30:Generated_Source\PSoC5/USBFS_episr.c **** * Custom Declarations
ARM GAS  C:\Users\RABBIT~1\AppData\Local\Temp\cc7aAQJr.s 			page 2


  31:Generated_Source\PSoC5/USBFS_episr.c **** ***************************************/
  32:Generated_Source\PSoC5/USBFS_episr.c **** /* `#START CUSTOM_DECLARATIONS` Place your declaration here */
  33:Generated_Source\PSoC5/USBFS_episr.c **** 
  34:Generated_Source\PSoC5/USBFS_episr.c **** /* `#END` */
  35:Generated_Source\PSoC5/USBFS_episr.c **** 
  36:Generated_Source\PSoC5/USBFS_episr.c **** 
  37:Generated_Source\PSoC5/USBFS_episr.c **** #if(USBFS_EP1_ISR_REMOVE == 0u)
  38:Generated_Source\PSoC5/USBFS_episr.c **** 
  39:Generated_Source\PSoC5/USBFS_episr.c **** 
  40:Generated_Source\PSoC5/USBFS_episr.c ****     /******************************************************************************
  41:Generated_Source\PSoC5/USBFS_episr.c ****     * Function Name: USBFS_EP_1_ISR
  42:Generated_Source\PSoC5/USBFS_episr.c ****     *******************************************************************************
  43:Generated_Source\PSoC5/USBFS_episr.c ****     *
  44:Generated_Source\PSoC5/USBFS_episr.c ****     * Summary:
  45:Generated_Source\PSoC5/USBFS_episr.c ****     *  Endpoint 1 Interrupt Service Routine
  46:Generated_Source\PSoC5/USBFS_episr.c ****     *
  47:Generated_Source\PSoC5/USBFS_episr.c ****     * Parameters:
  48:Generated_Source\PSoC5/USBFS_episr.c ****     *  None.
  49:Generated_Source\PSoC5/USBFS_episr.c ****     *
  50:Generated_Source\PSoC5/USBFS_episr.c ****     * Return:
  51:Generated_Source\PSoC5/USBFS_episr.c ****     *  None.
  52:Generated_Source\PSoC5/USBFS_episr.c ****     *
  53:Generated_Source\PSoC5/USBFS_episr.c ****     ******************************************************************************/
  54:Generated_Source\PSoC5/USBFS_episr.c ****     CY_ISR(USBFS_EP_1_ISR)
  55:Generated_Source\PSoC5/USBFS_episr.c ****     {
  28              		.loc 1 55 0
  29              		.cfi_startproc
  30              		@ args = 0, pretend = 0, frame = 0
  31              		@ frame_needed = 0, uses_anonymous_args = 0
  32              		@ link register save eliminated.
  56:Generated_Source\PSoC5/USBFS_episr.c ****         #if (defined(USBFS_ENABLE_MIDI_STREAMING) && !defined(USBFS_MAIN_SERVICE_MIDI_OUT)  && \
  57:Generated_Source\PSoC5/USBFS_episr.c ****                      USBFS_ISR_SERVICE_MIDI_OUT && CY_PSOC3)
  58:Generated_Source\PSoC5/USBFS_episr.c ****             uint8 int_en;
  59:Generated_Source\PSoC5/USBFS_episr.c ****         #endif /* USBFS_ISR_SERVICE_MIDI_OUT && CY_PSOC3 */
  60:Generated_Source\PSoC5/USBFS_episr.c **** 
  61:Generated_Source\PSoC5/USBFS_episr.c ****         #ifdef USBFS_EP_1_ISR_ENTRY_CALLBACK
  62:Generated_Source\PSoC5/USBFS_episr.c ****             USBFS_EP_1_ISR_EntryCallback();
  63:Generated_Source\PSoC5/USBFS_episr.c ****         #endif /* USBFS_EP_1_ISR_ENTRY_CALLBACK */
  64:Generated_Source\PSoC5/USBFS_episr.c **** 
  65:Generated_Source\PSoC5/USBFS_episr.c ****         /* `#START EP1_USER_CODE` Place your code here */
  66:Generated_Source\PSoC5/USBFS_episr.c **** 
  67:Generated_Source\PSoC5/USBFS_episr.c ****         /* `#END` */
  68:Generated_Source\PSoC5/USBFS_episr.c **** 
  69:Generated_Source\PSoC5/USBFS_episr.c ****         #if (defined(USBFS_ENABLE_MIDI_STREAMING) && !defined(USBFS_MAIN_SERVICE_MIDI_OUT) && \
  70:Generated_Source\PSoC5/USBFS_episr.c ****                      USBFS_ISR_SERVICE_MIDI_OUT && CY_PSOC3)
  71:Generated_Source\PSoC5/USBFS_episr.c ****             int_en = EA;
  72:Generated_Source\PSoC5/USBFS_episr.c ****             CyGlobalIntEnable;  /* Make sure nested interrupt is enabled */
  73:Generated_Source\PSoC5/USBFS_episr.c ****         #endif /* USBFS_ISR_SERVICE_MIDI_OUT && CY_PSOC3 */
  74:Generated_Source\PSoC5/USBFS_episr.c **** 
  75:Generated_Source\PSoC5/USBFS_episr.c ****         CY_GET_REG8(USBFS_SIE_EP1_CR0_PTR); /* Must read the mode reg */
  33              		.loc 1 75 0
  34 0000 094B     		ldr	r3, .L6
  35 0002 1B78     		ldrb	r3, [r3]	@ zero_extendqisi2
  76:Generated_Source\PSoC5/USBFS_episr.c ****         /* Do not toggle ISOC endpoint */
  77:Generated_Source\PSoC5/USBFS_episr.c ****         if((USBFS_EP[USBFS_EP1].attrib & USBFS_EP_TYPE_MASK) !=
  36              		.loc 1 77 0
  37 0004 094B     		ldr	r3, .L6+4
ARM GAS  C:\Users\RABBIT~1\AppData\Local\Temp\cc7aAQJr.s 			page 3


  38 0006 1A7B     		ldrb	r2, [r3, #12]	@ zero_extendqisi2
  39 0008 02F00302 		and	r2, r2, #3
  40 000c 012A     		cmp	r2, #1
  78:Generated_Source\PSoC5/USBFS_episr.c ****                                                                                     USBFS_EP_TYPE_I
  79:Generated_Source\PSoC5/USBFS_episr.c ****         {
  80:Generated_Source\PSoC5/USBFS_episr.c ****             USBFS_EP[USBFS_EP1].epToggle ^= USBFS_EPX_CNT_DATA_TOGGLE;
  41              		.loc 1 80 0
  42 000e 1EBF     		ittt	ne
  43 0010 DA7B     		ldrbne	r2, [r3, #15]	@ zero_extendqisi2
  44 0012 82F08002 		eorne	r2, r2, #128
  45 0016 DA73     		strbne	r2, [r3, #15]
  81:Generated_Source\PSoC5/USBFS_episr.c ****         }
  82:Generated_Source\PSoC5/USBFS_episr.c ****         USBFS_EP[USBFS_EP1].apiEpState = USBFS_EVENT_PENDING;
  46              		.loc 1 82 0
  47 0018 0122     		movs	r2, #1
  48 001a 5A73     		strb	r2, [r3, #13]
  83:Generated_Source\PSoC5/USBFS_episr.c ****         CY_SET_REG8(USBFS_SIE_EP_INT_SR_PTR, CY_GET_REG8(USBFS_SIE_EP_INT_SR_PTR) &
  49              		.loc 1 83 0
  50 001c 044A     		ldr	r2, .L6+8
  51 001e 1378     		ldrb	r3, [r2]	@ zero_extendqisi2
  52 0020 03F0FE03 		and	r3, r3, #254
  53 0024 1370     		strb	r3, [r2]
  54 0026 7047     		bx	lr
  55              	.L7:
  56              		.align	2
  57              	.L6:
  58 0028 0E600040 		.word	1073766414
  59 002c 00000000 		.word	USBFS_EP
  60 0030 0B600040 		.word	1073766411
  61              		.cfi_endproc
  62              	.LFE0:
  63              		.size	USBFS_EP_1_ISR, .-USBFS_EP_1_ISR
  64              		.section	.text.USBFS_EP_2_ISR,"ax",%progbits
  65              		.align	1
  66              		.global	USBFS_EP_2_ISR
  67              		.thumb
  68              		.thumb_func
  69              		.type	USBFS_EP_2_ISR, %function
  70              	USBFS_EP_2_ISR:
  71              	.LFB1:
  84:Generated_Source\PSoC5/USBFS_episr.c ****                                                                     (uint8)~USBFS_SIE_EP_INT_EP1_MA
  85:Generated_Source\PSoC5/USBFS_episr.c **** 
  86:Generated_Source\PSoC5/USBFS_episr.c ****         #if (defined(USBFS_ENABLE_MIDI_STREAMING) && !defined(USBFS_MAIN_SERVICE_MIDI_OUT) && \
  87:Generated_Source\PSoC5/USBFS_episr.c ****                      USBFS_ISR_SERVICE_MIDI_OUT)
  88:Generated_Source\PSoC5/USBFS_episr.c ****             if(USBFS_midi_out_ep == USBFS_EP1)
  89:Generated_Source\PSoC5/USBFS_episr.c ****             {
  90:Generated_Source\PSoC5/USBFS_episr.c ****                 USBFS_MIDI_OUT_EP_Service();
  91:Generated_Source\PSoC5/USBFS_episr.c ****             }
  92:Generated_Source\PSoC5/USBFS_episr.c ****         #endif /*  USBFS_ISR_SERVICE_MIDI_OUT */
  93:Generated_Source\PSoC5/USBFS_episr.c **** 
  94:Generated_Source\PSoC5/USBFS_episr.c ****         /* `#START EP1_END_USER_CODE` Place your code here */
  95:Generated_Source\PSoC5/USBFS_episr.c **** 
  96:Generated_Source\PSoC5/USBFS_episr.c ****         /* `#END` */
  97:Generated_Source\PSoC5/USBFS_episr.c **** 
  98:Generated_Source\PSoC5/USBFS_episr.c ****         #ifdef USBFS_EP_1_ISR_EXIT_CALLBACK
  99:Generated_Source\PSoC5/USBFS_episr.c ****             USBFS_EP_1_ISR_ExitCallback();
 100:Generated_Source\PSoC5/USBFS_episr.c ****         #endif /* USBFS_EP_1_ISR_EXIT_CALLBACK */
ARM GAS  C:\Users\RABBIT~1\AppData\Local\Temp\cc7aAQJr.s 			page 4


 101:Generated_Source\PSoC5/USBFS_episr.c **** 
 102:Generated_Source\PSoC5/USBFS_episr.c ****         #if (defined(USBFS_ENABLE_MIDI_STREAMING) && !defined(USBFS_MAIN_SERVICE_MIDI_OUT) && \
 103:Generated_Source\PSoC5/USBFS_episr.c ****                      USBFS_ISR_SERVICE_MIDI_OUT && CY_PSOC3)
 104:Generated_Source\PSoC5/USBFS_episr.c ****             EA = int_en;
 105:Generated_Source\PSoC5/USBFS_episr.c ****         #endif /* USBFS_ISR_SERVICE_MIDI_OUT && CY_PSOC3 */
 106:Generated_Source\PSoC5/USBFS_episr.c ****     }
 107:Generated_Source\PSoC5/USBFS_episr.c **** 
 108:Generated_Source\PSoC5/USBFS_episr.c **** #endif   /*  USBFS_EP1_ISR_REMOVE */
 109:Generated_Source\PSoC5/USBFS_episr.c **** 
 110:Generated_Source\PSoC5/USBFS_episr.c **** 
 111:Generated_Source\PSoC5/USBFS_episr.c **** #if(USBFS_EP2_ISR_REMOVE == 0u)
 112:Generated_Source\PSoC5/USBFS_episr.c **** 
 113:Generated_Source\PSoC5/USBFS_episr.c ****     /*******************************************************************************
 114:Generated_Source\PSoC5/USBFS_episr.c ****     * Function Name: USBFS_EP_2_ISR
 115:Generated_Source\PSoC5/USBFS_episr.c ****     ********************************************************************************
 116:Generated_Source\PSoC5/USBFS_episr.c ****     *
 117:Generated_Source\PSoC5/USBFS_episr.c ****     * Summary:
 118:Generated_Source\PSoC5/USBFS_episr.c ****     *  Endpoint 2 Interrupt Service Routine
 119:Generated_Source\PSoC5/USBFS_episr.c ****     *
 120:Generated_Source\PSoC5/USBFS_episr.c ****     * Parameters:
 121:Generated_Source\PSoC5/USBFS_episr.c ****     *  None.
 122:Generated_Source\PSoC5/USBFS_episr.c ****     *
 123:Generated_Source\PSoC5/USBFS_episr.c ****     * Return:
 124:Generated_Source\PSoC5/USBFS_episr.c ****     *  None.
 125:Generated_Source\PSoC5/USBFS_episr.c ****     *
 126:Generated_Source\PSoC5/USBFS_episr.c ****     *******************************************************************************/
 127:Generated_Source\PSoC5/USBFS_episr.c ****     CY_ISR(USBFS_EP_2_ISR)
 128:Generated_Source\PSoC5/USBFS_episr.c ****     {
  72              		.loc 1 128 0
  73              		.cfi_startproc
  74              		@ args = 0, pretend = 0, frame = 0
  75              		@ frame_needed = 0, uses_anonymous_args = 0
  76              		@ link register save eliminated.
 129:Generated_Source\PSoC5/USBFS_episr.c ****         #if (defined(USBFS_ENABLE_MIDI_STREAMING) && !defined(USBFS_MAIN_SERVICE_MIDI_OUT) && \
 130:Generated_Source\PSoC5/USBFS_episr.c ****                      USBFS_ISR_SERVICE_MIDI_OUT && CY_PSOC3)
 131:Generated_Source\PSoC5/USBFS_episr.c ****             uint8 int_en;
 132:Generated_Source\PSoC5/USBFS_episr.c ****         #endif /* USBFS_ISR_SERVICE_MIDI_OUT && CY_PSOC3 */
 133:Generated_Source\PSoC5/USBFS_episr.c **** 
 134:Generated_Source\PSoC5/USBFS_episr.c ****         #ifdef USBFS_EP_2_ISR_ENTRY_CALLBACK
 135:Generated_Source\PSoC5/USBFS_episr.c ****             USBFS_EP_2_ISR_EntryCallback();
 136:Generated_Source\PSoC5/USBFS_episr.c ****         #endif /* USBFS_EP_2_ISR_ENTRY_CALLBACK */
 137:Generated_Source\PSoC5/USBFS_episr.c **** 
 138:Generated_Source\PSoC5/USBFS_episr.c ****         /* `#START EP2_USER_CODE` Place your code here */
 139:Generated_Source\PSoC5/USBFS_episr.c **** 
 140:Generated_Source\PSoC5/USBFS_episr.c ****         /* `#END` */
 141:Generated_Source\PSoC5/USBFS_episr.c **** 
 142:Generated_Source\PSoC5/USBFS_episr.c ****         #if (defined(USBFS_ENABLE_MIDI_STREAMING) && !defined(USBFS_MAIN_SERVICE_MIDI_OUT) && \
 143:Generated_Source\PSoC5/USBFS_episr.c ****                      USBFS_ISR_SERVICE_MIDI_OUT && CY_PSOC3)
 144:Generated_Source\PSoC5/USBFS_episr.c ****             int_en = EA;
 145:Generated_Source\PSoC5/USBFS_episr.c ****             CyGlobalIntEnable;  /* Make sure nested interrupt is enabled */
 146:Generated_Source\PSoC5/USBFS_episr.c ****         #endif /* USBFS_ISR_SERVICE_MIDI_OUT && CY_PSOC3 */
 147:Generated_Source\PSoC5/USBFS_episr.c **** 
 148:Generated_Source\PSoC5/USBFS_episr.c ****         CY_GET_REG8(USBFS_SIE_EP2_CR0_PTR); /* Must read the mode reg */
  77              		.loc 1 148 0
  78 0000 094B     		ldr	r3, .L13
  79 0002 1B78     		ldrb	r3, [r3]	@ zero_extendqisi2
 149:Generated_Source\PSoC5/USBFS_episr.c ****         /* Do not toggle ISOC endpoint */
ARM GAS  C:\Users\RABBIT~1\AppData\Local\Temp\cc7aAQJr.s 			page 5


 150:Generated_Source\PSoC5/USBFS_episr.c ****         if((USBFS_EP[USBFS_EP2].attrib & USBFS_EP_TYPE_MASK) !=
  80              		.loc 1 150 0
  81 0004 094B     		ldr	r3, .L13+4
  82 0006 1A7E     		ldrb	r2, [r3, #24]	@ zero_extendqisi2
  83 0008 02F00302 		and	r2, r2, #3
  84 000c 012A     		cmp	r2, #1
 151:Generated_Source\PSoC5/USBFS_episr.c ****                                                                                     USBFS_EP_TYPE_I
 152:Generated_Source\PSoC5/USBFS_episr.c ****         {
 153:Generated_Source\PSoC5/USBFS_episr.c ****             USBFS_EP[USBFS_EP2].epToggle ^= USBFS_EPX_CNT_DATA_TOGGLE;
  85              		.loc 1 153 0
  86 000e 1EBF     		ittt	ne
  87 0010 DA7E     		ldrbne	r2, [r3, #27]	@ zero_extendqisi2
  88 0012 82F08002 		eorne	r2, r2, #128
  89 0016 DA76     		strbne	r2, [r3, #27]
 154:Generated_Source\PSoC5/USBFS_episr.c ****         }
 155:Generated_Source\PSoC5/USBFS_episr.c ****         USBFS_EP[USBFS_EP2].apiEpState = USBFS_EVENT_PENDING;
  90              		.loc 1 155 0
  91 0018 0122     		movs	r2, #1
  92 001a 5A76     		strb	r2, [r3, #25]
 156:Generated_Source\PSoC5/USBFS_episr.c ****         CY_SET_REG8(USBFS_SIE_EP_INT_SR_PTR, CY_GET_REG8(USBFS_SIE_EP_INT_SR_PTR)
  93              		.loc 1 156 0
  94 001c 044A     		ldr	r2, .L13+8
  95 001e 1378     		ldrb	r3, [r2]	@ zero_extendqisi2
  96 0020 03F0FD03 		and	r3, r3, #253
  97 0024 1370     		strb	r3, [r2]
  98 0026 7047     		bx	lr
  99              	.L14:
 100              		.align	2
 101              	.L13:
 102 0028 1E600040 		.word	1073766430
 103 002c 00000000 		.word	USBFS_EP
 104 0030 0B600040 		.word	1073766411
 105              		.cfi_endproc
 106              	.LFE1:
 107              		.size	USBFS_EP_2_ISR, .-USBFS_EP_2_ISR
 108              		.section	.text.USBFS_SOF_ISR,"ax",%progbits
 109              		.align	1
 110              		.global	USBFS_SOF_ISR
 111              		.thumb
 112              		.thumb_func
 113              		.type	USBFS_SOF_ISR, %function
 114              	USBFS_SOF_ISR:
 115              	.LFB2:
 157:Generated_Source\PSoC5/USBFS_episr.c ****                                                                         & (uint8)~USBFS_SIE_EP_INT_
 158:Generated_Source\PSoC5/USBFS_episr.c **** 
 159:Generated_Source\PSoC5/USBFS_episr.c ****         #if (defined(USBFS_ENABLE_MIDI_STREAMING) && !defined(USBFS_MAIN_SERVICE_MIDI_OUT) && \
 160:Generated_Source\PSoC5/USBFS_episr.c ****                      USBFS_ISR_SERVICE_MIDI_OUT)
 161:Generated_Source\PSoC5/USBFS_episr.c ****             if(USBFS_midi_out_ep == USBFS_EP2)
 162:Generated_Source\PSoC5/USBFS_episr.c ****             {
 163:Generated_Source\PSoC5/USBFS_episr.c ****                 USBFS_MIDI_OUT_EP_Service();
 164:Generated_Source\PSoC5/USBFS_episr.c ****             }
 165:Generated_Source\PSoC5/USBFS_episr.c ****         #endif /*  USBFS_ISR_SERVICE_MIDI_OUT */
 166:Generated_Source\PSoC5/USBFS_episr.c **** 
 167:Generated_Source\PSoC5/USBFS_episr.c ****         /* `#START EP2_END_USER_CODE` Place your code here */
 168:Generated_Source\PSoC5/USBFS_episr.c **** 
 169:Generated_Source\PSoC5/USBFS_episr.c ****         /* `#END` */
 170:Generated_Source\PSoC5/USBFS_episr.c **** 
ARM GAS  C:\Users\RABBIT~1\AppData\Local\Temp\cc7aAQJr.s 			page 6


 171:Generated_Source\PSoC5/USBFS_episr.c ****         #ifdef USBFS_EP_2_ISR_EXIT_CALLBACK
 172:Generated_Source\PSoC5/USBFS_episr.c ****             USBFS_EP_2_ISR_ExitCallback();
 173:Generated_Source\PSoC5/USBFS_episr.c ****         #endif /* USBFS_EP_2_ISR_EXIT_CALLBACK */
 174:Generated_Source\PSoC5/USBFS_episr.c ****         
 175:Generated_Source\PSoC5/USBFS_episr.c ****         #if (defined(USBFS_ENABLE_MIDI_STREAMING) && !defined(USBFS_MAIN_SERVICE_MIDI_OUT) && \
 176:Generated_Source\PSoC5/USBFS_episr.c ****                      USBFS_ISR_SERVICE_MIDI_OUT && CY_PSOC3)
 177:Generated_Source\PSoC5/USBFS_episr.c ****             EA = int_en;
 178:Generated_Source\PSoC5/USBFS_episr.c ****         #endif /* USBFS_ISR_SERVICE_MIDI_OUT && CY_PSOC3 */
 179:Generated_Source\PSoC5/USBFS_episr.c ****     }
 180:Generated_Source\PSoC5/USBFS_episr.c **** 
 181:Generated_Source\PSoC5/USBFS_episr.c **** #endif   /*  USBFS_EP2_ISR_REMOVE */
 182:Generated_Source\PSoC5/USBFS_episr.c **** 
 183:Generated_Source\PSoC5/USBFS_episr.c **** 
 184:Generated_Source\PSoC5/USBFS_episr.c **** #if(USBFS_EP3_ISR_REMOVE == 0u)
 185:Generated_Source\PSoC5/USBFS_episr.c **** 
 186:Generated_Source\PSoC5/USBFS_episr.c ****     /*******************************************************************************
 187:Generated_Source\PSoC5/USBFS_episr.c ****     * Function Name: USBFS_EP_3_ISR
 188:Generated_Source\PSoC5/USBFS_episr.c ****     ********************************************************************************
 189:Generated_Source\PSoC5/USBFS_episr.c ****     *
 190:Generated_Source\PSoC5/USBFS_episr.c ****     * Summary:
 191:Generated_Source\PSoC5/USBFS_episr.c ****     *  Endpoint 3 Interrupt Service Routine
 192:Generated_Source\PSoC5/USBFS_episr.c ****     *
 193:Generated_Source\PSoC5/USBFS_episr.c ****     * Parameters:
 194:Generated_Source\PSoC5/USBFS_episr.c ****     *  None.
 195:Generated_Source\PSoC5/USBFS_episr.c ****     *
 196:Generated_Source\PSoC5/USBFS_episr.c ****     * Return:
 197:Generated_Source\PSoC5/USBFS_episr.c ****     *  None.
 198:Generated_Source\PSoC5/USBFS_episr.c ****     *
 199:Generated_Source\PSoC5/USBFS_episr.c ****     *******************************************************************************/
 200:Generated_Source\PSoC5/USBFS_episr.c ****     CY_ISR(USBFS_EP_3_ISR)
 201:Generated_Source\PSoC5/USBFS_episr.c ****     {
 202:Generated_Source\PSoC5/USBFS_episr.c ****         #if (defined(USBFS_ENABLE_MIDI_STREAMING) && !defined(USBFS_MAIN_SERVICE_MIDI_OUT) && \
 203:Generated_Source\PSoC5/USBFS_episr.c ****                      USBFS_ISR_SERVICE_MIDI_OUT && CY_PSOC3)
 204:Generated_Source\PSoC5/USBFS_episr.c ****             uint8 int_en;
 205:Generated_Source\PSoC5/USBFS_episr.c ****         #endif /* USBFS_ISR_SERVICE_MIDI_OUT && CY_PSOC3 */
 206:Generated_Source\PSoC5/USBFS_episr.c **** 
 207:Generated_Source\PSoC5/USBFS_episr.c ****         #ifdef USBFS_EP_3_ISR_ENTRY_CALLBACK
 208:Generated_Source\PSoC5/USBFS_episr.c ****             USBFS_EP_3_ISR_EntryCallback();
 209:Generated_Source\PSoC5/USBFS_episr.c ****         #endif /* USBFS_EP_3_ISR_ENTRY_CALLBACK */
 210:Generated_Source\PSoC5/USBFS_episr.c **** 
 211:Generated_Source\PSoC5/USBFS_episr.c ****         /* `#START EP3_USER_CODE` Place your code here */
 212:Generated_Source\PSoC5/USBFS_episr.c **** 
 213:Generated_Source\PSoC5/USBFS_episr.c ****         /* `#END` */
 214:Generated_Source\PSoC5/USBFS_episr.c **** 
 215:Generated_Source\PSoC5/USBFS_episr.c ****         #if (defined(USBFS_ENABLE_MIDI_STREAMING) && !defined(USBFS_MAIN_SERVICE_MIDI_OUT) && \
 216:Generated_Source\PSoC5/USBFS_episr.c ****                      USBFS_ISR_SERVICE_MIDI_OUT && CY_PSOC3)
 217:Generated_Source\PSoC5/USBFS_episr.c ****             int_en = EA;
 218:Generated_Source\PSoC5/USBFS_episr.c ****             CyGlobalIntEnable;  /* Make sure nested interrupt is enabled */
 219:Generated_Source\PSoC5/USBFS_episr.c ****         #endif /* CY_PSOC3 & USBFS_ISR_SERVICE_MIDI_OUT  */
 220:Generated_Source\PSoC5/USBFS_episr.c **** 
 221:Generated_Source\PSoC5/USBFS_episr.c ****         CY_GET_REG8(USBFS_SIE_EP3_CR0_PTR); /* Must read the mode reg */
 222:Generated_Source\PSoC5/USBFS_episr.c ****         /* Do not toggle ISOC endpoint */
 223:Generated_Source\PSoC5/USBFS_episr.c ****         if((USBFS_EP[USBFS_EP3].attrib & USBFS_EP_TYPE_MASK) !=
 224:Generated_Source\PSoC5/USBFS_episr.c ****                                                                                     USBFS_EP_TYPE_I
 225:Generated_Source\PSoC5/USBFS_episr.c ****         {
 226:Generated_Source\PSoC5/USBFS_episr.c ****             USBFS_EP[USBFS_EP3].epToggle ^= USBFS_EPX_CNT_DATA_TOGGLE;
 227:Generated_Source\PSoC5/USBFS_episr.c ****         }
ARM GAS  C:\Users\RABBIT~1\AppData\Local\Temp\cc7aAQJr.s 			page 7


 228:Generated_Source\PSoC5/USBFS_episr.c ****         USBFS_EP[USBFS_EP3].apiEpState = USBFS_EVENT_PENDING;
 229:Generated_Source\PSoC5/USBFS_episr.c ****         CY_SET_REG8(USBFS_SIE_EP_INT_SR_PTR, CY_GET_REG8(USBFS_SIE_EP_INT_SR_PTR)
 230:Generated_Source\PSoC5/USBFS_episr.c ****                                                                         & (uint8)~USBFS_SIE_EP_INT_
 231:Generated_Source\PSoC5/USBFS_episr.c **** 
 232:Generated_Source\PSoC5/USBFS_episr.c ****         #if (defined(USBFS_ENABLE_MIDI_STREAMING) && !defined(USBFS_MAIN_SERVICE_MIDI_OUT) && \
 233:Generated_Source\PSoC5/USBFS_episr.c ****                      USBFS_ISR_SERVICE_MIDI_OUT)
 234:Generated_Source\PSoC5/USBFS_episr.c ****             if(USBFS_midi_out_ep == USBFS_EP3)
 235:Generated_Source\PSoC5/USBFS_episr.c ****             {
 236:Generated_Source\PSoC5/USBFS_episr.c ****                 USBFS_MIDI_OUT_EP_Service();
 237:Generated_Source\PSoC5/USBFS_episr.c ****             }
 238:Generated_Source\PSoC5/USBFS_episr.c ****         #endif /*  USBFS_ISR_SERVICE_MIDI_OUT */
 239:Generated_Source\PSoC5/USBFS_episr.c **** 
 240:Generated_Source\PSoC5/USBFS_episr.c ****         /* `#START EP3_END_USER_CODE` Place your code here */
 241:Generated_Source\PSoC5/USBFS_episr.c **** 
 242:Generated_Source\PSoC5/USBFS_episr.c ****         /* `#END` */
 243:Generated_Source\PSoC5/USBFS_episr.c **** 
 244:Generated_Source\PSoC5/USBFS_episr.c ****         #ifdef USBFS_EP_3_ISR_EXIT_CALLBACK
 245:Generated_Source\PSoC5/USBFS_episr.c ****             USBFS_EP_3_ISR_ExitCallback();
 246:Generated_Source\PSoC5/USBFS_episr.c ****         #endif /* USBFS_EP_3_ISR_EXIT_CALLBACK */
 247:Generated_Source\PSoC5/USBFS_episr.c **** 
 248:Generated_Source\PSoC5/USBFS_episr.c ****         #if (defined(USBFS_ENABLE_MIDI_STREAMING) && !defined(USBFS_MAIN_SERVICE_MIDI_OUT) && \
 249:Generated_Source\PSoC5/USBFS_episr.c ****                      USBFS_ISR_SERVICE_MIDI_OUT && CY_PSOC3)
 250:Generated_Source\PSoC5/USBFS_episr.c ****             EA = int_en;
 251:Generated_Source\PSoC5/USBFS_episr.c ****         #endif /* CY_PSOC3 & USBFS_ISR_SERVICE_MIDI_OUT  */
 252:Generated_Source\PSoC5/USBFS_episr.c ****     }
 253:Generated_Source\PSoC5/USBFS_episr.c **** 
 254:Generated_Source\PSoC5/USBFS_episr.c **** #endif   /*  USBFS_EP3_ISR_REMOVE */
 255:Generated_Source\PSoC5/USBFS_episr.c **** 
 256:Generated_Source\PSoC5/USBFS_episr.c **** 
 257:Generated_Source\PSoC5/USBFS_episr.c **** #if(USBFS_EP4_ISR_REMOVE == 0u)
 258:Generated_Source\PSoC5/USBFS_episr.c **** 
 259:Generated_Source\PSoC5/USBFS_episr.c ****     /*******************************************************************************
 260:Generated_Source\PSoC5/USBFS_episr.c ****     * Function Name: USBFS_EP_4_ISR
 261:Generated_Source\PSoC5/USBFS_episr.c ****     ********************************************************************************
 262:Generated_Source\PSoC5/USBFS_episr.c ****     *
 263:Generated_Source\PSoC5/USBFS_episr.c ****     * Summary:
 264:Generated_Source\PSoC5/USBFS_episr.c ****     *  Endpoint 4 Interrupt Service Routine
 265:Generated_Source\PSoC5/USBFS_episr.c ****     *
 266:Generated_Source\PSoC5/USBFS_episr.c ****     * Parameters:
 267:Generated_Source\PSoC5/USBFS_episr.c ****     *  None.
 268:Generated_Source\PSoC5/USBFS_episr.c ****     *
 269:Generated_Source\PSoC5/USBFS_episr.c ****     * Return:
 270:Generated_Source\PSoC5/USBFS_episr.c ****     *  None.
 271:Generated_Source\PSoC5/USBFS_episr.c ****     *
 272:Generated_Source\PSoC5/USBFS_episr.c ****     *******************************************************************************/
 273:Generated_Source\PSoC5/USBFS_episr.c ****     CY_ISR(USBFS_EP_4_ISR)
 274:Generated_Source\PSoC5/USBFS_episr.c ****     {
 275:Generated_Source\PSoC5/USBFS_episr.c ****         #if (defined(USBFS_ENABLE_MIDI_STREAMING) && !defined(USBFS_MAIN_SERVICE_MIDI_OUT) && \
 276:Generated_Source\PSoC5/USBFS_episr.c ****                      USBFS_ISR_SERVICE_MIDI_OUT && CY_PSOC3)
 277:Generated_Source\PSoC5/USBFS_episr.c ****             uint8 int_en;
 278:Generated_Source\PSoC5/USBFS_episr.c ****         #endif /* CY_PSOC3 & USBFS_ISR_SERVICE_MIDI_OUT  */
 279:Generated_Source\PSoC5/USBFS_episr.c **** 
 280:Generated_Source\PSoC5/USBFS_episr.c ****         #ifdef USBFS_EP_4_ISR_ENTRY_CALLBACK
 281:Generated_Source\PSoC5/USBFS_episr.c ****             USBFS_EP_4_ISR_EntryCallback();
 282:Generated_Source\PSoC5/USBFS_episr.c ****         #endif /* USBFS_EP_4_ISR_ENTRY_CALLBACK */
 283:Generated_Source\PSoC5/USBFS_episr.c **** 
 284:Generated_Source\PSoC5/USBFS_episr.c ****         /* `#START EP4_USER_CODE` Place your code here */
ARM GAS  C:\Users\RABBIT~1\AppData\Local\Temp\cc7aAQJr.s 			page 8


 285:Generated_Source\PSoC5/USBFS_episr.c **** 
 286:Generated_Source\PSoC5/USBFS_episr.c ****         /* `#END` */
 287:Generated_Source\PSoC5/USBFS_episr.c **** 
 288:Generated_Source\PSoC5/USBFS_episr.c ****         #if (defined(USBFS_ENABLE_MIDI_STREAMING) && !defined(USBFS_MAIN_SERVICE_MIDI_OUT) && \
 289:Generated_Source\PSoC5/USBFS_episr.c ****                      USBFS_ISR_SERVICE_MIDI_OUT && CY_PSOC3)
 290:Generated_Source\PSoC5/USBFS_episr.c ****             int_en = EA;
 291:Generated_Source\PSoC5/USBFS_episr.c ****             CyGlobalIntEnable;  /* Make sure nested interrupt is enabled */
 292:Generated_Source\PSoC5/USBFS_episr.c ****         #endif /* CY_PSOC3 & USBFS_ISR_SERVICE_MIDI_OUT  */
 293:Generated_Source\PSoC5/USBFS_episr.c **** 
 294:Generated_Source\PSoC5/USBFS_episr.c ****         CY_GET_REG8(USBFS_SIE_EP4_CR0_PTR); /* Must read the mode reg */
 295:Generated_Source\PSoC5/USBFS_episr.c ****         /* Do not toggle ISOC endpoint */
 296:Generated_Source\PSoC5/USBFS_episr.c ****         if((USBFS_EP[USBFS_EP4].attrib & USBFS_EP_TYPE_MASK) !=
 297:Generated_Source\PSoC5/USBFS_episr.c ****                                                                                     USBFS_EP_TYPE_I
 298:Generated_Source\PSoC5/USBFS_episr.c ****         {
 299:Generated_Source\PSoC5/USBFS_episr.c ****             USBFS_EP[USBFS_EP4].epToggle ^= USBFS_EPX_CNT_DATA_TOGGLE;
 300:Generated_Source\PSoC5/USBFS_episr.c ****         }
 301:Generated_Source\PSoC5/USBFS_episr.c ****         USBFS_EP[USBFS_EP4].apiEpState = USBFS_EVENT_PENDING;
 302:Generated_Source\PSoC5/USBFS_episr.c ****         CY_SET_REG8(USBFS_SIE_EP_INT_SR_PTR, CY_GET_REG8(USBFS_SIE_EP_INT_SR_PTR)
 303:Generated_Source\PSoC5/USBFS_episr.c ****                                                                         & (uint8)~USBFS_SIE_EP_INT_
 304:Generated_Source\PSoC5/USBFS_episr.c **** 
 305:Generated_Source\PSoC5/USBFS_episr.c ****         #if (defined(USBFS_ENABLE_MIDI_STREAMING) && !defined(USBFS_MAIN_SERVICE_MIDI_OUT) && \
 306:Generated_Source\PSoC5/USBFS_episr.c ****                      USBFS_ISR_SERVICE_MIDI_OUT)
 307:Generated_Source\PSoC5/USBFS_episr.c ****             if(USBFS_midi_out_ep == USBFS_EP4)
 308:Generated_Source\PSoC5/USBFS_episr.c ****             {
 309:Generated_Source\PSoC5/USBFS_episr.c ****                 USBFS_MIDI_OUT_EP_Service();
 310:Generated_Source\PSoC5/USBFS_episr.c ****             }
 311:Generated_Source\PSoC5/USBFS_episr.c ****         #endif /*  USBFS_ISR_SERVICE_MIDI_OUT */
 312:Generated_Source\PSoC5/USBFS_episr.c **** 
 313:Generated_Source\PSoC5/USBFS_episr.c ****         /* `#START EP4_END_USER_CODE` Place your code here */
 314:Generated_Source\PSoC5/USBFS_episr.c **** 
 315:Generated_Source\PSoC5/USBFS_episr.c ****         /* `#END` */
 316:Generated_Source\PSoC5/USBFS_episr.c **** 
 317:Generated_Source\PSoC5/USBFS_episr.c ****         #ifdef USBFS_EP_4_ISR_EXIT_CALLBACK
 318:Generated_Source\PSoC5/USBFS_episr.c ****             USBFS_EP_4_ISR_ExitCallback();
 319:Generated_Source\PSoC5/USBFS_episr.c ****         #endif /* USBFS_EP_4_ISR_EXIT_CALLBACK */
 320:Generated_Source\PSoC5/USBFS_episr.c **** 
 321:Generated_Source\PSoC5/USBFS_episr.c ****         #if (defined(USBFS_ENABLE_MIDI_STREAMING) && !defined(USBFS_MAIN_SERVICE_MIDI_OUT) && \
 322:Generated_Source\PSoC5/USBFS_episr.c ****                      USBFS_ISR_SERVICE_MIDI_OUT && CY_PSOC3)
 323:Generated_Source\PSoC5/USBFS_episr.c ****             EA = int_en;
 324:Generated_Source\PSoC5/USBFS_episr.c ****         #endif /* CY_PSOC3 & USBFS_ISR_SERVICE_MIDI_OUT  */
 325:Generated_Source\PSoC5/USBFS_episr.c ****     }
 326:Generated_Source\PSoC5/USBFS_episr.c **** 
 327:Generated_Source\PSoC5/USBFS_episr.c **** #endif   /*  USBFS_EP4_ISR_REMOVE */
 328:Generated_Source\PSoC5/USBFS_episr.c **** 
 329:Generated_Source\PSoC5/USBFS_episr.c **** 
 330:Generated_Source\PSoC5/USBFS_episr.c **** #if(USBFS_EP5_ISR_REMOVE == 0u)
 331:Generated_Source\PSoC5/USBFS_episr.c **** 
 332:Generated_Source\PSoC5/USBFS_episr.c ****     /*******************************************************************************
 333:Generated_Source\PSoC5/USBFS_episr.c ****     * Function Name: USBFS_EP_5_ISR
 334:Generated_Source\PSoC5/USBFS_episr.c ****     ********************************************************************************
 335:Generated_Source\PSoC5/USBFS_episr.c ****     *
 336:Generated_Source\PSoC5/USBFS_episr.c ****     * Summary:
 337:Generated_Source\PSoC5/USBFS_episr.c ****     *  Endpoint 5 Interrupt Service Routine
 338:Generated_Source\PSoC5/USBFS_episr.c ****     *
 339:Generated_Source\PSoC5/USBFS_episr.c ****     * Parameters:
 340:Generated_Source\PSoC5/USBFS_episr.c ****     *  None.
 341:Generated_Source\PSoC5/USBFS_episr.c ****     *
ARM GAS  C:\Users\RABBIT~1\AppData\Local\Temp\cc7aAQJr.s 			page 9


 342:Generated_Source\PSoC5/USBFS_episr.c ****     * Return:
 343:Generated_Source\PSoC5/USBFS_episr.c ****     *  None.
 344:Generated_Source\PSoC5/USBFS_episr.c ****     *
 345:Generated_Source\PSoC5/USBFS_episr.c ****     *******************************************************************************/
 346:Generated_Source\PSoC5/USBFS_episr.c ****     CY_ISR(USBFS_EP_5_ISR)
 347:Generated_Source\PSoC5/USBFS_episr.c ****     {
 348:Generated_Source\PSoC5/USBFS_episr.c ****         #if (defined(USBFS_ENABLE_MIDI_STREAMING) && !defined(USBFS_MAIN_SERVICE_MIDI_OUT) && \
 349:Generated_Source\PSoC5/USBFS_episr.c ****                      USBFS_ISR_SERVICE_MIDI_OUT && CY_PSOC3)
 350:Generated_Source\PSoC5/USBFS_episr.c ****             uint8 int_en;
 351:Generated_Source\PSoC5/USBFS_episr.c ****         #endif /* CY_PSOC3 & USBFS_ISR_SERVICE_MIDI_OUT  */
 352:Generated_Source\PSoC5/USBFS_episr.c **** 
 353:Generated_Source\PSoC5/USBFS_episr.c ****         #ifdef USBFS_EP_5_ISR_ENTRY_CALLBACK
 354:Generated_Source\PSoC5/USBFS_episr.c ****             USBFS_EP_5_ISR_EntryCallback();
 355:Generated_Source\PSoC5/USBFS_episr.c ****         #endif /* USBFS_EP_5_ISR_ENTRY_CALLBACK */
 356:Generated_Source\PSoC5/USBFS_episr.c **** 
 357:Generated_Source\PSoC5/USBFS_episr.c ****         /* `#START EP5_USER_CODE` Place your code here */
 358:Generated_Source\PSoC5/USBFS_episr.c **** 
 359:Generated_Source\PSoC5/USBFS_episr.c ****         /* `#END` */
 360:Generated_Source\PSoC5/USBFS_episr.c **** 
 361:Generated_Source\PSoC5/USBFS_episr.c ****         #if (defined(USBFS_ENABLE_MIDI_STREAMING) && !defined(USBFS_MAIN_SERVICE_MIDI_OUT) && \
 362:Generated_Source\PSoC5/USBFS_episr.c ****                      USBFS_ISR_SERVICE_MIDI_OUT && CY_PSOC3)
 363:Generated_Source\PSoC5/USBFS_episr.c ****             int_en = EA;
 364:Generated_Source\PSoC5/USBFS_episr.c ****             CyGlobalIntEnable;  /* Make sure nested interrupt is enabled */
 365:Generated_Source\PSoC5/USBFS_episr.c ****         #endif /* CY_PSOC3 & USBFS_ISR_SERVICE_MIDI_OUT  */
 366:Generated_Source\PSoC5/USBFS_episr.c **** 
 367:Generated_Source\PSoC5/USBFS_episr.c ****         CY_GET_REG8(USBFS_SIE_EP5_CR0_PTR); /* Must read the mode reg */
 368:Generated_Source\PSoC5/USBFS_episr.c ****         /* Do not toggle ISOC endpoint */
 369:Generated_Source\PSoC5/USBFS_episr.c ****         if((USBFS_EP[USBFS_EP5].attrib & USBFS_EP_TYPE_MASK) !=
 370:Generated_Source\PSoC5/USBFS_episr.c ****                                                                                     USBFS_EP_TYPE_I
 371:Generated_Source\PSoC5/USBFS_episr.c ****         {
 372:Generated_Source\PSoC5/USBFS_episr.c ****             USBFS_EP[USBFS_EP5].epToggle ^= USBFS_EPX_CNT_DATA_TOGGLE;
 373:Generated_Source\PSoC5/USBFS_episr.c ****         }
 374:Generated_Source\PSoC5/USBFS_episr.c ****         USBFS_EP[USBFS_EP5].apiEpState = USBFS_EVENT_PENDING;
 375:Generated_Source\PSoC5/USBFS_episr.c ****         CY_SET_REG8(USBFS_SIE_EP_INT_SR_PTR, CY_GET_REG8(USBFS_SIE_EP_INT_SR_PTR)
 376:Generated_Source\PSoC5/USBFS_episr.c ****                                                                         & (uint8)~USBFS_SIE_EP_INT_
 377:Generated_Source\PSoC5/USBFS_episr.c **** 
 378:Generated_Source\PSoC5/USBFS_episr.c ****         #if (defined(USBFS_ENABLE_MIDI_STREAMING) && !defined(USBFS_MAIN_SERVICE_MIDI_OUT) && \
 379:Generated_Source\PSoC5/USBFS_episr.c ****                      USBFS_ISR_SERVICE_MIDI_OUT)
 380:Generated_Source\PSoC5/USBFS_episr.c ****             if(USBFS_midi_out_ep == USBFS_EP5)
 381:Generated_Source\PSoC5/USBFS_episr.c ****             {
 382:Generated_Source\PSoC5/USBFS_episr.c ****                 USBFS_MIDI_OUT_EP_Service();
 383:Generated_Source\PSoC5/USBFS_episr.c ****             }
 384:Generated_Source\PSoC5/USBFS_episr.c ****         #endif /*  USBFS_ISR_SERVICE_MIDI_OUT */
 385:Generated_Source\PSoC5/USBFS_episr.c **** 
 386:Generated_Source\PSoC5/USBFS_episr.c ****         /* `#START EP5_END_USER_CODE` Place your code here */
 387:Generated_Source\PSoC5/USBFS_episr.c **** 
 388:Generated_Source\PSoC5/USBFS_episr.c ****         /* `#END` */
 389:Generated_Source\PSoC5/USBFS_episr.c **** 
 390:Generated_Source\PSoC5/USBFS_episr.c ****         #ifdef USBFS_EP_5_ISR_EXIT_CALLBACK
 391:Generated_Source\PSoC5/USBFS_episr.c ****             USBFS_EP_5_ISR_ExitCallback();
 392:Generated_Source\PSoC5/USBFS_episr.c ****         #endif /* USBFS_EP_5_ISR_EXIT_CALLBACK */
 393:Generated_Source\PSoC5/USBFS_episr.c **** 
 394:Generated_Source\PSoC5/USBFS_episr.c ****         #if (defined(USBFS_ENABLE_MIDI_STREAMING) && !defined(USBFS_MAIN_SERVICE_MIDI_OUT) && \
 395:Generated_Source\PSoC5/USBFS_episr.c ****                      USBFS_ISR_SERVICE_MIDI_OUT && CY_PSOC3)
 396:Generated_Source\PSoC5/USBFS_episr.c ****             EA = int_en;
 397:Generated_Source\PSoC5/USBFS_episr.c ****         #endif /* CY_PSOC3 & USBFS_ISR_SERVICE_MIDI_OUT  */
 398:Generated_Source\PSoC5/USBFS_episr.c ****     }
ARM GAS  C:\Users\RABBIT~1\AppData\Local\Temp\cc7aAQJr.s 			page 10


 399:Generated_Source\PSoC5/USBFS_episr.c **** #endif   /*  USBFS_EP5_ISR_REMOVE */
 400:Generated_Source\PSoC5/USBFS_episr.c **** 
 401:Generated_Source\PSoC5/USBFS_episr.c **** 
 402:Generated_Source\PSoC5/USBFS_episr.c **** #if(USBFS_EP6_ISR_REMOVE == 0u)
 403:Generated_Source\PSoC5/USBFS_episr.c **** 
 404:Generated_Source\PSoC5/USBFS_episr.c ****     /*******************************************************************************
 405:Generated_Source\PSoC5/USBFS_episr.c ****     * Function Name: USBFS_EP_6_ISR
 406:Generated_Source\PSoC5/USBFS_episr.c ****     ********************************************************************************
 407:Generated_Source\PSoC5/USBFS_episr.c ****     *
 408:Generated_Source\PSoC5/USBFS_episr.c ****     * Summary:
 409:Generated_Source\PSoC5/USBFS_episr.c ****     *  Endpoint 6 Interrupt Service Routine
 410:Generated_Source\PSoC5/USBFS_episr.c ****     *
 411:Generated_Source\PSoC5/USBFS_episr.c ****     * Parameters:
 412:Generated_Source\PSoC5/USBFS_episr.c ****     *  None.
 413:Generated_Source\PSoC5/USBFS_episr.c ****     *
 414:Generated_Source\PSoC5/USBFS_episr.c ****     * Return:
 415:Generated_Source\PSoC5/USBFS_episr.c ****     *  None.
 416:Generated_Source\PSoC5/USBFS_episr.c ****     *
 417:Generated_Source\PSoC5/USBFS_episr.c ****     *******************************************************************************/
 418:Generated_Source\PSoC5/USBFS_episr.c ****     CY_ISR(USBFS_EP_6_ISR)
 419:Generated_Source\PSoC5/USBFS_episr.c ****     {
 420:Generated_Source\PSoC5/USBFS_episr.c ****         #if (defined(USBFS_ENABLE_MIDI_STREAMING) && !defined(USBFS_MAIN_SERVICE_MIDI_OUT) && \
 421:Generated_Source\PSoC5/USBFS_episr.c ****                      USBFS_ISR_SERVICE_MIDI_OUT && CY_PSOC3)
 422:Generated_Source\PSoC5/USBFS_episr.c ****             uint8 int_en;
 423:Generated_Source\PSoC5/USBFS_episr.c ****         #endif /* CY_PSOC3 & USBFS_ISR_SERVICE_MIDI_OUT  */
 424:Generated_Source\PSoC5/USBFS_episr.c **** 
 425:Generated_Source\PSoC5/USBFS_episr.c ****         #ifdef USBFS_EP_6_ISR_ENTRY_CALLBACK
 426:Generated_Source\PSoC5/USBFS_episr.c ****             USBFS_EP_6_ISR_EntryCallback();
 427:Generated_Source\PSoC5/USBFS_episr.c ****         #endif /* USBFS_EP_6_ISR_ENTRY_CALLBACK */
 428:Generated_Source\PSoC5/USBFS_episr.c **** 
 429:Generated_Source\PSoC5/USBFS_episr.c ****         /* `#START EP6_USER_CODE` Place your code here */
 430:Generated_Source\PSoC5/USBFS_episr.c **** 
 431:Generated_Source\PSoC5/USBFS_episr.c ****         /* `#END` */
 432:Generated_Source\PSoC5/USBFS_episr.c **** 
 433:Generated_Source\PSoC5/USBFS_episr.c ****         #if (defined(USBFS_ENABLE_MIDI_STREAMING) && !defined(USBFS_MAIN_SERVICE_MIDI_OUT) && \
 434:Generated_Source\PSoC5/USBFS_episr.c ****                      USBFS_ISR_SERVICE_MIDI_OUT && CY_PSOC3)
 435:Generated_Source\PSoC5/USBFS_episr.c ****             int_en = EA;
 436:Generated_Source\PSoC5/USBFS_episr.c ****             CyGlobalIntEnable;  /* Make sure nested interrupt is enabled */
 437:Generated_Source\PSoC5/USBFS_episr.c ****         #endif /* CY_PSOC3 & USBFS_ISR_SERVICE_MIDI_OUT  */
 438:Generated_Source\PSoC5/USBFS_episr.c **** 
 439:Generated_Source\PSoC5/USBFS_episr.c ****         CY_GET_REG8(USBFS_SIE_EP6_CR0_PTR); /* Must read the mode reg */
 440:Generated_Source\PSoC5/USBFS_episr.c ****         /* Do not toggle ISOC endpoint */
 441:Generated_Source\PSoC5/USBFS_episr.c ****         if((USBFS_EP[USBFS_EP6].attrib & USBFS_EP_TYPE_MASK) !=
 442:Generated_Source\PSoC5/USBFS_episr.c ****                                                                                     USBFS_EP_TYPE_I
 443:Generated_Source\PSoC5/USBFS_episr.c ****         {
 444:Generated_Source\PSoC5/USBFS_episr.c ****             USBFS_EP[USBFS_EP6].epToggle ^= USBFS_EPX_CNT_DATA_TOGGLE;
 445:Generated_Source\PSoC5/USBFS_episr.c ****         }
 446:Generated_Source\PSoC5/USBFS_episr.c ****         USBFS_EP[USBFS_EP6].apiEpState = USBFS_EVENT_PENDING;
 447:Generated_Source\PSoC5/USBFS_episr.c ****         CY_SET_REG8(USBFS_SIE_EP_INT_SR_PTR, CY_GET_REG8(USBFS_SIE_EP_INT_SR_PTR)
 448:Generated_Source\PSoC5/USBFS_episr.c ****                                                                         & (uint8)~USBFS_SIE_EP_INT_
 449:Generated_Source\PSoC5/USBFS_episr.c **** 
 450:Generated_Source\PSoC5/USBFS_episr.c ****         #if (defined(USBFS_ENABLE_MIDI_STREAMING) && !defined(USBFS_MAIN_SERVICE_MIDI_OUT) && \
 451:Generated_Source\PSoC5/USBFS_episr.c ****                      USBFS_ISR_SERVICE_MIDI_OUT)
 452:Generated_Source\PSoC5/USBFS_episr.c ****             if(USBFS_midi_out_ep == USBFS_EP6)
 453:Generated_Source\PSoC5/USBFS_episr.c ****             {
 454:Generated_Source\PSoC5/USBFS_episr.c ****                 USBFS_MIDI_OUT_EP_Service();
 455:Generated_Source\PSoC5/USBFS_episr.c ****             }
ARM GAS  C:\Users\RABBIT~1\AppData\Local\Temp\cc7aAQJr.s 			page 11


 456:Generated_Source\PSoC5/USBFS_episr.c ****         #endif /*  USBFS_ISR_SERVICE_MIDI_OUT  */
 457:Generated_Source\PSoC5/USBFS_episr.c **** 
 458:Generated_Source\PSoC5/USBFS_episr.c ****         /* `#START EP6_END_USER_CODE` Place your code here */
 459:Generated_Source\PSoC5/USBFS_episr.c **** 
 460:Generated_Source\PSoC5/USBFS_episr.c ****         /* `#END` */
 461:Generated_Source\PSoC5/USBFS_episr.c **** 
 462:Generated_Source\PSoC5/USBFS_episr.c ****         #ifdef USBFS_EP_6_ISR_EXIT_CALLBACK
 463:Generated_Source\PSoC5/USBFS_episr.c ****             USBFS_EP_6_ISR_ExitCallback();
 464:Generated_Source\PSoC5/USBFS_episr.c ****         #endif /* USBFS_EP_6_ISR_EXIT_CALLBACK */
 465:Generated_Source\PSoC5/USBFS_episr.c **** 
 466:Generated_Source\PSoC5/USBFS_episr.c ****         #if (defined(USBFS_ENABLE_MIDI_STREAMING) && !defined(USBFS_MAIN_SERVICE_MIDI_OUT) && \
 467:Generated_Source\PSoC5/USBFS_episr.c ****                      USBFS_ISR_SERVICE_MIDI_OUT && CY_PSOC3)
 468:Generated_Source\PSoC5/USBFS_episr.c ****             EA = int_en;
 469:Generated_Source\PSoC5/USBFS_episr.c ****         #endif /* CY_PSOC3 & USBFS_ISR_SERVICE_MIDI_OUT  */
 470:Generated_Source\PSoC5/USBFS_episr.c ****     }
 471:Generated_Source\PSoC5/USBFS_episr.c **** 
 472:Generated_Source\PSoC5/USBFS_episr.c **** #endif   /*  USBFS_EP6_ISR_REMOVE */
 473:Generated_Source\PSoC5/USBFS_episr.c **** 
 474:Generated_Source\PSoC5/USBFS_episr.c **** 
 475:Generated_Source\PSoC5/USBFS_episr.c **** #if(USBFS_EP7_ISR_REMOVE == 0u)
 476:Generated_Source\PSoC5/USBFS_episr.c **** 
 477:Generated_Source\PSoC5/USBFS_episr.c ****     /*******************************************************************************
 478:Generated_Source\PSoC5/USBFS_episr.c ****     * Function Name: USBFS_EP_7_ISR
 479:Generated_Source\PSoC5/USBFS_episr.c ****     ********************************************************************************
 480:Generated_Source\PSoC5/USBFS_episr.c ****     *
 481:Generated_Source\PSoC5/USBFS_episr.c ****     * Summary:
 482:Generated_Source\PSoC5/USBFS_episr.c ****     *  Endpoint 7 Interrupt Service Routine
 483:Generated_Source\PSoC5/USBFS_episr.c ****     *
 484:Generated_Source\PSoC5/USBFS_episr.c ****     * Parameters:
 485:Generated_Source\PSoC5/USBFS_episr.c ****     *  None.
 486:Generated_Source\PSoC5/USBFS_episr.c ****     *
 487:Generated_Source\PSoC5/USBFS_episr.c ****     * Return:
 488:Generated_Source\PSoC5/USBFS_episr.c ****     *  None.
 489:Generated_Source\PSoC5/USBFS_episr.c ****     *
 490:Generated_Source\PSoC5/USBFS_episr.c ****     *******************************************************************************/
 491:Generated_Source\PSoC5/USBFS_episr.c ****     CY_ISR(USBFS_EP_7_ISR)
 492:Generated_Source\PSoC5/USBFS_episr.c ****     {
 493:Generated_Source\PSoC5/USBFS_episr.c ****         #if (defined(USBFS_ENABLE_MIDI_STREAMING) && !defined(USBFS_MAIN_SERVICE_MIDI_OUT) && \
 494:Generated_Source\PSoC5/USBFS_episr.c ****                      USBFS_ISR_SERVICE_MIDI_OUT && CY_PSOC3)
 495:Generated_Source\PSoC5/USBFS_episr.c ****             uint8 int_en;
 496:Generated_Source\PSoC5/USBFS_episr.c ****         #endif /* CY_PSOC3 & USBFS_ISR_SERVICE_MIDI_OUT  */
 497:Generated_Source\PSoC5/USBFS_episr.c **** 
 498:Generated_Source\PSoC5/USBFS_episr.c ****         #ifdef USBFS_EP_7_ISR_ENTRY_CALLBACK
 499:Generated_Source\PSoC5/USBFS_episr.c ****             USBFS_EP_7_ISR_EntryCallback();
 500:Generated_Source\PSoC5/USBFS_episr.c ****         #endif /* USBFS_EP_7_ISR_ENTRY_CALLBACK */
 501:Generated_Source\PSoC5/USBFS_episr.c **** 
 502:Generated_Source\PSoC5/USBFS_episr.c ****         /* `#START EP7_USER_CODE` Place your code here */
 503:Generated_Source\PSoC5/USBFS_episr.c **** 
 504:Generated_Source\PSoC5/USBFS_episr.c ****         /* `#END` */
 505:Generated_Source\PSoC5/USBFS_episr.c **** 
 506:Generated_Source\PSoC5/USBFS_episr.c ****         #if (defined(USBFS_ENABLE_MIDI_STREAMING) && !defined(USBFS_MAIN_SERVICE_MIDI_OUT) && \
 507:Generated_Source\PSoC5/USBFS_episr.c ****                      USBFS_ISR_SERVICE_MIDI_OUT && CY_PSOC3)
 508:Generated_Source\PSoC5/USBFS_episr.c ****             int_en = EA;
 509:Generated_Source\PSoC5/USBFS_episr.c ****             CyGlobalIntEnable;  /* Make sure nested interrupt is enabled */
 510:Generated_Source\PSoC5/USBFS_episr.c ****         #endif /* CY_PSOC3 & USBFS_ISR_SERVICE_MIDI_OUT  */
 511:Generated_Source\PSoC5/USBFS_episr.c **** 
 512:Generated_Source\PSoC5/USBFS_episr.c ****         CY_GET_REG8(USBFS_SIE_EP7_CR0_PTR); /* Must read the mode reg */
ARM GAS  C:\Users\RABBIT~1\AppData\Local\Temp\cc7aAQJr.s 			page 12


 513:Generated_Source\PSoC5/USBFS_episr.c ****         /* Do not toggle ISOC endpoint */
 514:Generated_Source\PSoC5/USBFS_episr.c ****         if((USBFS_EP[USBFS_EP7].attrib & USBFS_EP_TYPE_MASK) !=
 515:Generated_Source\PSoC5/USBFS_episr.c ****                                                                                     USBFS_EP_TYPE_I
 516:Generated_Source\PSoC5/USBFS_episr.c ****         {
 517:Generated_Source\PSoC5/USBFS_episr.c ****             USBFS_EP[USBFS_EP7].epToggle ^= USBFS_EPX_CNT_DATA_TOGGLE;
 518:Generated_Source\PSoC5/USBFS_episr.c ****         }
 519:Generated_Source\PSoC5/USBFS_episr.c ****         USBFS_EP[USBFS_EP7].apiEpState = USBFS_EVENT_PENDING;
 520:Generated_Source\PSoC5/USBFS_episr.c ****         CY_SET_REG8(USBFS_SIE_EP_INT_SR_PTR, CY_GET_REG8(USBFS_SIE_EP_INT_SR_PTR)
 521:Generated_Source\PSoC5/USBFS_episr.c ****                                                                         & (uint8)~USBFS_SIE_EP_INT_
 522:Generated_Source\PSoC5/USBFS_episr.c **** 
 523:Generated_Source\PSoC5/USBFS_episr.c ****         #if (defined(USBFS_ENABLE_MIDI_STREAMING) && !defined(USBFS_MAIN_SERVICE_MIDI_OUT) && \
 524:Generated_Source\PSoC5/USBFS_episr.c ****                      USBFS_ISR_SERVICE_MIDI_OUT)
 525:Generated_Source\PSoC5/USBFS_episr.c ****             if(USBFS_midi_out_ep == USBFS_EP7)
 526:Generated_Source\PSoC5/USBFS_episr.c ****             {
 527:Generated_Source\PSoC5/USBFS_episr.c ****                 USBFS_MIDI_OUT_EP_Service();
 528:Generated_Source\PSoC5/USBFS_episr.c ****             }
 529:Generated_Source\PSoC5/USBFS_episr.c ****         #endif /*  USBFS_ISR_SERVICE_MIDI_OUT  */
 530:Generated_Source\PSoC5/USBFS_episr.c **** 
 531:Generated_Source\PSoC5/USBFS_episr.c ****         /* `#START EP7_END_USER_CODE` Place your code here */
 532:Generated_Source\PSoC5/USBFS_episr.c **** 
 533:Generated_Source\PSoC5/USBFS_episr.c ****         /* `#END` */
 534:Generated_Source\PSoC5/USBFS_episr.c **** 
 535:Generated_Source\PSoC5/USBFS_episr.c ****         #ifdef USBFS_EP_7_ISR_EXIT_CALLBACK
 536:Generated_Source\PSoC5/USBFS_episr.c ****             USBFS_EP_7_ISR_ExitCallback();
 537:Generated_Source\PSoC5/USBFS_episr.c ****         #endif /* USBFS_EP_7_ISR_EXIT_CALLBACK */
 538:Generated_Source\PSoC5/USBFS_episr.c **** 
 539:Generated_Source\PSoC5/USBFS_episr.c ****         #if (defined(USBFS_ENABLE_MIDI_STREAMING) && !defined(USBFS_MAIN_SERVICE_MIDI_OUT) && \
 540:Generated_Source\PSoC5/USBFS_episr.c ****                      USBFS_ISR_SERVICE_MIDI_OUT && CY_PSOC3)
 541:Generated_Source\PSoC5/USBFS_episr.c ****             EA = int_en;
 542:Generated_Source\PSoC5/USBFS_episr.c ****         #endif /* CY_PSOC3 & USBFS_ISR_SERVICE_MIDI_OUT  */
 543:Generated_Source\PSoC5/USBFS_episr.c ****     }
 544:Generated_Source\PSoC5/USBFS_episr.c **** 
 545:Generated_Source\PSoC5/USBFS_episr.c **** #endif   /*  USBFS_EP7_ISR_REMOVE */
 546:Generated_Source\PSoC5/USBFS_episr.c **** 
 547:Generated_Source\PSoC5/USBFS_episr.c **** 
 548:Generated_Source\PSoC5/USBFS_episr.c **** #if(USBFS_EP8_ISR_REMOVE == 0u)
 549:Generated_Source\PSoC5/USBFS_episr.c **** 
 550:Generated_Source\PSoC5/USBFS_episr.c ****     /*******************************************************************************
 551:Generated_Source\PSoC5/USBFS_episr.c ****     * Function Name: USBFS_EP_8_ISR
 552:Generated_Source\PSoC5/USBFS_episr.c ****     ********************************************************************************
 553:Generated_Source\PSoC5/USBFS_episr.c ****     *
 554:Generated_Source\PSoC5/USBFS_episr.c ****     * Summary:
 555:Generated_Source\PSoC5/USBFS_episr.c ****     *  Endpoint 8 Interrupt Service Routine
 556:Generated_Source\PSoC5/USBFS_episr.c ****     *
 557:Generated_Source\PSoC5/USBFS_episr.c ****     * Parameters:
 558:Generated_Source\PSoC5/USBFS_episr.c ****     *  None.
 559:Generated_Source\PSoC5/USBFS_episr.c ****     *
 560:Generated_Source\PSoC5/USBFS_episr.c ****     * Return:
 561:Generated_Source\PSoC5/USBFS_episr.c ****     *  None.
 562:Generated_Source\PSoC5/USBFS_episr.c ****     *
 563:Generated_Source\PSoC5/USBFS_episr.c ****     *******************************************************************************/
 564:Generated_Source\PSoC5/USBFS_episr.c ****     CY_ISR(USBFS_EP_8_ISR)
 565:Generated_Source\PSoC5/USBFS_episr.c ****     {
 566:Generated_Source\PSoC5/USBFS_episr.c ****         #if (defined(USBFS_ENABLE_MIDI_STREAMING) && !defined(USBFS_MAIN_SERVICE_MIDI_OUT) && \
 567:Generated_Source\PSoC5/USBFS_episr.c ****                      USBFS_ISR_SERVICE_MIDI_OUT && CY_PSOC3)
 568:Generated_Source\PSoC5/USBFS_episr.c ****             uint8 int_en;
 569:Generated_Source\PSoC5/USBFS_episr.c ****         #endif /* CY_PSOC3 & USBFS_ISR_SERVICE_MIDI_OUT  */
ARM GAS  C:\Users\RABBIT~1\AppData\Local\Temp\cc7aAQJr.s 			page 13


 570:Generated_Source\PSoC5/USBFS_episr.c **** 
 571:Generated_Source\PSoC5/USBFS_episr.c ****         #ifdef USBFS_EP_8_ISR_ENTRY_CALLBACK
 572:Generated_Source\PSoC5/USBFS_episr.c ****             USBFS_EP_8_ISR_EntryCallback();
 573:Generated_Source\PSoC5/USBFS_episr.c ****         #endif /* USBFS_EP_8_ISR_ENTRY_CALLBACK */
 574:Generated_Source\PSoC5/USBFS_episr.c **** 
 575:Generated_Source\PSoC5/USBFS_episr.c ****         /* `#START EP8_USER_CODE` Place your code here */
 576:Generated_Source\PSoC5/USBFS_episr.c **** 
 577:Generated_Source\PSoC5/USBFS_episr.c ****         /* `#END` */
 578:Generated_Source\PSoC5/USBFS_episr.c **** 
 579:Generated_Source\PSoC5/USBFS_episr.c ****         #if (defined(USBFS_ENABLE_MIDI_STREAMING) && !defined(USBFS_MAIN_SERVICE_MIDI_OUT) && \
 580:Generated_Source\PSoC5/USBFS_episr.c ****                      USBFS_ISR_SERVICE_MIDI_OUT && CY_PSOC3)
 581:Generated_Source\PSoC5/USBFS_episr.c ****             int_en = EA;
 582:Generated_Source\PSoC5/USBFS_episr.c ****             CyGlobalIntEnable;  /* Make sure nested interrupt is enabled */
 583:Generated_Source\PSoC5/USBFS_episr.c ****         #endif /* CY_PSOC3 & USBFS_ISR_SERVICE_MIDI_OUT  */
 584:Generated_Source\PSoC5/USBFS_episr.c **** 
 585:Generated_Source\PSoC5/USBFS_episr.c ****         CY_GET_REG8(USBFS_SIE_EP8_CR0_PTR); /* Must read the mode reg */
 586:Generated_Source\PSoC5/USBFS_episr.c ****         /* Do not toggle ISOC endpoint */
 587:Generated_Source\PSoC5/USBFS_episr.c ****         if((USBFS_EP[USBFS_EP8].attrib & USBFS_EP_TYPE_MASK) !=
 588:Generated_Source\PSoC5/USBFS_episr.c ****                                                                                     USBFS_EP_TYPE_I
 589:Generated_Source\PSoC5/USBFS_episr.c ****         {
 590:Generated_Source\PSoC5/USBFS_episr.c ****             USBFS_EP[USBFS_EP8].epToggle ^= USBFS_EPX_CNT_DATA_TOGGLE;
 591:Generated_Source\PSoC5/USBFS_episr.c ****         }
 592:Generated_Source\PSoC5/USBFS_episr.c ****         USBFS_EP[USBFS_EP8].apiEpState = USBFS_EVENT_PENDING;
 593:Generated_Source\PSoC5/USBFS_episr.c ****         CY_SET_REG8(USBFS_SIE_EP_INT_SR_PTR, CY_GET_REG8(USBFS_SIE_EP_INT_SR_PTR)
 594:Generated_Source\PSoC5/USBFS_episr.c ****                                                                         & (uint8)~USBFS_SIE_EP_INT_
 595:Generated_Source\PSoC5/USBFS_episr.c **** 
 596:Generated_Source\PSoC5/USBFS_episr.c ****         #if (defined(USBFS_ENABLE_MIDI_STREAMING) && !defined(USBFS_MAIN_SERVICE_MIDI_OUT) && \
 597:Generated_Source\PSoC5/USBFS_episr.c ****                      USBFS_ISR_SERVICE_MIDI_OUT)
 598:Generated_Source\PSoC5/USBFS_episr.c ****             if(USBFS_midi_out_ep == USBFS_EP8)
 599:Generated_Source\PSoC5/USBFS_episr.c ****             {
 600:Generated_Source\PSoC5/USBFS_episr.c ****                 USBFS_MIDI_OUT_EP_Service();
 601:Generated_Source\PSoC5/USBFS_episr.c ****             }
 602:Generated_Source\PSoC5/USBFS_episr.c ****         #endif /*  USBFS_ISR_SERVICE_MIDI_OUT */
 603:Generated_Source\PSoC5/USBFS_episr.c **** 
 604:Generated_Source\PSoC5/USBFS_episr.c ****         /* `#START EP8_END_USER_CODE` Place your code here */
 605:Generated_Source\PSoC5/USBFS_episr.c **** 
 606:Generated_Source\PSoC5/USBFS_episr.c ****         /* `#END` */
 607:Generated_Source\PSoC5/USBFS_episr.c **** 
 608:Generated_Source\PSoC5/USBFS_episr.c ****         #ifdef USBFS_EP_8_ISR_EXIT_CALLBACK
 609:Generated_Source\PSoC5/USBFS_episr.c ****             USBFS_EP_8_ISR_ExitCallback();
 610:Generated_Source\PSoC5/USBFS_episr.c ****         #endif /* USBFS_EP_8_ISR_EXIT_CALLBACK */
 611:Generated_Source\PSoC5/USBFS_episr.c **** 
 612:Generated_Source\PSoC5/USBFS_episr.c ****         #if (defined(USBFS_ENABLE_MIDI_STREAMING) && !defined(USBFS_MAIN_SERVICE_MIDI_OUT) && \
 613:Generated_Source\PSoC5/USBFS_episr.c ****                      USBFS_ISR_SERVICE_MIDI_OUT && CY_PSOC3)
 614:Generated_Source\PSoC5/USBFS_episr.c ****             EA = int_en;
 615:Generated_Source\PSoC5/USBFS_episr.c ****         #endif /* CY_PSOC3 & USBFS_ISR_SERVICE_MIDI_OUT  */
 616:Generated_Source\PSoC5/USBFS_episr.c ****     }
 617:Generated_Source\PSoC5/USBFS_episr.c **** 
 618:Generated_Source\PSoC5/USBFS_episr.c **** #endif   /*  USBFS_EP8_ISR_REMOVE */
 619:Generated_Source\PSoC5/USBFS_episr.c **** 
 620:Generated_Source\PSoC5/USBFS_episr.c **** 
 621:Generated_Source\PSoC5/USBFS_episr.c **** /*******************************************************************************
 622:Generated_Source\PSoC5/USBFS_episr.c **** * Function Name: USBFS_SOF_ISR
 623:Generated_Source\PSoC5/USBFS_episr.c **** ********************************************************************************
 624:Generated_Source\PSoC5/USBFS_episr.c **** *
 625:Generated_Source\PSoC5/USBFS_episr.c **** * Summary:
 626:Generated_Source\PSoC5/USBFS_episr.c **** *  Start of Frame Interrupt Service Routine
ARM GAS  C:\Users\RABBIT~1\AppData\Local\Temp\cc7aAQJr.s 			page 14


 627:Generated_Source\PSoC5/USBFS_episr.c **** *
 628:Generated_Source\PSoC5/USBFS_episr.c **** * Parameters:
 629:Generated_Source\PSoC5/USBFS_episr.c **** *  None.
 630:Generated_Source\PSoC5/USBFS_episr.c **** *
 631:Generated_Source\PSoC5/USBFS_episr.c **** * Return:
 632:Generated_Source\PSoC5/USBFS_episr.c **** *  None.
 633:Generated_Source\PSoC5/USBFS_episr.c **** *
 634:Generated_Source\PSoC5/USBFS_episr.c **** *******************************************************************************/
 635:Generated_Source\PSoC5/USBFS_episr.c **** CY_ISR(USBFS_SOF_ISR)
 636:Generated_Source\PSoC5/USBFS_episr.c **** {
 116              		.loc 1 636 0
 117              		.cfi_startproc
 118              		@ args = 0, pretend = 0, frame = 0
 119              		@ frame_needed = 0, uses_anonymous_args = 0
 120              		@ link register save eliminated.
 121 0000 7047     		bx	lr
 122              		.cfi_endproc
 123              	.LFE2:
 124              		.size	USBFS_SOF_ISR, .-USBFS_SOF_ISR
 125              		.section	.text.USBFS_BUS_RESET_ISR,"ax",%progbits
 126              		.align	1
 127              		.global	USBFS_BUS_RESET_ISR
 128              		.thumb
 129              		.thumb_func
 130              		.type	USBFS_BUS_RESET_ISR, %function
 131              	USBFS_BUS_RESET_ISR:
 132              	.LFB3:
 637:Generated_Source\PSoC5/USBFS_episr.c ****     #ifdef USBFS_SOF_ISR_INTERRUPT_CALLBACK
 638:Generated_Source\PSoC5/USBFS_episr.c ****         USBFS_SOF_ISR_InterruptCallback();
 639:Generated_Source\PSoC5/USBFS_episr.c ****     #endif /* USBFS_SOF_ISR_INTERRUPT_CALLBACK */
 640:Generated_Source\PSoC5/USBFS_episr.c **** 
 641:Generated_Source\PSoC5/USBFS_episr.c ****     /* `#START SOF_USER_CODE` Place your code here */
 642:Generated_Source\PSoC5/USBFS_episr.c **** 
 643:Generated_Source\PSoC5/USBFS_episr.c ****     /* `#END` */
 644:Generated_Source\PSoC5/USBFS_episr.c **** }
 645:Generated_Source\PSoC5/USBFS_episr.c **** 
 646:Generated_Source\PSoC5/USBFS_episr.c **** 
 647:Generated_Source\PSoC5/USBFS_episr.c **** /*******************************************************************************
 648:Generated_Source\PSoC5/USBFS_episr.c **** * Function Name: USBFS_BUS_RESET_ISR
 649:Generated_Source\PSoC5/USBFS_episr.c **** ********************************************************************************
 650:Generated_Source\PSoC5/USBFS_episr.c **** *
 651:Generated_Source\PSoC5/USBFS_episr.c **** * Summary:
 652:Generated_Source\PSoC5/USBFS_episr.c **** *  USB Bus Reset Interrupt Service Routine.  Calls _Start with the same
 653:Generated_Source\PSoC5/USBFS_episr.c **** *  parameters as the last USER call to _Start
 654:Generated_Source\PSoC5/USBFS_episr.c **** *
 655:Generated_Source\PSoC5/USBFS_episr.c **** * Parameters:
 656:Generated_Source\PSoC5/USBFS_episr.c **** *  None.
 657:Generated_Source\PSoC5/USBFS_episr.c **** *
 658:Generated_Source\PSoC5/USBFS_episr.c **** * Return:
 659:Generated_Source\PSoC5/USBFS_episr.c **** *  None.
 660:Generated_Source\PSoC5/USBFS_episr.c **** *
 661:Generated_Source\PSoC5/USBFS_episr.c **** *******************************************************************************/
 662:Generated_Source\PSoC5/USBFS_episr.c **** CY_ISR(USBFS_BUS_RESET_ISR)
 663:Generated_Source\PSoC5/USBFS_episr.c **** {
 133              		.loc 1 663 0
 134              		.cfi_startproc
 135              		@ args = 0, pretend = 0, frame = 0
ARM GAS  C:\Users\RABBIT~1\AppData\Local\Temp\cc7aAQJr.s 			page 15


 136              		@ frame_needed = 0, uses_anonymous_args = 0
 137              		@ link register save eliminated.
 664:Generated_Source\PSoC5/USBFS_episr.c ****     #ifdef USBFS_BUS_RESET_ISR_ENTRY_CALLBACK
 665:Generated_Source\PSoC5/USBFS_episr.c ****         USBFS_BUS_RESET_ISR_EntryCallback();
 666:Generated_Source\PSoC5/USBFS_episr.c ****     #endif /* USBFS_BUS_RESET_ISR_ENTRY_CALLBACK */
 667:Generated_Source\PSoC5/USBFS_episr.c **** 
 668:Generated_Source\PSoC5/USBFS_episr.c ****     /* `#START BUS_RESET_USER_CODE` Place your code here */
 669:Generated_Source\PSoC5/USBFS_episr.c **** 
 670:Generated_Source\PSoC5/USBFS_episr.c ****     /* `#END` */
 671:Generated_Source\PSoC5/USBFS_episr.c **** 
 672:Generated_Source\PSoC5/USBFS_episr.c ****     USBFS_ReInitComponent();
 138              		.loc 1 672 0
 139 0000 FFF7FEBF 		b	USBFS_ReInitComponent
 140              	.LVL0:
 141              		.cfi_endproc
 142              	.LFE3:
 143              		.size	USBFS_BUS_RESET_ISR, .-USBFS_BUS_RESET_ISR
 144              		.text
 145              	.Letext0:
 146              		.file 2 "Generated_Source\\PSoC5\\cytypes.h"
 147              		.file 3 "Generated_Source\\PSoC5\\USBFS.h"
 148              		.file 4 "Generated_Source\\PSoC5\\USBFS_pvt.h"
 149              		.section	.debug_info,"",%progbits
 150              	.Ldebug_info0:
 151 0000 B6010000 		.4byte	0x1b6
 152 0004 0400     		.2byte	0x4
 153 0006 00000000 		.4byte	.Ldebug_abbrev0
 154 000a 04       		.byte	0x4
 155 000b 01       		.uleb128 0x1
 156 000c FB000000 		.4byte	.LASF30
 157 0010 0C       		.byte	0xc
 158 0011 8B000000 		.4byte	.LASF31
 159 0015 29000000 		.4byte	.LASF32
 160 0019 00000000 		.4byte	.Ldebug_ranges0+0
 161 001d 00000000 		.4byte	0
 162 0021 00000000 		.4byte	.Ldebug_line0
 163 0025 02       		.uleb128 0x2
 164 0026 01       		.byte	0x1
 165 0027 06       		.byte	0x6
 166 0028 8B020000 		.4byte	.LASF0
 167 002c 02       		.uleb128 0x2
 168 002d 01       		.byte	0x1
 169 002e 08       		.byte	0x8
 170 002f E8000000 		.4byte	.LASF1
 171 0033 02       		.uleb128 0x2
 172 0034 02       		.byte	0x2
 173 0035 05       		.byte	0x5
 174 0036 4D020000 		.4byte	.LASF2
 175 003a 02       		.uleb128 0x2
 176 003b 02       		.byte	0x2
 177 003c 07       		.byte	0x7
 178 003d 16000000 		.4byte	.LASF3
 179 0041 02       		.uleb128 0x2
 180 0042 04       		.byte	0x4
 181 0043 05       		.byte	0x5
 182 0044 67020000 		.4byte	.LASF4
 183 0048 02       		.uleb128 0x2
ARM GAS  C:\Users\RABBIT~1\AppData\Local\Temp\cc7aAQJr.s 			page 16


 184 0049 04       		.byte	0x4
 185 004a 07       		.byte	0x7
 186 004b D0010000 		.4byte	.LASF5
 187 004f 02       		.uleb128 0x2
 188 0050 08       		.byte	0x8
 189 0051 05       		.byte	0x5
 190 0052 2F020000 		.4byte	.LASF6
 191 0056 02       		.uleb128 0x2
 192 0057 08       		.byte	0x8
 193 0058 07       		.byte	0x7
 194 0059 EF010000 		.4byte	.LASF7
 195 005d 03       		.uleb128 0x3
 196 005e 04       		.byte	0x4
 197 005f 05       		.byte	0x5
 198 0060 696E7400 		.ascii	"int\000"
 199 0064 02       		.uleb128 0x2
 200 0065 04       		.byte	0x4
 201 0066 07       		.byte	0x7
 202 0067 E2010000 		.4byte	.LASF8
 203 006b 04       		.uleb128 0x4
 204 006c 57020000 		.4byte	.LASF9
 205 0070 02       		.byte	0x2
 206 0071 A1       		.byte	0xa1
 207 0072 2C000000 		.4byte	0x2c
 208 0076 04       		.uleb128 0x4
 209 0077 BE010000 		.4byte	.LASF10
 210 007b 02       		.byte	0x2
 211 007c A2       		.byte	0xa2
 212 007d 3A000000 		.4byte	0x3a
 213 0081 02       		.uleb128 0x2
 214 0082 04       		.byte	0x4
 215 0083 04       		.byte	0x4
 216 0084 D9000000 		.4byte	.LASF11
 217 0088 02       		.uleb128 0x2
 218 0089 08       		.byte	0x8
 219 008a 04       		.byte	0x4
 220 008b A5010000 		.4byte	.LASF12
 221 008f 02       		.uleb128 0x2
 222 0090 01       		.byte	0x1
 223 0091 08       		.byte	0x8
 224 0092 3D020000 		.4byte	.LASF13
 225 0096 05       		.uleb128 0x5
 226 0097 F6000000 		.4byte	.LASF14
 227 009b 02       		.byte	0x2
 228 009c 4B01     		.2byte	0x14b
 229 009e A2000000 		.4byte	0xa2
 230 00a2 06       		.uleb128 0x6
 231 00a3 6B000000 		.4byte	0x6b
 232 00a7 02       		.uleb128 0x2
 233 00a8 08       		.byte	0x8
 234 00a9 04       		.byte	0x4
 235 00aa 7F020000 		.4byte	.LASF15
 236 00ae 02       		.uleb128 0x2
 237 00af 04       		.byte	0x4
 238 00b0 07       		.byte	0x7
 239 00b1 1F020000 		.4byte	.LASF16
 240 00b5 07       		.uleb128 0x7
ARM GAS  C:\Users\RABBIT~1\AppData\Local\Temp\cc7aAQJr.s 			page 17


 241 00b6 0C       		.byte	0xc
 242 00b7 03       		.byte	0x3
 243 00b8 7F       		.byte	0x7f
 244 00b9 2A010000 		.4byte	0x12a
 245 00bd 08       		.uleb128 0x8
 246 00be AC010000 		.4byte	.LASF17
 247 00c2 03       		.byte	0x3
 248 00c3 81       		.byte	0x81
 249 00c4 6B000000 		.4byte	0x6b
 250 00c8 00       		.byte	0
 251 00c9 08       		.uleb128 0x8
 252 00ca C5010000 		.4byte	.LASF18
 253 00ce 03       		.byte	0x3
 254 00cf 82       		.byte	0x82
 255 00d0 6B000000 		.4byte	0x6b
 256 00d4 01       		.byte	0x1
 257 00d5 08       		.uleb128 0x8
 258 00d6 06020000 		.4byte	.LASF19
 259 00da 03       		.byte	0x3
 260 00db 83       		.byte	0x83
 261 00dc 6B000000 		.4byte	0x6b
 262 00e0 02       		.byte	0x2
 263 00e1 08       		.uleb128 0x8
 264 00e2 DF000000 		.4byte	.LASF20
 265 00e6 03       		.byte	0x3
 266 00e7 84       		.byte	0x84
 267 00e8 6B000000 		.4byte	0x6b
 268 00ec 03       		.byte	0x3
 269 00ed 08       		.uleb128 0x8
 270 00ee 89010000 		.4byte	.LASF21
 271 00f2 03       		.byte	0x3
 272 00f3 85       		.byte	0x85
 273 00f4 6B000000 		.4byte	0x6b
 274 00f8 04       		.byte	0x4
 275 00f9 08       		.uleb128 0x8
 276 00fa 28020000 		.4byte	.LASF22
 277 00fe 03       		.byte	0x3
 278 00ff 86       		.byte	0x86
 279 0100 6B000000 		.4byte	0x6b
 280 0104 05       		.byte	0x5
 281 0105 08       		.uleb128 0x8
 282 0106 B3010000 		.4byte	.LASF23
 283 010a 03       		.byte	0x3
 284 010b 87       		.byte	0x87
 285 010c 76000000 		.4byte	0x76
 286 0110 06       		.byte	0x6
 287 0111 08       		.uleb128 0x8
 288 0112 42020000 		.4byte	.LASF24
 289 0116 03       		.byte	0x3
 290 0117 88       		.byte	0x88
 291 0118 76000000 		.4byte	0x76
 292 011c 08       		.byte	0x8
 293 011d 08       		.uleb128 0x8
 294 011e 5D020000 		.4byte	.LASF25
 295 0122 03       		.byte	0x3
 296 0123 89       		.byte	0x89
 297 0124 6B000000 		.4byte	0x6b
ARM GAS  C:\Users\RABBIT~1\AppData\Local\Temp\cc7aAQJr.s 			page 18


 298 0128 0A       		.byte	0xa
 299 0129 00       		.byte	0
 300 012a 04       		.uleb128 0x4
 301 012b B0000000 		.4byte	.LASF26
 302 012f 03       		.byte	0x3
 303 0130 8A       		.byte	0x8a
 304 0131 B5000000 		.4byte	0xb5
 305 0135 09       		.uleb128 0x9
 306 0136 10020000 		.4byte	.LASF27
 307 013a 01       		.byte	0x1
 308 013b 36       		.byte	0x36
 309 013c 00000000 		.4byte	.LFB0
 310 0140 34000000 		.4byte	.LFE0-.LFB0
 311 0144 01       		.uleb128 0x1
 312 0145 9C       		.byte	0x9c
 313 0146 09       		.uleb128 0x9
 314 0147 70020000 		.4byte	.LASF28
 315 014b 01       		.byte	0x1
 316 014c 7F       		.byte	0x7f
 317 014d 00000000 		.4byte	.LFB1
 318 0151 34000000 		.4byte	.LFE1-.LFB1
 319 0155 01       		.uleb128 0x1
 320 0156 9C       		.byte	0x9c
 321 0157 0A       		.uleb128 0xa
 322 0158 8E010000 		.4byte	.LASF29
 323 015c 01       		.byte	0x1
 324 015d 7B02     		.2byte	0x27b
 325 015f 00000000 		.4byte	.LFB2
 326 0163 02000000 		.4byte	.LFE2-.LFB2
 327 0167 01       		.uleb128 0x1
 328 0168 9C       		.byte	0x9c
 329 0169 0B       		.uleb128 0xb
 330 016a C5000000 		.4byte	.LASF33
 331 016e 01       		.byte	0x1
 332 016f 9602     		.2byte	0x296
 333 0171 00000000 		.4byte	.LFB3
 334 0175 04000000 		.4byte	.LFE3-.LFB3
 335 0179 01       		.uleb128 0x1
 336 017a 9C       		.byte	0x9c
 337 017b 89010000 		.4byte	0x189
 338 017f 0C       		.uleb128 0xc
 339 0180 04000000 		.4byte	.LVL0
 340 0184 AE010000 		.4byte	0x1ae
 341 0188 00       		.byte	0
 342 0189 0D       		.uleb128 0xd
 343 018a 99010000 		.4byte	0x199
 344 018e 99010000 		.4byte	0x199
 345 0192 0E       		.uleb128 0xe
 346 0193 AE000000 		.4byte	0xae
 347 0197 08       		.byte	0x8
 348 0198 00       		.byte	0
 349 0199 06       		.uleb128 0x6
 350 019a 2A010000 		.4byte	0x12a
 351 019e 0F       		.uleb128 0xf
 352 019f 9C010000 		.4byte	.LASF34
 353 01a3 04       		.byte	0x4
 354 01a4 3F       		.byte	0x3f
ARM GAS  C:\Users\RABBIT~1\AppData\Local\Temp\cc7aAQJr.s 			page 19


 355 01a5 A9010000 		.4byte	0x1a9
 356 01a9 06       		.uleb128 0x6
 357 01aa 89010000 		.4byte	0x189
 358 01ae 10       		.uleb128 0x10
 359 01af 00000000 		.4byte	.LASF35
 360 01b3 00000000 		.4byte	.LASF35
 361 01b7 04       		.byte	0x4
 362 01b8 58       		.byte	0x58
 363 01b9 00       		.byte	0
 364              		.section	.debug_abbrev,"",%progbits
 365              	.Ldebug_abbrev0:
 366 0000 01       		.uleb128 0x1
 367 0001 11       		.uleb128 0x11
 368 0002 01       		.byte	0x1
 369 0003 25       		.uleb128 0x25
 370 0004 0E       		.uleb128 0xe
 371 0005 13       		.uleb128 0x13
 372 0006 0B       		.uleb128 0xb
 373 0007 03       		.uleb128 0x3
 374 0008 0E       		.uleb128 0xe
 375 0009 1B       		.uleb128 0x1b
 376 000a 0E       		.uleb128 0xe
 377 000b 55       		.uleb128 0x55
 378 000c 17       		.uleb128 0x17
 379 000d 11       		.uleb128 0x11
 380 000e 01       		.uleb128 0x1
 381 000f 10       		.uleb128 0x10
 382 0010 17       		.uleb128 0x17
 383 0011 00       		.byte	0
 384 0012 00       		.byte	0
 385 0013 02       		.uleb128 0x2
 386 0014 24       		.uleb128 0x24
 387 0015 00       		.byte	0
 388 0016 0B       		.uleb128 0xb
 389 0017 0B       		.uleb128 0xb
 390 0018 3E       		.uleb128 0x3e
 391 0019 0B       		.uleb128 0xb
 392 001a 03       		.uleb128 0x3
 393 001b 0E       		.uleb128 0xe
 394 001c 00       		.byte	0
 395 001d 00       		.byte	0
 396 001e 03       		.uleb128 0x3
 397 001f 24       		.uleb128 0x24
 398 0020 00       		.byte	0
 399 0021 0B       		.uleb128 0xb
 400 0022 0B       		.uleb128 0xb
 401 0023 3E       		.uleb128 0x3e
 402 0024 0B       		.uleb128 0xb
 403 0025 03       		.uleb128 0x3
 404 0026 08       		.uleb128 0x8
 405 0027 00       		.byte	0
 406 0028 00       		.byte	0
 407 0029 04       		.uleb128 0x4
 408 002a 16       		.uleb128 0x16
 409 002b 00       		.byte	0
 410 002c 03       		.uleb128 0x3
 411 002d 0E       		.uleb128 0xe
ARM GAS  C:\Users\RABBIT~1\AppData\Local\Temp\cc7aAQJr.s 			page 20


 412 002e 3A       		.uleb128 0x3a
 413 002f 0B       		.uleb128 0xb
 414 0030 3B       		.uleb128 0x3b
 415 0031 0B       		.uleb128 0xb
 416 0032 49       		.uleb128 0x49
 417 0033 13       		.uleb128 0x13
 418 0034 00       		.byte	0
 419 0035 00       		.byte	0
 420 0036 05       		.uleb128 0x5
 421 0037 16       		.uleb128 0x16
 422 0038 00       		.byte	0
 423 0039 03       		.uleb128 0x3
 424 003a 0E       		.uleb128 0xe
 425 003b 3A       		.uleb128 0x3a
 426 003c 0B       		.uleb128 0xb
 427 003d 3B       		.uleb128 0x3b
 428 003e 05       		.uleb128 0x5
 429 003f 49       		.uleb128 0x49
 430 0040 13       		.uleb128 0x13
 431 0041 00       		.byte	0
 432 0042 00       		.byte	0
 433 0043 06       		.uleb128 0x6
 434 0044 35       		.uleb128 0x35
 435 0045 00       		.byte	0
 436 0046 49       		.uleb128 0x49
 437 0047 13       		.uleb128 0x13
 438 0048 00       		.byte	0
 439 0049 00       		.byte	0
 440 004a 07       		.uleb128 0x7
 441 004b 13       		.uleb128 0x13
 442 004c 01       		.byte	0x1
 443 004d 0B       		.uleb128 0xb
 444 004e 0B       		.uleb128 0xb
 445 004f 3A       		.uleb128 0x3a
 446 0050 0B       		.uleb128 0xb
 447 0051 3B       		.uleb128 0x3b
 448 0052 0B       		.uleb128 0xb
 449 0053 01       		.uleb128 0x1
 450 0054 13       		.uleb128 0x13
 451 0055 00       		.byte	0
 452 0056 00       		.byte	0
 453 0057 08       		.uleb128 0x8
 454 0058 0D       		.uleb128 0xd
 455 0059 00       		.byte	0
 456 005a 03       		.uleb128 0x3
 457 005b 0E       		.uleb128 0xe
 458 005c 3A       		.uleb128 0x3a
 459 005d 0B       		.uleb128 0xb
 460 005e 3B       		.uleb128 0x3b
 461 005f 0B       		.uleb128 0xb
 462 0060 49       		.uleb128 0x49
 463 0061 13       		.uleb128 0x13
 464 0062 38       		.uleb128 0x38
 465 0063 0B       		.uleb128 0xb
 466 0064 00       		.byte	0
 467 0065 00       		.byte	0
 468 0066 09       		.uleb128 0x9
ARM GAS  C:\Users\RABBIT~1\AppData\Local\Temp\cc7aAQJr.s 			page 21


 469 0067 2E       		.uleb128 0x2e
 470 0068 00       		.byte	0
 471 0069 3F       		.uleb128 0x3f
 472 006a 19       		.uleb128 0x19
 473 006b 03       		.uleb128 0x3
 474 006c 0E       		.uleb128 0xe
 475 006d 3A       		.uleb128 0x3a
 476 006e 0B       		.uleb128 0xb
 477 006f 3B       		.uleb128 0x3b
 478 0070 0B       		.uleb128 0xb
 479 0071 27       		.uleb128 0x27
 480 0072 19       		.uleb128 0x19
 481 0073 11       		.uleb128 0x11
 482 0074 01       		.uleb128 0x1
 483 0075 12       		.uleb128 0x12
 484 0076 06       		.uleb128 0x6
 485 0077 40       		.uleb128 0x40
 486 0078 18       		.uleb128 0x18
 487 0079 9742     		.uleb128 0x2117
 488 007b 19       		.uleb128 0x19
 489 007c 00       		.byte	0
 490 007d 00       		.byte	0
 491 007e 0A       		.uleb128 0xa
 492 007f 2E       		.uleb128 0x2e
 493 0080 00       		.byte	0
 494 0081 3F       		.uleb128 0x3f
 495 0082 19       		.uleb128 0x19
 496 0083 03       		.uleb128 0x3
 497 0084 0E       		.uleb128 0xe
 498 0085 3A       		.uleb128 0x3a
 499 0086 0B       		.uleb128 0xb
 500 0087 3B       		.uleb128 0x3b
 501 0088 05       		.uleb128 0x5
 502 0089 27       		.uleb128 0x27
 503 008a 19       		.uleb128 0x19
 504 008b 11       		.uleb128 0x11
 505 008c 01       		.uleb128 0x1
 506 008d 12       		.uleb128 0x12
 507 008e 06       		.uleb128 0x6
 508 008f 40       		.uleb128 0x40
 509 0090 18       		.uleb128 0x18
 510 0091 9742     		.uleb128 0x2117
 511 0093 19       		.uleb128 0x19
 512 0094 00       		.byte	0
 513 0095 00       		.byte	0
 514 0096 0B       		.uleb128 0xb
 515 0097 2E       		.uleb128 0x2e
 516 0098 01       		.byte	0x1
 517 0099 3F       		.uleb128 0x3f
 518 009a 19       		.uleb128 0x19
 519 009b 03       		.uleb128 0x3
 520 009c 0E       		.uleb128 0xe
 521 009d 3A       		.uleb128 0x3a
 522 009e 0B       		.uleb128 0xb
 523 009f 3B       		.uleb128 0x3b
 524 00a0 05       		.uleb128 0x5
 525 00a1 27       		.uleb128 0x27
ARM GAS  C:\Users\RABBIT~1\AppData\Local\Temp\cc7aAQJr.s 			page 22


 526 00a2 19       		.uleb128 0x19
 527 00a3 11       		.uleb128 0x11
 528 00a4 01       		.uleb128 0x1
 529 00a5 12       		.uleb128 0x12
 530 00a6 06       		.uleb128 0x6
 531 00a7 40       		.uleb128 0x40
 532 00a8 18       		.uleb128 0x18
 533 00a9 9742     		.uleb128 0x2117
 534 00ab 19       		.uleb128 0x19
 535 00ac 01       		.uleb128 0x1
 536 00ad 13       		.uleb128 0x13
 537 00ae 00       		.byte	0
 538 00af 00       		.byte	0
 539 00b0 0C       		.uleb128 0xc
 540 00b1 898201   		.uleb128 0x4109
 541 00b4 00       		.byte	0
 542 00b5 11       		.uleb128 0x11
 543 00b6 01       		.uleb128 0x1
 544 00b7 9542     		.uleb128 0x2115
 545 00b9 19       		.uleb128 0x19
 546 00ba 31       		.uleb128 0x31
 547 00bb 13       		.uleb128 0x13
 548 00bc 00       		.byte	0
 549 00bd 00       		.byte	0
 550 00be 0D       		.uleb128 0xd
 551 00bf 01       		.uleb128 0x1
 552 00c0 01       		.byte	0x1
 553 00c1 49       		.uleb128 0x49
 554 00c2 13       		.uleb128 0x13
 555 00c3 01       		.uleb128 0x1
 556 00c4 13       		.uleb128 0x13
 557 00c5 00       		.byte	0
 558 00c6 00       		.byte	0
 559 00c7 0E       		.uleb128 0xe
 560 00c8 21       		.uleb128 0x21
 561 00c9 00       		.byte	0
 562 00ca 49       		.uleb128 0x49
 563 00cb 13       		.uleb128 0x13
 564 00cc 2F       		.uleb128 0x2f
 565 00cd 0B       		.uleb128 0xb
 566 00ce 00       		.byte	0
 567 00cf 00       		.byte	0
 568 00d0 0F       		.uleb128 0xf
 569 00d1 34       		.uleb128 0x34
 570 00d2 00       		.byte	0
 571 00d3 03       		.uleb128 0x3
 572 00d4 0E       		.uleb128 0xe
 573 00d5 3A       		.uleb128 0x3a
 574 00d6 0B       		.uleb128 0xb
 575 00d7 3B       		.uleb128 0x3b
 576 00d8 0B       		.uleb128 0xb
 577 00d9 49       		.uleb128 0x49
 578 00da 13       		.uleb128 0x13
 579 00db 3F       		.uleb128 0x3f
 580 00dc 19       		.uleb128 0x19
 581 00dd 3C       		.uleb128 0x3c
 582 00de 19       		.uleb128 0x19
ARM GAS  C:\Users\RABBIT~1\AppData\Local\Temp\cc7aAQJr.s 			page 23


 583 00df 00       		.byte	0
 584 00e0 00       		.byte	0
 585 00e1 10       		.uleb128 0x10
 586 00e2 2E       		.uleb128 0x2e
 587 00e3 00       		.byte	0
 588 00e4 3F       		.uleb128 0x3f
 589 00e5 19       		.uleb128 0x19
 590 00e6 3C       		.uleb128 0x3c
 591 00e7 19       		.uleb128 0x19
 592 00e8 6E       		.uleb128 0x6e
 593 00e9 0E       		.uleb128 0xe
 594 00ea 03       		.uleb128 0x3
 595 00eb 0E       		.uleb128 0xe
 596 00ec 3A       		.uleb128 0x3a
 597 00ed 0B       		.uleb128 0xb
 598 00ee 3B       		.uleb128 0x3b
 599 00ef 0B       		.uleb128 0xb
 600 00f0 00       		.byte	0
 601 00f1 00       		.byte	0
 602 00f2 00       		.byte	0
 603              		.section	.debug_aranges,"",%progbits
 604 0000 34000000 		.4byte	0x34
 605 0004 0200     		.2byte	0x2
 606 0006 00000000 		.4byte	.Ldebug_info0
 607 000a 04       		.byte	0x4
 608 000b 00       		.byte	0
 609 000c 0000     		.2byte	0
 610 000e 0000     		.2byte	0
 611 0010 00000000 		.4byte	.LFB0
 612 0014 34000000 		.4byte	.LFE0-.LFB0
 613 0018 00000000 		.4byte	.LFB1
 614 001c 34000000 		.4byte	.LFE1-.LFB1
 615 0020 00000000 		.4byte	.LFB2
 616 0024 02000000 		.4byte	.LFE2-.LFB2
 617 0028 00000000 		.4byte	.LFB3
 618 002c 04000000 		.4byte	.LFE3-.LFB3
 619 0030 00000000 		.4byte	0
 620 0034 00000000 		.4byte	0
 621              		.section	.debug_ranges,"",%progbits
 622              	.Ldebug_ranges0:
 623 0000 00000000 		.4byte	.LFB0
 624 0004 34000000 		.4byte	.LFE0
 625 0008 00000000 		.4byte	.LFB1
 626 000c 34000000 		.4byte	.LFE1
 627 0010 00000000 		.4byte	.LFB2
 628 0014 02000000 		.4byte	.LFE2
 629 0018 00000000 		.4byte	.LFB3
 630 001c 04000000 		.4byte	.LFE3
 631 0020 00000000 		.4byte	0
 632 0024 00000000 		.4byte	0
 633              		.section	.debug_line,"",%progbits
 634              	.Ldebug_line0:
 635 0000 B8000000 		.section	.debug_str,"MS",%progbits,1
 635      02006200 
 635      00000201 
 635      FB0E0D00 
 635      01010101 
ARM GAS  C:\Users\RABBIT~1\AppData\Local\Temp\cc7aAQJr.s 			page 24


 636              	.LASF35:
 637 0000 55534246 		.ascii	"USBFS_ReInitComponent\000"
 637      535F5265 
 637      496E6974 
 637      436F6D70 
 637      6F6E656E 
 638              	.LASF3:
 639 0016 73686F72 		.ascii	"short unsigned int\000"
 639      7420756E 
 639      7369676E 
 639      65642069 
 639      6E7400
 640              	.LASF32:
 641 0029 433A5C55 		.ascii	"C:\\Users\\Rabbit Hole Shipping\\Google Drive\\SCSI"
 641      73657273 
 641      5C526162 
 641      62697420 
 641      486F6C65 
 642 0058 3253445C 		.ascii	"2SD\\software\\SCSI2SD\\v5.2-eth\\USB_Bootloader.cy"
 642      736F6674 
 642      77617265 
 642      5C534353 
 642      49325344 
 643 0087 64736E00 		.ascii	"dsn\000"
 644              	.LASF31:
 645 008b 47656E65 		.ascii	"Generated_Source\\PSoC5\\USBFS_episr.c\000"
 645      72617465 
 645      645F536F 
 645      75726365 
 645      5C50536F 
 646              	.LASF26:
 647 00b0 545F5553 		.ascii	"T_USBFS_EP_CTL_BLOCK\000"
 647      4246535F 
 647      45505F43 
 647      544C5F42 
 647      4C4F434B 
 648              	.LASF33:
 649 00c5 55534246 		.ascii	"USBFS_BUS_RESET_ISR\000"
 649      535F4255 
 649      535F5245 
 649      5345545F 
 649      49535200 
 650              	.LASF11:
 651 00d9 666C6F61 		.ascii	"float\000"
 651      7400
 652              	.LASF20:
 653 00df 6570546F 		.ascii	"epToggle\000"
 653      67676C65 
 653      00
 654              	.LASF1:
 655 00e8 756E7369 		.ascii	"unsigned char\000"
 655      676E6564 
 655      20636861 
 655      7200
 656              	.LASF14:
 657 00f6 72656738 		.ascii	"reg8\000"
 657      00
ARM GAS  C:\Users\RABBIT~1\AppData\Local\Temp\cc7aAQJr.s 			page 25


 658              	.LASF30:
 659 00fb 474E5520 		.ascii	"GNU C11 5.4.1 20160609 (release) [ARM/embedded-5-br"
 659      43313120 
 659      352E342E 
 659      31203230 
 659      31363036 
 660 012e 616E6368 		.ascii	"anch revision 237715] -mcpu=cortex-m3 -mthumb -g -O"
 660      20726576 
 660      6973696F 
 660      6E203233 
 660      37373135 
 661 0161 73202D66 		.ascii	"s -ffunction-sections -ffat-lto-objects\000"
 661      66756E63 
 661      74696F6E 
 661      2D736563 
 661      74696F6E 
 662              	.LASF21:
 663 0189 61646472 		.ascii	"addr\000"
 663      00
 664              	.LASF29:
 665 018e 55534246 		.ascii	"USBFS_SOF_ISR\000"
 665      535F534F 
 665      465F4953 
 665      5200
 666              	.LASF34:
 667 019c 55534246 		.ascii	"USBFS_EP\000"
 667      535F4550 
 667      00
 668              	.LASF12:
 669 01a5 646F7562 		.ascii	"double\000"
 669      6C6500
 670              	.LASF17:
 671 01ac 61747472 		.ascii	"attrib\000"
 671      696200
 672              	.LASF23:
 673 01b3 62756666 		.ascii	"buffOffset\000"
 673      4F666673 
 673      657400
 674              	.LASF10:
 675 01be 75696E74 		.ascii	"uint16\000"
 675      313600
 676              	.LASF18:
 677 01c5 61706945 		.ascii	"apiEpState\000"
 677      70537461 
 677      746500
 678              	.LASF5:
 679 01d0 6C6F6E67 		.ascii	"long unsigned int\000"
 679      20756E73 
 679      69676E65 
 679      6420696E 
 679      7400
 680              	.LASF8:
 681 01e2 756E7369 		.ascii	"unsigned int\000"
 681      676E6564 
 681      20696E74 
 681      00
 682              	.LASF7:
ARM GAS  C:\Users\RABBIT~1\AppData\Local\Temp\cc7aAQJr.s 			page 26


 683 01ef 6C6F6E67 		.ascii	"long long unsigned int\000"
 683      206C6F6E 
 683      6720756E 
 683      7369676E 
 683      65642069 
 684              	.LASF19:
 685 0206 68774570 		.ascii	"hwEpState\000"
 685      53746174 
 685      6500
 686              	.LASF27:
 687 0210 55534246 		.ascii	"USBFS_EP_1_ISR\000"
 687      535F4550 
 687      5F315F49 
 687      535200
 688              	.LASF16:
 689 021f 73697A65 		.ascii	"sizetype\000"
 689      74797065 
 689      00
 690              	.LASF22:
 691 0228 65704D6F 		.ascii	"epMode\000"
 691      646500
 692              	.LASF6:
 693 022f 6C6F6E67 		.ascii	"long long int\000"
 693      206C6F6E 
 693      6720696E 
 693      7400
 694              	.LASF13:
 695 023d 63686172 		.ascii	"char\000"
 695      00
 696              	.LASF24:
 697 0242 62756666 		.ascii	"bufferSize\000"
 697      65725369 
 697      7A6500
 698              	.LASF2:
 699 024d 73686F72 		.ascii	"short int\000"
 699      7420696E 
 699      7400
 700              	.LASF9:
 701 0257 75696E74 		.ascii	"uint8\000"
 701      3800
 702              	.LASF25:
 703 025d 696E7465 		.ascii	"interface\000"
 703      72666163 
 703      6500
 704              	.LASF4:
 705 0267 6C6F6E67 		.ascii	"long int\000"
 705      20696E74 
 705      00
 706              	.LASF28:
 707 0270 55534246 		.ascii	"USBFS_EP_2_ISR\000"
 707      535F4550 
 707      5F325F49 
 707      535200
 708              	.LASF15:
 709 027f 6C6F6E67 		.ascii	"long double\000"
 709      20646F75 
 709      626C6500 
ARM GAS  C:\Users\RABBIT~1\AppData\Local\Temp\cc7aAQJr.s 			page 27


 710              	.LASF0:
 711 028b 7369676E 		.ascii	"signed char\000"
 711      65642063 
 711      68617200 
 712              		.ident	"GCC: (GNU Tools for ARM Embedded Processors) 5.4.1 20160609 (release) [ARM/embedded-5-bran
